2021-12-31_00:00:03: Ports detected: ['COM6']
2021-12-31_00:00:03: Checking port COM6
2021-12-31_00:00:03: Port configured to COM6
2021-12-31_00:00:05: Sent $PING:0
2021-12-31_00:00:06: Read b'PONG:0\r\n'
2021-12-31_00:00:06: Port configured to COM6
2021-12-31_00:01:29: Ports detected: ['COM6']
2021-12-31_00:01:29: Checking port COM6
2021-12-31_00:01:29: Port configured to COM6
2021-12-31_00:01:31: Sent $PING:0
2021-12-31_00:01:32: Read b'PONG:0\r\n'
2021-12-31_00:01:32: Port configured to COM6
2021-12-31_00:02:31: Ports detected: ['COM6']
2021-12-31_00:02:31: Checking port COM6
2021-12-31_00:02:31: Port configured to COM6
2021-12-31_00:02:33: Sent $PING:0
2021-12-31_00:02:34: Read b'PONG:0\r\n'
2021-12-31_00:02:34: Port configured to COM6
2021-12-31_00:03:08: Ports detected: ['COM6']
2021-12-31_00:03:08: Checking port COM6
2021-12-31_00:03:08: Port configured to COM6
2021-12-31_00:03:10: Sent $PING:0
2021-12-31_00:03:11: Read b'PONG:0\r\n'
2021-12-31_00:03:11: Port configured to COM6
2021-12-31_00:03:35: Ports detected: ['COM6']
2021-12-31_00:03:35: Checking port COM6
2021-12-31_00:03:35: Port configured to COM6
2021-12-31_00:03:37: Sent $PING:0
2021-12-31_00:03:38: Read b'PONG:0\r\n'
2021-12-31_00:03:38: Port configured to COM6
2021-12-31_00:04:53: Ports detected: ['COM6']
2021-12-31_00:04:53: Checking port COM6
2021-12-31_00:04:53: Port configured to COM6
2021-12-31_00:04:55: Sent $PING:0
2021-12-31_00:04:56: Read b'PONG:0\r\n'
2021-12-31_00:04:56: Port configured to COM6
2021-12-31_00:05:33: Ports detected: ['COM6']
2021-12-31_00:05:33: Checking port COM6
2021-12-31_00:05:33: Port configured to COM6
2021-12-31_00:05:35: Sent $PING:0
2021-12-31_00:05:36: Read b'PONG:0\r\n'
2021-12-31_00:05:36: Port configured to COM6
2021-12-31_00:07:29: Ports detected: ['COM6']
2021-12-31_00:07:29: Checking port COM6
2021-12-31_00:07:29: Port configured to COM6
2021-12-31_00:07:31: Sent $PING:0
2021-12-31_00:07:33: Read b'PONG:0\r\n'
2021-12-31_00:07:33: Port configured to COM6
2021-12-31_00:08:32: Ports detected: ['COM6']
2021-12-31_00:08:32: Checking port COM6
2021-12-31_00:08:32: Port configured to COM6
2021-12-31_00:08:34: Sent $PING:0
2021-12-31_00:08:35: Read b'PONG:0\r\n'
2021-12-31_00:08:35: Port configured to COM6
2021-12-31_00:09:09: Ports detected: ['COM6']
2021-12-31_00:09:09: Checking port COM6
2021-12-31_00:09:09: Port configured to COM6
2021-12-31_00:09:11: Sent $PING:0
2021-12-31_00:09:12: Read b'PONG:0\r\n'
2021-12-31_00:09:12: Port configured to COM6
2021-12-31_00:09:22: Ports detected: ['COM6']
2021-12-31_00:09:22: Checking port COM6
2021-12-31_00:09:22: Port configured to COM6
2021-12-31_00:09:24: Sent $PING:0
2021-12-31_00:09:25: Read b'PONG:0\r\n'
2021-12-31_00:09:25: Port configured to COM6
2021-12-31_00:11:50: Ports detected: ['COM6']
2021-12-31_00:11:50: Checking port COM6
2021-12-31_00:11:50: Port configured to COM6
2021-12-31_00:11:52: Sent $PING:0
2021-12-31_00:11:53: Read b'PONG:0\r\n'
2021-12-31_00:11:53: Port configured to COM6
2021-12-31_00:13:26: Ports detected: ['COM6']
2021-12-31_00:13:26: Checking port COM6
2021-12-31_00:13:26: Port configured to COM6
2021-12-31_00:13:28: Sent $PING:0
2021-12-31_00:13:29: Read b'PONG:0\r\n'
2021-12-31_00:13:29: Port configured to COM6
2021-12-31_00:14:17: Ports detected: ['COM6']
2021-12-31_00:14:17: Checking port COM6
2021-12-31_00:14:17: Port configured to COM6
2021-12-31_00:14:19: Sent $PING:0
2021-12-31_00:14:20: Read b'PONG:0\r\n'
2021-12-31_00:14:20: Port configured to COM6
2021-12-31_00:15:53: Ports detected: ['COM6']
2021-12-31_00:15:53: Checking port COM6
2021-12-31_00:15:53: Port configured to COM6
2021-12-31_00:15:55: Sent $PING:0
2021-12-31_00:15:56: Read b'PONG:0\r\n'
2021-12-31_00:15:56: Port configured to COM6
2021-12-31_00:23:58: Ports detected: ['COM6']
2021-12-31_00:23:58: Checking port COM6
2021-12-31_00:23:58: Port configured to COM6
2021-12-31_00:24:00: Sent $PING:0
2021-12-31_00:24:01: Read b'PONG:0\r\n'
2021-12-31_00:24:01: Port configured to COM6
2021-12-31_00:24:22: Ports detected: ['COM6']
2021-12-31_00:24:22: Checking port COM6
2021-12-31_00:24:22: Port configured to COM6
2021-12-31_00:24:24: Sent $PING:0
2021-12-31_00:24:25: Read b'PONG:0\r\n'
2021-12-31_00:24:25: Port configured to COM6
2021-12-31_00:24:41: Ports detected: ['COM6']
2021-12-31_00:24:41: Checking port COM6
2021-12-31_00:24:41: Port configured to COM6
2021-12-31_00:24:43: Sent $PING:0
2021-12-31_00:24:44: Read b'PONG:0\r\n'
2021-12-31_00:24:44: Port configured to COM6
2021-12-31_00:24:57: Ports detected: ['COM6']
2021-12-31_00:24:57: Checking port COM6
2021-12-31_00:24:57: Port configured to COM6
2021-12-31_00:24:59: Sent $PING:0
2021-12-31_00:25:00: Read b'PONG:0\r\n'
2021-12-31_00:25:00: Port configured to COM6
2021-12-31_00:25:07: Port configured to COM6
2021-12-31_00:25:07: Sent $SET_ONE:1,,;
2021-12-31_00:25:12: Read b''
2021-12-31_00:27:01: Ports detected: ['COM6']
2021-12-31_00:27:01: Checking port COM6
2021-12-31_00:27:01: Port configured to COM6
2021-12-31_00:27:03: Sent $PING:0
2021-12-31_00:27:04: Read b'PONG:0\r\n'
2021-12-31_00:27:04: Port configured to COM6
2021-12-31_00:28:43: Ports detected: ['COM6']
2021-12-31_00:28:43: Checking port COM6
2021-12-31_00:28:43: Port configured to COM6
2021-12-31_00:28:45: Sent $PING:0
2021-12-31_00:28:46: Read b'PONG:0\r\n'
2021-12-31_00:28:46: Port configured to COM6
2021-12-31_00:30:41: Ports detected: ['COM6']
2021-12-31_00:30:41: Checking port COM6
2021-12-31_00:30:41: Port configured to COM6
2021-12-31_00:30:43: Sent $PING:0
2021-12-31_00:30:44: Read b'PONG:0\r\n'
2021-12-31_00:30:44: Port configured to COM6
2021-12-31_00:31:22: Ports detected: ['COM6']
2021-12-31_00:31:22: Checking port COM6
2021-12-31_00:31:22: Port configured to COM6
2021-12-31_00:31:24: Sent $PING:0
2021-12-31_00:31:25: Read b'PONG:0\r\n'
2021-12-31_00:31:25: Port configured to COM6
2021-12-31_00:32:34: Ports detected: ['COM6']
2021-12-31_00:32:34: Checking port COM6
2021-12-31_00:32:34: Port configured to COM6
2021-12-31_00:32:36: Sent $PING:0
2021-12-31_00:32:37: Read b'PONG:0\r\n'
2021-12-31_00:32:37: Port configured to COM6
2021-12-31_00:34:25: Ports detected: ['COM6']
2021-12-31_00:34:25: Checking port COM6
2021-12-31_00:34:25: Port configured to COM6
2021-12-31_00:34:27: Sent $PING:0
2021-12-31_00:34:28: Read b'PONG:0\r\n'
2021-12-31_00:34:28: Port configured to COM6
2021-12-31_00:35:34: Ports detected: ['COM6']
2021-12-31_00:35:34: Checking port COM6
2021-12-31_00:35:34: Port configured to COM6
2021-12-31_00:35:36: Sent $PING:0
2021-12-31_00:35:37: Read b'PONG:0\r\n'
2021-12-31_00:35:37: Port configured to COM6
2021-12-31_00:35:52: Ports detected: ['COM6']
2021-12-31_00:35:52: Checking port COM6
2021-12-31_00:35:52: Port configured to COM6
2021-12-31_00:35:54: Sent $PING:0
2021-12-31_00:35:55: Read b'PONG:0\r\n'
2021-12-31_00:35:55: Port configured to COM6
2021-12-31_00:47:28: Ports detected: ['COM6']
2021-12-31_00:47:28: Checking port COM6
2021-12-31_00:47:28: Port configured to COM6
2021-12-31_00:47:30: Sent $PING:0
2021-12-31_00:47:31: Read b'PONG:0\r\n'
2021-12-31_00:47:31: Port configured to COM6
2021-12-31_00:52:14: Ports detected: ['COM6']
2021-12-31_00:52:14: Checking port COM6
2021-12-31_00:52:14: Port configured to COM6
2021-12-31_00:52:16: Sent $PING:0
2021-12-31_00:52:17: Read b'PONG:0\r\n'
2021-12-31_00:52:17: Port configured to COM6
2021-12-31_00:52:37: Ports detected: ['COM6']
2021-12-31_00:52:37: Checking port COM6
2021-12-31_00:52:37: Port configured to COM6
2021-12-31_00:52:39: Sent $PING:0
2021-12-31_00:52:40: Read b'PONG:0\r\n'
2021-12-31_00:52:40: Port configured to COM6
2021-12-31_00:54:03: Ports detected: ['COM6']
2021-12-31_00:54:03: Checking port COM6
2021-12-31_00:54:03: Port configured to COM6
2021-12-31_00:54:05: Sent $PING:0
2021-12-31_00:54:06: Read b'PONG:0\r\n'
2021-12-31_00:54:06: Port configured to COM6
2021-12-31_00:54:56: Ports detected: ['COM6']
2021-12-31_00:54:56: Checking port COM6
2021-12-31_00:54:56: Port configured to COM6
2021-12-31_00:54:58: Sent $PING:0
2021-12-31_00:54:59: Read b'PONG:0\r\n'
2021-12-31_00:54:59: Port configured to COM6
2021-12-31_00:55:24: Ports detected: ['COM6']
2021-12-31_00:55:24: Checking port COM6
2021-12-31_00:55:24: Port configured to COM6
2021-12-31_00:55:26: Sent $PING:0
2021-12-31_00:55:27: Read b'PONG:0\r\n'
2021-12-31_00:55:27: Port configured to COM6
2021-12-31_00:55:36: Ports detected: ['COM6']
2021-12-31_00:55:36: Checking port COM6
2021-12-31_00:55:36: Port configured to COM6
2021-12-31_00:55:38: Sent $PING:0
2021-12-31_00:55:39: Read b'PONG:0\r\n'
2021-12-31_00:55:39: Port configured to COM6
2021-12-31_00:56:29: Ports detected: ['COM6']
2021-12-31_00:56:29: Checking port COM6
2021-12-31_00:56:29: Port configured to COM6
2021-12-31_00:56:31: Sent $PING:0
2021-12-31_00:56:32: Read b'PONG:0\r\n'
2021-12-31_00:56:32: Port configured to COM6
2021-12-31_00:58:26: Ports detected: ['COM6']
2021-12-31_00:58:26: Checking port COM6
2021-12-31_00:58:26: Port configured to COM6
2021-12-31_00:58:28: Sent $PING:0
2021-12-31_00:58:29: Read b'PONG:0\r\n'
2021-12-31_00:58:29: Port configured to COM6
2021-12-31_00:59:00: Ports detected: ['COM6']
2021-12-31_00:59:00: Checking port COM6
2021-12-31_00:59:00: Port configured to COM6
2021-12-31_00:59:02: Sent $PING:0
2021-12-31_00:59:03: Read b'PONG:0\r\n'
2021-12-31_00:59:03: Port configured to COM6
2021-12-31_00:59:36: Ports detected: ['COM6']
2021-12-31_00:59:36: Checking port COM6
2021-12-31_00:59:36: Port configured to COM6
2021-12-31_00:59:38: Sent $PING:0
2021-12-31_00:59:39: Read b'PONG:0\r\n'
2021-12-31_00:59:39: Port configured to COM6
2021-12-31_00:59:50: Ports detected: ['COM6']
2021-12-31_00:59:50: Checking port COM6
2021-12-31_00:59:50: Port configured to COM6
2021-12-31_00:59:52: Sent $PING:0
2021-12-31_00:59:53: Read b'PONG:0\r\n'
2021-12-31_00:59:53: Port configured to COM6
2021-12-31_01:00:44: Ports detected: ['COM6']
2021-12-31_01:00:44: Checking port COM6
2021-12-31_01:00:44: Port configured to COM6
2021-12-31_01:00:46: Sent $PING:0
2021-12-31_01:00:47: Read b'PONG:0\r\n'
2021-12-31_01:00:47: Port configured to COM6
2021-12-31_01:02:34: Ports detected: ['COM6']
2021-12-31_01:02:34: Checking port COM6
2021-12-31_01:02:34: Port configured to COM6
2021-12-31_01:02:36: Sent $PING:0
2021-12-31_01:02:38: Read b'PONG:0\r\n'
2021-12-31_01:02:38: Port configured to COM6
