2022-01-07_11:14:44: Ports detected: []
2022-01-07_11:15:09: Ports detected: []
2022-01-07_11:16:00: Ports detected: []
2022-01-07_11:16:16: Ports detected: []
2022-01-07_11:16:30: Ports detected: []
2022-01-07_11:17:21: Ports detected: []
2022-01-07_11:18:15: Ports detected: []
2022-01-07_11:18:57: Ports detected: []
2022-01-07_11:19:38: Ports detected: []
2022-01-07_11:20:13: Ports detected: ['COM6']
2022-01-07_11:20:13: Checking port COM6
2022-01-07_11:20:13: Port configured to COM6
2022-01-07_11:20:15: Sent $PING:0
2022-01-07_11:20:16: Read b'PONG:0\r\n'
2022-01-07_11:20:16: Port configured to COM6
2022-01-07_11:26:22: Ports detected: ['COM6']
2022-01-07_11:26:22: Checking port COM6
2022-01-07_11:26:22: Port configured to COM6
2022-01-07_11:26:24: Sent $PING:0
2022-01-07_11:26:25: Read b'PONG:0\r\n'
2022-01-07_11:26:25: Port configured to COM6
2022-01-07_11:27:02: Ports detected: ['COM6']
2022-01-07_11:27:02: Checking port COM6
2022-01-07_11:27:02: Port configured to COM6
2022-01-07_11:27:04: Sent $PING:0
2022-01-07_11:27:05: Read b'PONG:0\r\n'
2022-01-07_11:27:05: Port configured to COM6
2022-01-07_11:30:36: Ports detected: ['COM6']
2022-01-07_11:30:36: Checking port COM6
2022-01-07_11:30:36: Port configured to COM6
2022-01-07_11:30:38: Sent $PING:0
2022-01-07_11:30:39: Read b'PONG:0\r\n'
2022-01-07_11:30:39: Port configured to COM6
2022-01-07_11:35:03: Ports detected: ['COM6']
2022-01-07_11:35:03: Checking port COM6
2022-01-07_11:35:03: Port configured to COM6
2022-01-07_11:35:05: Sent $PING:0
2022-01-07_11:35:06: Read b'PONG:0\r\n'
2022-01-07_11:35:06: Port configured to COM6
2022-01-07_11:35:43: Ports detected: ['COM6']
2022-01-07_11:35:43: Checking port COM6
2022-01-07_11:35:43: Port configured to COM6
2022-01-07_11:35:45: Sent $PING:0
2022-01-07_11:35:46: Read b'PONG:0\r\n'
2022-01-07_11:35:46: Port configured to COM6
2022-01-07_11:38:23: Ports detected: ['COM6']
2022-01-07_11:38:23: Checking port COM6
2022-01-07_11:38:23: Port configured to COM6
2022-01-07_11:38:25: Sent $PING:0
2022-01-07_11:38:26: Read b'PONG:0\r\n'
2022-01-07_11:38:26: Port configured to COM6
2022-01-07_11:39:35: Ports detected: ['COM6']
2022-01-07_11:39:35: Checking port COM6
2022-01-07_11:39:35: Port configured to COM6
2022-01-07_11:39:37: Sent $PING:0
2022-01-07_11:39:38: Read b'PONG:0\r\n'
2022-01-07_11:39:38: Port configured to COM6
2022-01-07_11:42:22: Ports detected: ['COM6']
2022-01-07_11:42:22: Checking port COM6
2022-01-07_11:42:22: Port configured to COM6
2022-01-07_11:42:24: Sent $PING:0
2022-01-07_11:42:25: Read b'PONG:0\r\n'
2022-01-07_11:42:25: Port configured to COM6
2022-01-07_11:42:50: Ports detected: ['COM6']
2022-01-07_11:42:50: Checking port COM6
2022-01-07_11:42:50: Port configured to COM6
2022-01-07_11:42:52: Sent $PING:0
2022-01-07_11:42:53: Read b'PONG:0\r\n'
2022-01-07_11:42:53: Port configured to COM6
2022-01-07_11:43:25: Ports detected: ['COM6']
2022-01-07_11:43:25: Checking port COM6
2022-01-07_11:43:25: Port configured to COM6
2022-01-07_11:43:27: Sent $PING:0
2022-01-07_11:43:28: Read b'PONG:0\r\n'
2022-01-07_11:43:28: Port configured to COM6
2022-01-07_11:44:28: Ports detected: ['COM6']
2022-01-07_11:44:28: Checking port COM6
2022-01-07_11:44:28: Port configured to COM6
2022-01-07_11:44:30: Sent $PING:0
2022-01-07_11:44:31: Read b'PONG:0\r\n'
2022-01-07_11:44:31: Port configured to COM6
2022-01-07_11:44:45: Ports detected: ['COM6']
2022-01-07_11:44:45: Checking port COM6
2022-01-07_11:44:45: Port configured to COM6
2022-01-07_11:44:47: Sent $PING:0
2022-01-07_11:44:48: Read b'PONG:0\r\n'
2022-01-07_11:44:48: Port configured to COM6
2022-01-07_11:45:52: Ports detected: ['COM6']
2022-01-07_11:45:52: Checking port COM6
2022-01-07_11:45:52: Port configured to COM6
2022-01-07_11:45:54: Sent $PING:0
2022-01-07_11:45:55: Read b'PONG:0\r\n'
2022-01-07_11:45:55: Port configured to COM6
2022-01-07_11:46:39: Ports detected: ['COM6']
2022-01-07_11:46:39: Checking port COM6
2022-01-07_11:46:39: Port configured to COM6
2022-01-07_11:46:41: Sent $PING:0
2022-01-07_11:46:42: Read b'PONG:0\r\n'
2022-01-07_11:46:42: Port configured to COM6
2022-01-07_11:47:16: Ports detected: ['COM6']
2022-01-07_11:47:16: Checking port COM6
2022-01-07_11:47:16: Port configured to COM6
2022-01-07_11:47:18: Sent $PING:0
2022-01-07_11:47:19: Read b'PONG:0\r\n'
2022-01-07_11:47:19: Port configured to COM6
2022-01-07_11:48:41: Ports detected: ['COM6']
2022-01-07_11:48:41: Checking port COM6
2022-01-07_11:48:41: Port configured to COM6
2022-01-07_11:48:43: Sent $PING:0
2022-01-07_11:48:44: Read b'PONG:0\r\n'
2022-01-07_11:48:44: Port configured to COM6
2022-01-07_11:49:28: Ports detected: ['COM6']
2022-01-07_11:49:28: Checking port COM6
2022-01-07_11:49:28: Port configured to COM6
2022-01-07_11:49:30: Sent $PING:0
2022-01-07_11:49:31: Read b'PONG:0\r\n'
2022-01-07_11:49:31: Port configured to COM6
2022-01-07_11:49:52: Ports detected: ['COM6']
2022-01-07_11:49:52: Checking port COM6
2022-01-07_11:49:52: Port configured to COM6
2022-01-07_11:49:54: Sent $PING:0
2022-01-07_11:49:55: Read b'PONG:0\r\n'
2022-01-07_11:49:55: Port configured to COM6
2022-01-07_11:50:49: Ports detected: ['COM6']
2022-01-07_11:50:49: Checking port COM6
2022-01-07_11:50:49: Port configured to COM6
2022-01-07_11:50:51: Sent $PING:0
2022-01-07_11:50:52: Read b'PONG:0\r\n'
2022-01-07_11:50:52: Port configured to COM6
2022-01-07_11:51:53: Ports detected: ['COM6']
2022-01-07_11:51:53: Checking port COM6
2022-01-07_11:51:53: Port configured to COM6
2022-01-07_11:51:55: Sent $PING:0
2022-01-07_11:51:56: Read b'PONG:0\r\n'
2022-01-07_11:51:56: Port configured to COM6
2022-01-07_11:52:50: Ports detected: ['COM6']
2022-01-07_11:52:50: Checking port COM6
2022-01-07_11:52:50: Port configured to COM6
2022-01-07_11:52:52: Sent $PING:0
2022-01-07_11:52:53: Read b'PONG:0\r\n'
2022-01-07_11:52:53: Port configured to COM6
2022-01-07_11:53:18: Ports detected: ['COM6']
2022-01-07_11:53:18: Checking port COM6
2022-01-07_11:53:18: Port configured to COM6
2022-01-07_11:53:20: Sent $PING:0
2022-01-07_11:53:21: Read b'PONG:0\r\n'
2022-01-07_11:53:21: Port configured to COM6
2022-01-07_11:53:28: Ports detected: ['COM6']
2022-01-07_11:53:28: Checking port COM6
2022-01-07_11:53:28: Port configured to COM6
2022-01-07_11:53:30: Sent $PING:0
2022-01-07_11:53:31: Read b'PONG:0\r\n'
2022-01-07_11:53:31: Port configured to COM6
2022-01-07_11:53:56: Ports detected: ['COM6']
2022-01-07_11:53:56: Checking port COM6
2022-01-07_11:53:56: Port configured to COM6
2022-01-07_11:53:58: Sent $PING:0
2022-01-07_11:53:59: Read b'PONG:0\r\n'
2022-01-07_11:53:59: Port configured to COM6
2022-01-07_11:54:17: Ports detected: ['COM6']
2022-01-07_11:54:17: Checking port COM6
2022-01-07_11:54:17: Port configured to COM6
2022-01-07_11:54:19: Sent $PING:0
2022-01-07_11:54:20: Read b'PONG:0\r\n'
2022-01-07_11:54:20: Port configured to COM6
2022-01-07_11:57:14: Ports detected: ['COM6']
2022-01-07_11:57:14: Checking port COM6
2022-01-07_11:57:14: Port configured to COM6
2022-01-07_11:57:16: Sent $PING:0
2022-01-07_11:57:17: Read b'PONG:0\r\n'
2022-01-07_11:57:17: Port configured to COM6
2022-01-07_12:01:12: Ports detected: ['COM6']
2022-01-07_12:01:12: Checking port COM6
2022-01-07_12:01:12: Port configured to COM6
2022-01-07_12:01:14: Sent $PING:0
2022-01-07_12:01:15: Read b'PONG:0\r\n'
2022-01-07_12:01:15: Port configured to COM6
2022-01-07_12:02:19: Ports detected: ['COM6']
2022-01-07_12:02:19: Checking port COM6
2022-01-07_12:02:19: Port configured to COM6
2022-01-07_12:02:21: Sent $PING:0
2022-01-07_12:02:22: Read b'PONG:0\r\n'
2022-01-07_12:02:22: Port configured to COM6
2022-01-07_12:04:22: Ports detected: ['COM6']
2022-01-07_12:04:22: Checking port COM6
2022-01-07_12:04:22: Port configured to COM6
2022-01-07_12:04:24: Sent $PING:0
2022-01-07_12:04:25: Read b'PONG:0\r\n'
2022-01-07_12:04:25: Port configured to COM6
2022-01-07_12:04:36: Ports detected: ['COM6']
2022-01-07_12:04:36: Checking port COM6
2022-01-07_12:04:36: Port configured to COM6
2022-01-07_12:04:38: Sent $PING:0
2022-01-07_12:04:39: Read b'PONG:0\r\n'
2022-01-07_12:04:39: Port configured to COM6
2022-01-07_12:08:24: Ports detected: ['COM6']
2022-01-07_12:08:24: Checking port COM6
2022-01-07_12:08:24: Port configured to COM6
2022-01-07_12:08:26: Sent $PING:0
2022-01-07_12:08:27: Read b'PONG:0\r\n'
2022-01-07_12:08:27: Port configured to COM6
2022-01-07_12:10:00: Ports detected: ['COM6']
2022-01-07_12:10:00: Checking port COM6
2022-01-07_12:10:00: Port configured to COM6
2022-01-07_12:10:02: Sent $PING:0
2022-01-07_12:10:03: Read b'PONG:0\r\n'
2022-01-07_12:10:03: Port configured to COM6
2022-01-07_12:11:52: Ports detected: ['COM6']
2022-01-07_12:11:52: Checking port COM6
2022-01-07_12:11:52: Port configured to COM6
2022-01-07_12:11:54: Sent $PING:0
2022-01-07_12:11:55: Read b'PONG:0\r\n'
2022-01-07_12:11:55: Port configured to COM6
2022-01-07_12:12:23: Ports detected: ['COM6']
2022-01-07_12:12:23: Checking port COM6
2022-01-07_12:12:23: Port configured to COM6
2022-01-07_12:12:25: Sent $PING:0
2022-01-07_12:12:26: Read b'PONG:0\r\n'
2022-01-07_12:12:26: Port configured to COM6
2022-01-07_12:13:27: Ports detected: ['COM6']
2022-01-07_12:13:27: Checking port COM6
2022-01-07_12:13:27: Port configured to COM6
2022-01-07_12:13:29: Sent $PING:0
2022-01-07_12:13:30: Read b'PONG:0\r\n'
2022-01-07_12:13:30: Port configured to COM6
2022-01-07_12:14:25: Ports detected: ['COM6']
2022-01-07_12:14:25: Checking port COM6
2022-01-07_12:14:25: Port configured to COM6
2022-01-07_12:14:27: Sent $PING:0
2022-01-07_12:14:28: Read b'PONG:0\r\n'
2022-01-07_12:14:28: Port configured to COM6
2022-01-07_12:15:00: Ports detected: ['COM6']
2022-01-07_12:15:00: Checking port COM6
2022-01-07_12:15:00: Port configured to COM6
2022-01-07_12:15:02: Sent $PING:0
2022-01-07_12:15:03: Read b'PONG:0\r\n'
2022-01-07_12:15:03: Port configured to COM6
2022-01-07_12:16:23: Ports detected: ['COM6']
2022-01-07_12:16:23: Checking port COM6
2022-01-07_12:16:23: Port configured to COM6
2022-01-07_12:16:25: Sent $PING:0
2022-01-07_12:16:26: Read b'PONG:0\r\n'
2022-01-07_12:16:26: Port configured to COM6
2022-01-07_12:23:54: Ports detected: ['COM6']
2022-01-07_12:23:54: Checking port COM6
2022-01-07_12:23:54: Port configured to COM6
2022-01-07_12:23:56: Sent $PING:0
2022-01-07_12:23:57: Read b'PONG:0\r\n'
2022-01-07_12:23:57: Port configured to COM6
2022-01-07_12:24:23: Ports detected: ['COM6']
2022-01-07_12:24:23: Checking port COM6
2022-01-07_12:24:23: Port configured to COM6
2022-01-07_12:24:25: Sent $PING:0
2022-01-07_12:24:26: Read b'PONG:0\r\n'
2022-01-07_12:24:26: Port configured to COM6
2022-01-07_12:26:34: Ports detected: ['COM6']
2022-01-07_12:26:34: Checking port COM6
2022-01-07_12:26:34: Port configured to COM6
2022-01-07_12:27:16: Ports detected: ['COM6']
2022-01-07_12:27:16: Checking port COM6
2022-01-07_12:27:16: Port configured to COM6
2022-01-07_12:27:18: Sent $PING:0
2022-01-07_12:27:19: Read b'PONG:0\r\n'
2022-01-07_12:27:19: Port configured to COM6
2022-01-07_12:28:47: Ports detected: ['COM6']
2022-01-07_12:28:47: Checking port COM6
2022-01-07_12:28:47: Port configured to COM6
2022-01-07_12:28:49: Sent $PING:0
2022-01-07_12:28:50: Read b'PONG:0\r\n'
2022-01-07_12:28:50: Port configured to COM6
2022-01-07_12:33:09: Ports detected: ['COM6']
2022-01-07_12:33:09: Checking port COM6
2022-01-07_12:33:09: Port configured to COM6
2022-01-07_12:33:11: Sent $PING:0
2022-01-07_12:33:12: Read b'PONG:0\r\n'
2022-01-07_12:33:12: Port configured to COM6
2022-01-07_12:35:31: Ports detected: ['COM6']
2022-01-07_12:35:31: Checking port COM6
2022-01-07_12:35:31: Port configured to COM6
2022-01-07_12:35:33: Sent $PING:0
2022-01-07_12:35:34: Read b'PONG:0\r\n'
2022-01-07_12:35:34: Port configured to COM6
2022-01-07_12:35:53: Ports detected: ['COM6']
2022-01-07_12:35:53: Checking port COM6
2022-01-07_12:35:53: Port configured to COM6
2022-01-07_12:35:55: Sent $PING:0
2022-01-07_12:35:56: Read b'PONG:0\r\n'
2022-01-07_12:35:56: Port configured to COM6
2022-01-07_12:38:54: Ports detected: ['COM6']
2022-01-07_12:38:54: Checking port COM6
2022-01-07_12:38:54: Port configured to COM6
2022-01-07_12:38:56: Sent $PING:0
2022-01-07_12:38:57: Read b'PONG:0\r\n'
2022-01-07_12:38:57: Port configured to COM6
2022-01-07_12:39:23: Ports detected: ['COM6']
2022-01-07_12:39:23: Checking port COM6
2022-01-07_12:39:23: Port configured to COM6
2022-01-07_12:39:25: Sent $PING:0
2022-01-07_12:39:26: Read b'PONG:0\r\n'
2022-01-07_12:39:26: Port configured to COM6
2022-01-07_12:40:17: Ports detected: ['COM6']
2022-01-07_12:40:17: Checking port COM6
2022-01-07_12:40:17: Port configured to COM6
2022-01-07_12:40:19: Sent $PING:0
2022-01-07_12:40:20: Read b'PONG:0\r\n'
2022-01-07_12:40:20: Port configured to COM6
2022-01-07_12:41:30: Ports detected: ['COM6']
2022-01-07_12:41:30: Checking port COM6
2022-01-07_12:41:30: Port configured to COM6
2022-01-07_12:41:32: Sent $PING:0
2022-01-07_12:41:33: Read b'PONG:0\r\n'
2022-01-07_12:41:33: Port configured to COM6
2022-01-07_12:41:47: Ports detected: ['COM6']
2022-01-07_12:41:47: Checking port COM6
2022-01-07_12:41:47: Port configured to COM6
2022-01-07_12:41:49: Sent $PING:0
2022-01-07_12:41:50: Read b'PONG:0\r\n'
2022-01-07_12:41:50: Port configured to COM6
2022-01-07_12:43:02: Ports detected: ['COM6']
2022-01-07_12:43:02: Checking port COM6
2022-01-07_12:43:02: Port configured to COM6
2022-01-07_12:43:04: Sent $PING:0
2022-01-07_12:43:05: Read b'PONG:0\r\n'
2022-01-07_12:43:05: Port configured to COM6
2022-01-07_12:43:15: Ports detected: ['COM6']
2022-01-07_12:43:15: Checking port COM6
2022-01-07_12:43:15: Port configured to COM6
2022-01-07_12:43:17: Sent $PING:0
2022-01-07_12:43:18: Read b'PONG:0\r\n'
2022-01-07_12:43:18: Port configured to COM6
2022-01-07_12:46:09: Ports detected: ['COM6']
2022-01-07_12:46:09: Checking port COM6
2022-01-07_12:46:09: Port configured to COM6
2022-01-07_12:46:11: Sent $PING:0
2022-01-07_12:46:12: Read b'PONG:0\r\n'
2022-01-07_12:46:12: Port configured to COM6
2022-01-07_12:48:04: Ports detected: ['COM6']
2022-01-07_12:48:04: Checking port COM6
2022-01-07_12:48:04: Port configured to COM6
2022-01-07_12:48:06: Sent $PING:0
2022-01-07_12:48:07: Read b'PONG:0\r\n'
2022-01-07_12:48:07: Port configured to COM6
2022-01-07_12:49:58: Ports detected: ['COM6']
2022-01-07_12:49:58: Checking port COM6
2022-01-07_12:49:58: Port configured to COM6
2022-01-07_12:50:00: Sent $PING:0
2022-01-07_12:50:01: Read b'PONG:0\r\n'
2022-01-07_12:50:01: Port configured to COM6
2022-01-07_12:51:38: Ports detected: ['COM6']
2022-01-07_12:51:38: Checking port COM6
2022-01-07_12:51:38: Port configured to COM6
2022-01-07_12:51:40: Sent $PING:0
2022-01-07_12:51:41: Read b'PONG:0\r\n'
2022-01-07_12:51:41: Port configured to COM6
2022-01-07_12:56:50: Ports detected: ['COM6']
2022-01-07_12:56:50: Checking port COM6
2022-01-07_12:56:50: Port configured to COM6
2022-01-07_12:56:52: Sent $PING:0
2022-01-07_12:56:53: Read b'PONG:0\r\n'
2022-01-07_12:56:53: Port configured to COM6
2022-01-07_12:57:37: Ports detected: ['COM6']
2022-01-07_12:57:37: Checking port COM6
2022-01-07_12:57:37: Port configured to COM6
2022-01-07_12:57:39: Sent $PING:0
2022-01-07_12:57:40: Read b'PONG:0\r\n'
2022-01-07_12:57:40: Port configured to COM6
2022-01-07_12:58:05: Ports detected: ['COM6']
2022-01-07_12:58:05: Checking port COM6
2022-01-07_12:58:05: Port configured to COM6
2022-01-07_12:58:07: Sent $PING:0
2022-01-07_12:58:08: Read b'PONG:0\r\n'
2022-01-07_12:58:08: Port configured to COM6
2022-01-07_12:59:13: Ports detected: ['COM6']
2022-01-07_12:59:13: Checking port COM6
2022-01-07_12:59:13: Port configured to COM6
2022-01-07_12:59:15: Sent $PING:0
2022-01-07_12:59:16: Read b'PONG:0\r\n'
2022-01-07_12:59:16: Port configured to COM6
2022-01-07_12:59:59: Ports detected: ['COM6']
2022-01-07_12:59:59: Checking port COM6
2022-01-07_12:59:59: Port configured to COM6
2022-01-07_13:00:01: Sent $PING:0
2022-01-07_13:00:02: Read b'PONG:0\r\n'
2022-01-07_13:00:02: Port configured to COM6
2022-01-07_13:00:49: Ports detected: ['COM6']
2022-01-07_13:00:49: Checking port COM6
2022-01-07_13:00:49: Port configured to COM6
2022-01-07_13:00:51: Sent $PING:0
2022-01-07_13:00:52: Read b'PONG:0\r\n'
2022-01-07_13:00:52: Port configured to COM6
2022-01-07_13:01:49: Ports detected: ['COM6']
2022-01-07_13:01:49: Checking port COM6
2022-01-07_13:01:49: Port configured to COM6
2022-01-07_13:01:51: Sent $PING:0
2022-01-07_13:01:53: Read b'PONG:0\r\n'
2022-01-07_13:01:53: Port configured to COM6
2022-01-07_13:03:50: Ports detected: ['COM6']
2022-01-07_13:03:50: Checking port COM6
2022-01-07_13:03:50: Port configured to COM6
2022-01-07_13:03:52: Sent $PING:0
2022-01-07_13:03:53: Read b'PONG:0\r\n'
2022-01-07_13:03:53: Port configured to COM6
2022-01-07_13:04:22: Ports detected: ['COM6']
2022-01-07_13:04:22: Checking port COM6
2022-01-07_13:04:22: Port configured to COM6
2022-01-07_13:04:24: Sent $PING:0
2022-01-07_13:04:25: Read b'PONG:0\r\n'
2022-01-07_13:04:25: Port configured to COM6
2022-01-07_14:55:09: Ports detected: ['COM6']
2022-01-07_14:55:09: Checking port COM6
2022-01-07_14:55:09: Port configured to COM6
2022-01-07_14:55:11: Sent $PING:0
2022-01-07_14:55:12: Read b'PONG:0\r\n'
2022-01-07_14:55:12: Port configured to COM6
2022-01-07_14:58:53: Ports detected: ['COM6']
2022-01-07_14:58:53: Checking port COM6
2022-01-07_14:58:53: Port configured to COM6
2022-01-07_14:58:55: Sent $PING:0
2022-01-07_14:58:56: Read b'PONG:0\r\n'
2022-01-07_14:58:56: Port configured to COM6
2022-01-07_15:02:35: Ports detected: ['COM6']
2022-01-07_15:02:35: Checking port COM6
2022-01-07_15:02:35: Port configured to COM6
2022-01-07_15:02:37: Sent $PING:0
2022-01-07_15:02:38: Read b'PONG:0\r\n'
2022-01-07_15:02:38: Port configured to COM6
2022-01-07_15:03:34: Ports detected: ['COM6']
2022-01-07_15:03:34: Checking port COM6
2022-01-07_15:03:34: Port configured to COM6
2022-01-07_15:03:36: Sent $PING:0
2022-01-07_15:03:37: Read b'PONG:0\r\n'
2022-01-07_15:03:37: Port configured to COM6
2022-01-07_15:03:58: Ports detected: ['COM6']
2022-01-07_15:03:58: Checking port COM6
2022-01-07_15:03:58: Port configured to COM6
2022-01-07_15:04:00: Sent $PING:0
2022-01-07_15:04:01: Read b'PONG:0\r\n'
2022-01-07_15:04:01: Port configured to COM6
2022-01-07_15:04:30: Ports detected: ['COM6']
2022-01-07_15:04:30: Checking port COM6
2022-01-07_15:04:30: Port configured to COM6
2022-01-07_15:04:32: Sent $PING:0
2022-01-07_15:04:33: Read b'PONG:0\r\n'
2022-01-07_15:04:33: Port configured to COM6
2022-01-07_15:04:45: Ports detected: ['COM6']
2022-01-07_15:04:45: Checking port COM6
2022-01-07_15:04:45: Port configured to COM6
2022-01-07_15:04:47: Sent $PING:0
2022-01-07_15:04:48: Read b'PONG:0\r\n'
2022-01-07_15:04:48: Port configured to COM6
2022-01-07_15:07:56: Ports detected: ['COM6']
2022-01-07_15:07:56: Checking port COM6
2022-01-07_15:07:56: Port configured to COM6
2022-01-07_15:07:58: Sent $PING:0
2022-01-07_15:07:59: Read b'PONG:0\r\n'
2022-01-07_15:07:59: Port configured to COM6
2022-01-07_15:08:32: Ports detected: ['COM6']
2022-01-07_15:08:32: Checking port COM6
2022-01-07_15:08:32: Port configured to COM6
2022-01-07_15:08:34: Sent $PING:0
2022-01-07_15:08:35: Read b'PONG:0\r\n'
2022-01-07_15:08:35: Port configured to COM6
2022-01-07_16:11:59: Ports detected: ['COM6']
2022-01-07_16:11:59: Checking port COM6
2022-01-07_16:11:59: Port configured to COM6
2022-01-07_16:12:01: Sent $PING:0
2022-01-07_16:12:02: Read b'PONG:0\r\n'
2022-01-07_16:12:02: Port configured to COM6
2022-01-07_16:12:48: Ports detected: ['COM6']
2022-01-07_16:12:48: Checking port COM6
2022-01-07_16:12:48: Port configured to COM6
2022-01-07_16:12:50: Sent $PING:0
2022-01-07_16:12:51: Read b'PONG:0\r\n'
2022-01-07_16:12:51: Port configured to COM6
2022-01-07_16:13:41: Ports detected: ['COM6']
2022-01-07_16:13:41: Checking port COM6
2022-01-07_16:13:41: Port configured to COM6
2022-01-07_16:13:43: Sent $PING:0
2022-01-07_16:13:44: Read b'PONG:0\r\n'
2022-01-07_16:13:44: Port configured to COM6
2022-01-07_16:14:05: Ports detected: ['COM6']
2022-01-07_16:14:05: Checking port COM6
2022-01-07_16:14:05: Port configured to COM6
2022-01-07_16:14:07: Sent $PING:0
2022-01-07_16:14:08: Read b'PONG:0\r\n'
2022-01-07_16:14:08: Port configured to COM6
2022-01-07_16:14:23: Ports detected: ['COM6']
2022-01-07_16:14:23: Checking port COM6
2022-01-07_16:14:23: Port configured to COM6
2022-01-07_16:14:25: Sent $PING:0
2022-01-07_16:14:26: Read b'PONG:0\r\n'
2022-01-07_16:14:26: Port configured to COM6
2022-01-07_16:15:27: Ports detected: ['COM6']
2022-01-07_16:15:27: Checking port COM6
2022-01-07_16:15:27: Port configured to COM6
2022-01-07_16:15:29: Sent $PING:0
2022-01-07_16:15:30: Read b'PONG:0\r\n'
2022-01-07_16:15:30: Port configured to COM6
2022-01-07_16:15:46: Ports detected: ['COM6']
2022-01-07_16:15:46: Checking port COM6
2022-01-07_16:15:46: Port configured to COM6
2022-01-07_16:15:48: Sent $PING:0
2022-01-07_16:15:49: Read b'PONG:0\r\n'
2022-01-07_16:15:49: Port configured to COM6
2022-01-07_16:17:06: Ports detected: ['COM6']
2022-01-07_16:17:06: Checking port COM6
2022-01-07_16:17:06: Port configured to COM6
2022-01-07_16:17:08: Sent $PING:0
2022-01-07_16:17:09: Read b'PONG:0\r\n'
2022-01-07_16:17:09: Port configured to COM6
2022-01-07_16:18:53: Ports detected: ['COM6']
2022-01-07_16:18:53: Checking port COM6
2022-01-07_16:18:53: Port configured to COM6
2022-01-07_16:18:55: Sent $PING:0
2022-01-07_16:18:56: Read b'PONG:0\r\n'
2022-01-07_16:18:56: Port configured to COM6
2022-01-07_16:19:25: Ports detected: ['COM6']
2022-01-07_16:19:25: Checking port COM6
2022-01-07_16:19:25: Port configured to COM6
2022-01-07_16:19:27: Sent $PING:0
2022-01-07_16:19:28: Read b'PONG:0\r\n'
2022-01-07_16:19:28: Port configured to COM6
2022-01-07_16:20:04: Ports detected: ['COM6']
2022-01-07_16:20:04: Checking port COM6
2022-01-07_16:20:04: Port configured to COM6
2022-01-07_16:20:06: Sent $PING:0
2022-01-07_16:20:07: Read b'PONG:0\r\n'
2022-01-07_16:20:07: Port configured to COM6
2022-01-07_16:22:00: Ports detected: ['COM6']
2022-01-07_16:22:00: Checking port COM6
2022-01-07_16:22:00: Port configured to COM6
2022-01-07_16:22:02: Sent $PING:0
2022-01-07_16:22:03: Read b'PONG:0\r\n'
2022-01-07_16:22:03: Port configured to COM6
2022-01-07_16:23:26: Ports detected: ['COM6']
2022-01-07_16:23:26: Checking port COM6
2022-01-07_16:23:26: Port configured to COM6
2022-01-07_16:23:28: Sent $PING:0
2022-01-07_16:23:29: Read b'PONG:0\r\n'
2022-01-07_16:23:29: Port configured to COM6
2022-01-07_16:23:38: Ports detected: ['COM6']
2022-01-07_16:23:38: Checking port COM6
2022-01-07_16:23:38: Port configured to COM6
2022-01-07_16:23:40: Sent $PING:0
2022-01-07_16:23:41: Read b'PONG:0\r\n'
2022-01-07_16:23:41: Port configured to COM6
2022-01-07_16:24:03: Ports detected: ['COM6']
2022-01-07_16:24:03: Checking port COM6
2022-01-07_16:24:03: Port configured to COM6
2022-01-07_16:24:05: Sent $PING:0
2022-01-07_16:24:06: Read b'PONG:0\r\n'
2022-01-07_16:24:06: Port configured to COM6
2022-01-07_16:24:45: Ports detected: ['COM6']
2022-01-07_16:24:45: Checking port COM6
2022-01-07_16:24:45: Port configured to COM6
2022-01-07_16:24:47: Sent $PING:0
2022-01-07_16:24:48: Read b'PONG:0\r\n'
2022-01-07_16:24:48: Port configured to COM6
2022-01-07_16:28:32: Ports detected: ['COM6']
2022-01-07_16:28:32: Checking port COM6
2022-01-07_16:28:32: Port configured to COM6
2022-01-07_16:28:34: Sent $PING:0
2022-01-07_16:28:35: Read b'PONG:0\r\n'
2022-01-07_16:28:35: Port configured to COM6
2022-01-07_16:29:57: Ports detected: ['COM6']
2022-01-07_16:29:57: Checking port COM6
2022-01-07_16:29:57: Port configured to COM6
2022-01-07_16:29:59: Sent $PING:0
2022-01-07_16:30:00: Read b'PONG:0\r\n'
2022-01-07_16:30:00: Port configured to COM6
2022-01-07_16:31:19: Ports detected: ['COM6']
2022-01-07_16:31:19: Checking port COM6
2022-01-07_16:31:19: Port configured to COM6
2022-01-07_16:31:21: Sent $PING:0
2022-01-07_16:31:22: Read b'PONG:0\r\n'
2022-01-07_16:31:22: Port configured to COM6
2022-01-07_16:32:58: Ports detected: ['COM6']
2022-01-07_16:32:58: Checking port COM6
2022-01-07_16:32:58: Port configured to COM6
2022-01-07_16:33:00: Sent $PING:0
2022-01-07_16:33:01: Read b'PONG:0\r\n'
2022-01-07_16:33:01: Port configured to COM6
2022-01-07_16:35:11: Ports detected: ['COM6']
2022-01-07_16:35:11: Checking port COM6
2022-01-07_16:35:11: Port configured to COM6
2022-01-07_16:35:13: Sent $PING:0
2022-01-07_16:35:14: Read b'PONG:0\r\n'
2022-01-07_16:35:14: Port configured to COM6
2022-01-07_16:35:37: Ports detected: ['COM6']
2022-01-07_16:35:37: Checking port COM6
2022-01-07_16:35:37: Port configured to COM6
2022-01-07_16:35:40: Sent $PING:0
2022-01-07_16:35:41: Read b'PONG:0\r\n'
2022-01-07_16:35:41: Port configured to COM6
2022-01-07_16:43:21: Ports detected: ['COM6']
2022-01-07_16:43:21: Checking port COM6
2022-01-07_16:43:21: Port configured to COM6
2022-01-07_16:43:23: Sent $PING:0
2022-01-07_16:43:24: Read b'PONG:0\r\n'
2022-01-07_16:43:24: Port configured to COM6
2022-01-07_16:44:44: Ports detected: ['COM6']
2022-01-07_16:44:44: Checking port COM6
2022-01-07_16:44:44: Port configured to COM6
2022-01-07_16:44:46: Sent $PING:0
2022-01-07_16:44:47: Read b'PONG:0\r\n'
2022-01-07_16:44:47: Port configured to COM6
2022-01-07_16:44:47: Ports detected: ['COM6']
2022-01-07_16:44:47: Checking port COM6
2022-01-07_16:44:47: Port configured to COM6
2022-01-07_16:45:07: Ports detected: ['COM6']
2022-01-07_16:45:07: Checking port COM6
2022-01-07_16:45:07: Port configured to COM6
2022-01-07_16:45:09: Sent $PING:0
2022-01-07_16:45:10: Read b'PONG:0\r\n'
2022-01-07_16:45:10: Port configured to COM6
2022-01-07_16:45:10: Ports detected: ['COM6']
2022-01-07_16:45:10: Checking port COM6
2022-01-07_16:45:10: Port configured to COM6
2022-01-07_16:47:16: Ports detected: ['COM6']
2022-01-07_16:47:16: Checking port COM6
2022-01-07_16:47:16: Port configured to COM6
2022-01-07_16:47:18: Sent $PING:0
2022-01-07_16:47:19: Read b'PONG:0\r\n'
2022-01-07_16:47:19: Port configured to COM6
2022-01-07_16:50:25: Ports detected: ['COM6']
2022-01-07_16:50:25: Checking port COM6
2022-01-07_16:50:25: Port configured to COM6
2022-01-07_16:50:27: Sent $PING:0
2022-01-07_16:50:28: Read b'PONG:0\r\n'
2022-01-07_16:50:28: Port configured to COM6
2022-01-07_17:02:30: Ports detected: ['COM6']
2022-01-07_17:02:30: Checking port COM6
2022-01-07_17:02:30: Port configured to COM6
2022-01-07_17:02:32: Sent $PING:0
2022-01-07_17:02:33: Read b'PONG:0\r\n'
2022-01-07_17:02:33: Port configured to COM6
2022-01-07_19:23:37: Ports detected: ['COM6']
2022-01-07_19:23:37: Checking port COM6
2022-01-07_19:23:37: Port configured to COM6
2022-01-07_19:23:39: Sent $PING:0
2022-01-07_19:23:40: Read b'PONG:0\r\n'
2022-01-07_19:23:40: Port configured to COM6
2022-01-07_19:26:07: Ports detected: ['COM6']
2022-01-07_19:26:07: Checking port COM6
2022-01-07_19:26:07: Port configured to COM6
2022-01-07_19:26:09: Sent $PING:0
2022-01-07_19:26:10: Read b'PONG:0\r\n'
2022-01-07_19:26:10: Port configured to COM6
2022-01-07_19:33:58: Ports detected: ['COM6']
2022-01-07_19:33:58: Checking port COM6
2022-01-07_19:33:58: Port configured to COM6
2022-01-07_19:34:00: Sent $PING:0
2022-01-07_19:34:01: Read b'PONG:0\r\n'
2022-01-07_19:34:01: Port configured to COM6
2022-01-07_19:36:06: Ports detected: ['COM6']
2022-01-07_19:36:06: Checking port COM6
2022-01-07_19:36:06: Port configured to COM6
2022-01-07_19:36:08: Sent $PING:0
2022-01-07_19:36:09: Read b'PONG:0\r\n'
2022-01-07_19:36:09: Port configured to COM6
2022-01-07_19:38:40: Ports detected: ['COM6']
2022-01-07_19:38:40: Checking port COM6
2022-01-07_19:38:40: Port configured to COM6
2022-01-07_19:38:42: Sent $PING:0
2022-01-07_19:38:43: Read b'PONG:0\r\n'
2022-01-07_19:38:43: Port configured to COM6
2022-01-07_19:43:02: Ports detected: ['COM6']
2022-01-07_19:43:02: Checking port COM6
2022-01-07_19:43:02: Port configured to COM6
2022-01-07_19:43:04: Sent $PING:0
2022-01-07_19:43:05: Read b'PONG:0\r\n'
2022-01-07_19:43:05: Port configured to COM6
2022-01-07_19:43:49: Ports detected: ['COM6']
2022-01-07_19:43:49: Checking port COM6
2022-01-07_19:43:49: Port configured to COM6
2022-01-07_19:43:51: Sent $PING:0
2022-01-07_19:43:52: Read b'PONG:0\r\n'
2022-01-07_19:43:52: Port configured to COM6
2022-01-07_19:44:37: Ports detected: ['COM6']
2022-01-07_19:44:37: Checking port COM6
2022-01-07_19:44:37: Port configured to COM6
2022-01-07_19:44:39: Sent $PING:0
2022-01-07_19:44:40: Read b'PONG:0\r\n'
2022-01-07_19:44:40: Port configured to COM6
2022-01-07_19:45:17: Ports detected: ['COM6']
2022-01-07_19:45:17: Checking port COM6
2022-01-07_19:45:17: Port configured to COM6
2022-01-07_19:45:19: Sent $PING:0
2022-01-07_19:45:20: Read b'PONG:0\r\n'
2022-01-07_19:45:20: Port configured to COM6
2022-01-07_19:46:49: Ports detected: ['COM6']
2022-01-07_19:46:49: Checking port COM6
2022-01-07_19:46:49: Port configured to COM6
2022-01-07_19:46:51: Sent $PING:0
2022-01-07_19:46:52: Read b'PONG:0\r\n'
2022-01-07_19:46:52: Port configured to COM6
2022-01-07_20:06:49: Ports detected: ['COM6']
2022-01-07_20:06:49: Checking port COM6
2022-01-07_20:06:49: Port configured to COM6
2022-01-07_20:06:51: Sent $PING:0
2022-01-07_20:06:52: Read b'PONG:0\r\n'
2022-01-07_20:06:52: Port configured to COM6
2022-01-07_20:14:50: Ports detected: ['COM6']
2022-01-07_20:14:50: Checking port COM6
2022-01-07_20:14:50: Port configured to COM6
2022-01-07_20:14:52: Sent $PING:0
2022-01-07_20:14:53: Read b'PONG:0\r\n'
2022-01-07_20:14:53: Port configured to COM6
2022-01-07_20:18:15: Ports detected: ['COM6']
2022-01-07_20:18:15: Checking port COM6
2022-01-07_20:18:15: Port configured to COM6
2022-01-07_20:18:17: Sent $PING:0
2022-01-07_20:18:18: Read b'PONG:0\r\n'
2022-01-07_20:18:18: Port configured to COM6
2022-01-07_20:22:07: Ports detected: ['COM6']
2022-01-07_20:22:07: Checking port COM6
2022-01-07_20:22:07: Port configured to COM6
2022-01-07_20:22:09: Sent $PING:0
2022-01-07_20:22:10: Read b'PONG:0\r\n'
2022-01-07_20:22:10: Port configured to COM6
2022-01-07_20:26:50: Ports detected: ['COM6']
2022-01-07_20:26:50: Checking port COM6
2022-01-07_20:26:50: Port configured to COM6
2022-01-07_20:26:52: Sent $PING:0
2022-01-07_20:26:53: Read b'PONG:0\r\n'
2022-01-07_20:26:53: Port configured to COM6
2022-01-07_20:27:13: Ports detected: ['COM6']
2022-01-07_20:27:13: Checking port COM6
2022-01-07_20:27:13: Port configured to COM6
2022-01-07_20:27:15: Sent $PING:0
2022-01-07_20:27:16: Read b'PONG:0\r\n'
2022-01-07_20:27:16: Port configured to COM6
2022-01-07_20:30:45: Ports detected: ['COM6']
2022-01-07_20:30:45: Checking port COM6
2022-01-07_20:30:45: Port configured to COM6
2022-01-07_20:30:47: Sent $PING:0
2022-01-07_20:30:48: Read b'PONG:0\r\n'
2022-01-07_20:30:48: Port configured to COM6
2022-01-07_20:32:11: Ports detected: ['COM6']
2022-01-07_20:32:11: Checking port COM6
2022-01-07_20:32:11: Port configured to COM6
2022-01-07_20:32:13: Sent $PING:0
2022-01-07_20:32:14: Read b'PONG:0\r\n'
2022-01-07_20:32:14: Port configured to COM6
2022-01-07_20:35:22: Ports detected: ['COM6']
2022-01-07_20:35:22: Checking port COM6
2022-01-07_20:35:22: Port configured to COM6
2022-01-07_20:35:24: Sent $PING:0
2022-01-07_20:35:25: Read b'PONG:0\r\n'
2022-01-07_20:35:25: Port configured to COM6
2022-01-07_20:37:32: Ports detected: ['COM6']
2022-01-07_20:37:32: Checking port COM6
2022-01-07_20:37:32: Port configured to COM6
2022-01-07_20:37:34: Sent $PING:0
2022-01-07_20:37:35: Read b'PONG:0\r\n'
2022-01-07_20:37:35: Port configured to COM6
2022-01-07_20:39:53: Ports detected: ['COM6']
2022-01-07_20:39:53: Checking port COM6
2022-01-07_20:39:53: Port configured to COM6
2022-01-07_20:40:10: Ports detected: ['COM6']
2022-01-07_20:40:10: Checking port COM6
2022-01-07_20:40:10: Port configured to COM6
2022-01-07_20:40:12: Sent $PING:0
2022-01-07_20:40:13: Read b'PONG:0\r\n'
2022-01-07_20:40:13: Port configured to COM6
2022-01-07_20:43:56: Ports detected: ['COM6']
2022-01-07_20:43:56: Checking port COM6
2022-01-07_20:43:56: Port configured to COM6
2022-01-07_20:43:58: Sent $PING:0
2022-01-07_20:43:59: Read b'PONG:0\r\n'
2022-01-07_20:43:59: Port configured to COM6
2022-01-07_20:45:20: Ports detected: ['COM6']
2022-01-07_20:45:20: Checking port COM6
2022-01-07_20:45:20: Port configured to COM6
2022-01-07_20:45:22: Sent $PING:0
2022-01-07_20:45:23: Read b'PONG:0\r\n'
2022-01-07_20:45:23: Port configured to COM6
2022-01-07_20:48:30: Ports detected: ['COM6']
2022-01-07_20:48:30: Checking port COM6
2022-01-07_20:48:30: Port configured to COM6
2022-01-07_20:48:32: Sent $PING:0
2022-01-07_20:48:33: Read b'PONG:0\r\n'
2022-01-07_20:48:33: Port configured to COM6
2022-01-07_20:48:54: Ports detected: ['COM6']
2022-01-07_20:48:54: Checking port COM6
2022-01-07_20:48:54: Port configured to COM6
2022-01-07_20:48:56: Sent $PING:0
2022-01-07_20:48:57: Read b'PONG:0\r\n'
2022-01-07_20:48:57: Port configured to COM6
2022-01-07_20:49:10: Ports detected: ['COM6']
2022-01-07_20:49:10: Checking port COM6
2022-01-07_20:49:10: Port configured to COM6
2022-01-07_20:49:12: Sent $PING:0
2022-01-07_20:49:13: Read b'PONG:0\r\n'
2022-01-07_20:49:13: Port configured to COM6
2022-01-07_20:56:21: Ports detected: ['COM6']
2022-01-07_20:56:21: Checking port COM6
2022-01-07_20:56:21: Port configured to COM6
2022-01-07_20:56:23: Sent $PING:0
2022-01-07_20:56:24: Read b'PONG:0\r\n'
2022-01-07_20:56:24: Port configured to COM6
2022-01-07_20:57:03: Ports detected: ['COM6']
2022-01-07_20:57:03: Checking port COM6
2022-01-07_20:57:03: Port configured to COM6
2022-01-07_20:57:05: Sent $PING:0
2022-01-07_20:57:06: Read b'PONG:0\r\n'
2022-01-07_20:57:06: Port configured to COM6
2022-01-07_20:59:11: Ports detected: ['COM6']
2022-01-07_20:59:11: Checking port COM6
2022-01-07_20:59:11: Port configured to COM6
2022-01-07_20:59:13: Sent $PING:0
2022-01-07_20:59:14: Read b'PONG:0\r\n'
2022-01-07_20:59:14: Port configured to COM6
2022-01-07_21:03:35: Ports detected: ['COM6']
2022-01-07_21:03:35: Checking port COM6
2022-01-07_21:03:35: Port configured to COM6
2022-01-07_21:03:37: Sent $PING:0
2022-01-07_21:03:38: Read b'PONG:0\r\n'
2022-01-07_21:03:38: Port configured to COM6
2022-01-07_21:04:26: Ports detected: ['COM6']
2022-01-07_21:04:26: Checking port COM6
2022-01-07_21:04:26: Port configured to COM6
2022-01-07_21:04:28: Sent $PING:0
2022-01-07_21:04:29: Read b'PONG:0\r\n'
2022-01-07_21:04:29: Port configured to COM6
2022-01-07_21:04:38: Ports detected: ['COM6']
2022-01-07_21:04:38: Checking port COM6
2022-01-07_21:04:38: Port configured to COM6
2022-01-07_21:04:41: Sent $PING:0
2022-01-07_21:04:42: Read b'PONG:0\r\n'
2022-01-07_21:04:42: Port configured to COM6
2022-01-07_21:06:38: Ports detected: ['COM6']
2022-01-07_21:06:38: Checking port COM6
2022-01-07_21:06:38: Port configured to COM6
2022-01-07_21:06:40: Sent $PING:0
2022-01-07_21:06:41: Read b'PONG:0\r\n'
2022-01-07_21:06:41: Port configured to COM6
2022-01-07_21:06:49: Ports detected: ['COM6']
2022-01-07_21:06:49: Checking port COM6
2022-01-07_21:06:49: Port configured to COM6
2022-01-07_21:06:51: Sent $PING:0
2022-01-07_21:06:52: Read b'PONG:0\r\n'
2022-01-07_21:06:52: Port configured to COM6
2022-01-07_21:07:15: Ports detected: ['COM6']
2022-01-07_21:07:15: Checking port COM6
2022-01-07_21:07:15: Port configured to COM6
2022-01-07_21:07:17: Sent $PING:0
2022-01-07_21:07:18: Read b'PONG:0\r\n'
2022-01-07_21:07:18: Port configured to COM6
2022-01-07_21:10:00: Ports detected: ['COM6']
2022-01-07_21:10:00: Checking port COM6
2022-01-07_21:10:00: Port configured to COM6
2022-01-07_21:10:02: Sent $PING:0
2022-01-07_21:10:03: Read b'PONG:0\r\n'
2022-01-07_21:10:03: Port configured to COM6
2022-01-07_21:10:47: Ports detected: ['COM6']
2022-01-07_21:10:47: Checking port COM6
2022-01-07_21:10:47: Port configured to COM6
2022-01-07_21:10:49: Sent $PING:0
2022-01-07_21:10:50: Read b'PONG:0\r\n'
2022-01-07_21:10:50: Port configured to COM6
2022-01-07_21:11:31: Ports detected: ['COM6']
2022-01-07_21:11:31: Checking port COM6
2022-01-07_21:11:31: Port configured to COM6
2022-01-07_21:11:33: Sent $PING:0
2022-01-07_21:11:34: Read b'PONG:0\r\n'
2022-01-07_21:11:34: Port configured to COM6
2022-01-07_21:11:45: Ports detected: ['COM6']
2022-01-07_21:11:45: Checking port COM6
2022-01-07_21:11:45: Port configured to COM6
2022-01-07_21:11:47: Sent $PING:0
2022-01-07_21:11:48: Read b'PONG:0\r\n'
2022-01-07_21:11:48: Port configured to COM6
2022-01-07_21:12:05: Ports detected: ['COM6']
2022-01-07_21:12:05: Checking port COM6
2022-01-07_21:12:05: Port configured to COM6
2022-01-07_21:12:07: Sent $PING:0
2022-01-07_21:12:08: Read b'PONG:0\r\n'
2022-01-07_21:12:08: Port configured to COM6
2022-01-07_21:12:18: Ports detected: ['COM6']
2022-01-07_21:12:18: Checking port COM6
2022-01-07_21:12:18: Port configured to COM6
2022-01-07_21:12:20: Sent $PING:0
2022-01-07_21:12:21: Read b'PONG:0\r\n'
2022-01-07_21:12:21: Port configured to COM6
2022-01-07_21:12:47: Ports detected: ['COM6']
2022-01-07_21:12:47: Checking port COM6
2022-01-07_21:12:47: Port configured to COM6
2022-01-07_21:12:49: Sent $PING:0
2022-01-07_21:12:50: Read b'PONG:0\r\n'
2022-01-07_21:12:50: Port configured to COM6
2022-01-07_21:13:03: Ports detected: ['COM6']
2022-01-07_21:13:03: Checking port COM6
2022-01-07_21:13:03: Port configured to COM6
2022-01-07_21:13:05: Sent $PING:0
2022-01-07_21:13:06: Read b'PONG:0\r\n'
2022-01-07_21:13:06: Port configured to COM6
2022-01-07_21:13:40: Ports detected: ['COM6']
2022-01-07_21:13:40: Checking port COM6
2022-01-07_21:13:40: Port configured to COM6
2022-01-07_21:13:42: Sent $PING:0
2022-01-07_21:13:43: Read b'PONG:0\r\n'
2022-01-07_21:13:43: Port configured to COM6
2022-01-07_21:13:59: Ports detected: ['COM6']
2022-01-07_21:13:59: Checking port COM6
2022-01-07_21:13:59: Port configured to COM6
2022-01-07_21:14:01: Sent $PING:0
2022-01-07_21:14:02: Read b'PONG:0\r\n'
2022-01-07_21:14:02: Port configured to COM6
2022-01-07_21:14:13: Ports detected: ['COM6']
2022-01-07_21:14:13: Checking port COM6
2022-01-07_21:14:13: Port configured to COM6
2022-01-07_21:14:15: Sent $PING:0
2022-01-07_21:14:16: Read b'PONG:0\r\n'
2022-01-07_21:14:16: Port configured to COM6
2022-01-07_21:16:22: Ports detected: ['COM6']
2022-01-07_21:16:22: Checking port COM6
2022-01-07_21:16:22: Port configured to COM6
2022-01-07_21:16:24: Sent $PING:0
2022-01-07_21:16:25: Read b'PONG:0\r\n'
2022-01-07_21:16:25: Port configured to COM6
2022-01-07_21:17:55: Ports detected: ['COM6']
2022-01-07_21:17:55: Checking port COM6
2022-01-07_21:17:55: Port configured to COM6
2022-01-07_21:17:57: Sent $PING:0
2022-01-07_21:17:58: Read b'PONG:0\r\n'
2022-01-07_21:17:58: Port configured to COM6
2022-01-07_21:18:10: Ports detected: ['COM6']
2022-01-07_21:18:10: Checking port COM6
2022-01-07_21:18:10: Port configured to COM6
2022-01-07_21:18:12: Sent $PING:0
2022-01-07_21:18:13: Read b'PONG:0\r\n'
2022-01-07_21:18:13: Port configured to COM6
2022-01-07_21:19:52: Ports detected: ['COM6']
2022-01-07_21:19:52: Checking port COM6
2022-01-07_21:19:52: Port configured to COM6
2022-01-07_21:19:54: Sent $PING:0
2022-01-07_21:19:55: Read b'PONG:0\r\n'
2022-01-07_21:19:55: Port configured to COM6
2022-01-07_21:22:16: Ports detected: ['COM6']
2022-01-07_21:22:16: Checking port COM6
2022-01-07_21:22:16: Port configured to COM6
2022-01-07_21:22:18: Sent $PING:0
2022-01-07_21:22:19: Read b'PONG:0\r\n'
2022-01-07_21:22:19: Port configured to COM6
2022-01-07_21:28:06: Ports detected: ['COM6']
2022-01-07_21:28:06: Checking port COM6
2022-01-07_21:28:06: Port configured to COM6
2022-01-07_21:28:08: Sent $PING:0
2022-01-07_21:28:09: Read b'PONG:0\r\n'
2022-01-07_21:28:09: Port configured to COM6
2022-01-07_21:34:21: Ports detected: ['COM6']
2022-01-07_21:34:21: Checking port COM6
2022-01-07_21:34:21: Port configured to COM6
2022-01-07_21:34:23: Sent $PING:0
2022-01-07_21:34:24: Read b'PONG:0\r\n'
2022-01-07_21:34:24: Port configured to COM6
2022-01-07_21:37:53: Ports detected: ['COM6']
2022-01-07_21:37:53: Checking port COM6
2022-01-07_21:37:53: Port configured to COM6
2022-01-07_21:37:55: Sent $PING:0
2022-01-07_21:37:56: Read b'PONG:0\r\n'
2022-01-07_21:37:56: Port configured to COM6
2022-01-07_21:39:50: Ports detected: ['COM6']
2022-01-07_21:39:50: Checking port COM6
2022-01-07_21:39:50: Port configured to COM6
2022-01-07_21:39:52: Sent $PING:0
2022-01-07_21:39:53: Read b'PONG:0\r\n'
2022-01-07_21:39:53: Port configured to COM6
2022-01-07_21:45:55: Ports detected: ['COM6']
2022-01-07_21:45:55: Checking port COM6
2022-01-07_21:45:55: Port configured to COM6
2022-01-07_21:45:57: Sent $PING:0
2022-01-07_21:45:58: Read b'PONG:0\r\n'
2022-01-07_21:45:58: Port configured to COM6
2022-01-07_21:46:18: Ports detected: ['COM6']
2022-01-07_21:46:18: Checking port COM6
2022-01-07_21:46:18: Port configured to COM6
2022-01-07_21:46:20: Sent $PING:0
2022-01-07_21:46:21: Read b'PONG:0\r\n'
2022-01-07_21:46:21: Port configured to COM6
2022-01-07_21:46:50: Ports detected: ['COM6']
2022-01-07_21:46:50: Checking port COM6
2022-01-07_21:46:50: Port configured to COM6
2022-01-07_21:46:52: Sent $PING:0
2022-01-07_21:46:53: Read b'PONG:0\r\n'
2022-01-07_21:46:53: Port configured to COM6
2022-01-07_21:48:55: Ports detected: ['COM6']
2022-01-07_21:48:55: Checking port COM6
2022-01-07_21:48:55: Port configured to COM6
2022-01-07_21:48:57: Sent $PING:0
2022-01-07_21:48:58: Read b'PONG:0\r\n'
2022-01-07_21:48:58: Port configured to COM6
2022-01-07_21:49:18: Ports detected: ['COM6']
2022-01-07_21:49:18: Checking port COM6
2022-01-07_21:49:18: Port configured to COM6
2022-01-07_21:49:20: Sent $PING:0
2022-01-07_21:49:21: Read b'PONG:0\r\n'
2022-01-07_21:49:21: Port configured to COM6
2022-01-07_21:52:40: Ports detected: ['COM6']
2022-01-07_21:52:40: Checking port COM6
2022-01-07_21:52:40: Port configured to COM6
2022-01-07_21:52:42: Sent $PING:0
2022-01-07_21:52:43: Read b'PONG:0\r\n'
2022-01-07_21:52:43: Port configured to COM6
2022-01-07_22:00:43: Ports detected: ['COM6']
2022-01-07_22:00:43: Checking port COM6
2022-01-07_22:00:43: Port configured to COM6
2022-01-07_22:00:45: Sent $PING:0
2022-01-07_22:00:46: Read b'PONG:0\r\n'
2022-01-07_22:00:46: Port configured to COM6
2022-01-07_22:04:10: Ports detected: ['COM6']
2022-01-07_22:04:10: Checking port COM6
2022-01-07_22:04:10: Port configured to COM6
2022-01-07_22:04:12: Sent $PING:0
2022-01-07_22:04:13: Read b'PONG:0\r\n'
2022-01-07_22:04:13: Port configured to COM6
2022-01-07_22:06:05: Ports detected: ['COM6']
2022-01-07_22:06:05: Checking port COM6
2022-01-07_22:06:05: Port configured to COM6
2022-01-07_22:06:07: Sent $PING:0
2022-01-07_22:06:08: Read b'PONG:0\r\n'
2022-01-07_22:06:08: Port configured to COM6
2022-01-07_22:06:44: Ports detected: ['COM6']
2022-01-07_22:06:44: Checking port COM6
2022-01-07_22:06:44: Port configured to COM6
2022-01-07_22:06:46: Sent $PING:0
2022-01-07_22:06:47: Read b'PONG:0\r\n'
2022-01-07_22:06:47: Port configured to COM6
2022-01-07_22:07:24: Ports detected: ['COM6']
2022-01-07_22:07:24: Checking port COM6
2022-01-07_22:07:24: Port configured to COM6
2022-01-07_22:07:26: Sent $PING:0
2022-01-07_22:07:27: Read b'PONG:0\r\n'
2022-01-07_22:07:27: Port configured to COM6
2022-01-07_22:08:55: Ports detected: ['COM6']
2022-01-07_22:08:55: Checking port COM6
2022-01-07_22:08:55: Port configured to COM6
2022-01-07_22:08:57: Sent $PING:0
2022-01-07_22:08:58: Read b'PONG:0\r\n'
2022-01-07_22:08:58: Port configured to COM6
2022-01-07_22:13:17: Ports detected: ['COM6']
2022-01-07_22:13:17: Checking port COM6
2022-01-07_22:13:17: Port configured to COM6
2022-01-07_22:13:19: Sent $PING:0
2022-01-07_22:13:20: Read b'PONG:0\r\n'
2022-01-07_22:13:20: Port configured to COM6
2022-01-07_22:13:44: Ports detected: ['COM6']
2022-01-07_22:13:44: Checking port COM6
2022-01-07_22:13:44: Port configured to COM6
2022-01-07_22:13:47: Sent $PING:0
2022-01-07_22:13:48: Read b'PONG:0\r\n'
2022-01-07_22:13:48: Port configured to COM6
2022-01-07_22:16:47: Ports detected: ['COM6']
2022-01-07_22:16:47: Checking port COM6
2022-01-07_22:16:47: Port configured to COM6
2022-01-07_22:16:49: Sent $PING:0
2022-01-07_22:16:50: Read b'PONG:0\r\n'
2022-01-07_22:16:50: Port configured to COM6
2022-01-07_22:19:22: Ports detected: ['COM6']
2022-01-07_22:19:22: Checking port COM6
2022-01-07_22:19:22: Port configured to COM6
2022-01-07_22:19:24: Sent $PING:0
2022-01-07_22:19:25: Read b'PONG:0\r\n'
2022-01-07_22:19:25: Port configured to COM6
2022-01-07_22:21:19: Ports detected: ['COM6']
2022-01-07_22:21:19: Checking port COM6
2022-01-07_22:21:19: Port configured to COM6
2022-01-07_22:21:21: Sent $PING:0
2022-01-07_22:21:22: Read b'PONG:0\r\n'
2022-01-07_22:21:22: Port configured to COM6
2022-01-07_22:22:22: Ports detected: ['COM6']
2022-01-07_22:22:22: Checking port COM6
2022-01-07_22:22:22: Port configured to COM6
2022-01-07_22:22:24: Sent $PING:0
2022-01-07_22:22:25: Read b'PONG:0\r\n'
2022-01-07_22:22:25: Port configured to COM6
2022-01-07_22:22:41: Ports detected: ['COM6']
2022-01-07_22:22:41: Checking port COM6
2022-01-07_22:22:41: Port configured to COM6
2022-01-07_22:22:43: Sent $PING:0
2022-01-07_22:22:44: Read b'PONG:0\r\n'
2022-01-07_22:22:44: Port configured to COM6
2022-01-07_22:23:54: Ports detected: ['COM6']
2022-01-07_22:23:54: Checking port COM6
2022-01-07_22:23:54: Port configured to COM6
2022-01-07_22:23:56: Sent $PING:0
2022-01-07_22:23:57: Read b'PONG:0\r\n'
2022-01-07_22:23:57: Port configured to COM6
2022-01-07_22:25:40: Ports detected: ['COM6']
2022-01-07_22:25:40: Checking port COM6
2022-01-07_22:25:40: Port configured to COM6
2022-01-07_22:25:42: Sent $PING:0
2022-01-07_22:25:43: Read b'PONG:0\r\n'
2022-01-07_22:25:43: Port configured to COM6
2022-01-07_22:26:47: Ports detected: ['COM6']
2022-01-07_22:26:47: Checking port COM6
2022-01-07_22:26:47: Port configured to COM6
2022-01-07_22:26:49: Sent $PING:0
2022-01-07_22:26:50: Read b'PONG:0\r\n'
2022-01-07_22:26:50: Port configured to COM6
2022-01-07_22:28:01: Ports detected: ['COM6']
2022-01-07_22:28:01: Checking port COM6
2022-01-07_22:28:01: Port configured to COM6
2022-01-07_22:28:03: Sent $PING:0
2022-01-07_22:28:04: Read b'PONG:0\r\n'
2022-01-07_22:28:04: Port configured to COM6
2022-01-07_22:29:06: Ports detected: ['COM6']
2022-01-07_22:29:06: Checking port COM6
2022-01-07_22:29:06: Port configured to COM6
2022-01-07_22:29:08: Sent $PING:0
2022-01-07_22:29:09: Read b'PONG:0\r\n'
2022-01-07_22:29:09: Port configured to COM6
2022-01-07_22:30:21: Ports detected: ['COM6']
2022-01-07_22:30:21: Checking port COM6
2022-01-07_22:30:21: Port configured to COM6
2022-01-07_22:30:23: Sent $PING:0
2022-01-07_22:30:24: Read b'PONG:0\r\n'
2022-01-07_22:30:24: Port configured to COM6
2022-01-07_22:30:54: Ports detected: ['COM6']
2022-01-07_22:30:54: Checking port COM6
2022-01-07_22:30:54: Port configured to COM6
2022-01-07_22:30:56: Sent $PING:0
2022-01-07_22:30:57: Read b'PONG:0\r\n'
2022-01-07_22:30:57: Port configured to COM6
2022-01-07_22:31:57: Ports detected: ['COM6']
2022-01-07_22:31:57: Checking port COM6
2022-01-07_22:31:57: Port configured to COM6
2022-01-07_22:31:59: Sent $PING:0
2022-01-07_22:32:00: Read b'PONG:0\r\n'
2022-01-07_22:32:00: Port configured to COM6
2022-01-07_22:32:18: Ports detected: ['COM6']
2022-01-07_22:32:18: Checking port COM6
2022-01-07_22:32:18: Port configured to COM6
2022-01-07_22:32:20: Sent $PING:0
2022-01-07_22:32:21: Read b'PONG:0\r\n'
2022-01-07_22:32:21: Port configured to COM6
2022-01-07_22:32:37: Ports detected: ['COM6']
2022-01-07_22:32:37: Checking port COM6
2022-01-07_22:32:37: Port configured to COM6
2022-01-07_22:32:39: Sent $PING:0
2022-01-07_22:32:40: Read b'PONG:0\r\n'
2022-01-07_22:32:40: Port configured to COM6
2022-01-07_22:34:25: Ports detected: ['COM6']
2022-01-07_22:34:25: Checking port COM6
2022-01-07_22:34:25: Port configured to COM6
2022-01-07_22:34:27: Sent $PING:0
2022-01-07_22:34:28: Read b'PONG:0\r\n'
2022-01-07_22:34:28: Port configured to COM6
2022-01-07_22:35:49: Ports detected: ['COM6']
2022-01-07_22:35:49: Checking port COM6
2022-01-07_22:35:49: Port configured to COM6
2022-01-07_22:35:51: Sent $PING:0
2022-01-07_22:35:52: Read b'PONG:0\r\n'
2022-01-07_22:35:52: Port configured to COM6
2022-01-07_22:36:03: Ports detected: ['COM6']
2022-01-07_22:36:03: Checking port COM6
2022-01-07_22:36:03: Port configured to COM6
2022-01-07_22:36:05: Sent $PING:0
2022-01-07_22:36:06: Read b'PONG:0\r\n'
2022-01-07_22:36:06: Port configured to COM6
2022-01-07_22:38:07: Ports detected: ['COM6']
2022-01-07_22:38:07: Checking port COM6
2022-01-07_22:38:07: Port configured to COM6
2022-01-07_22:38:09: Sent $PING:0
2022-01-07_22:38:10: Read b'PONG:0\r\n'
2022-01-07_22:38:10: Port configured to COM6
2022-01-07_22:38:32: Ports detected: ['COM6']
2022-01-07_22:38:32: Checking port COM6
2022-01-07_22:38:32: Port configured to COM6
2022-01-07_22:38:34: Sent $PING:0
2022-01-07_22:38:35: Read b'PONG:0\r\n'
2022-01-07_22:38:35: Port configured to COM6
2022-01-07_22:39:49: Ports detected: ['COM6']
2022-01-07_22:39:49: Checking port COM6
2022-01-07_22:39:49: Port configured to COM6
2022-01-07_22:39:51: Sent $PING:0
2022-01-07_22:39:52: Read b'PONG:0\r\n'
2022-01-07_22:39:52: Port configured to COM6
2022-01-07_22:42:00: Ports detected: ['COM6']
2022-01-07_22:42:00: Checking port COM6
2022-01-07_22:42:00: Port configured to COM6
2022-01-07_22:42:02: Sent $PING:0
2022-01-07_22:42:03: Read b'PONG:0\r\n'
2022-01-07_22:42:03: Port configured to COM6
2022-01-07_22:43:18: Ports detected: ['COM6']
2022-01-07_22:43:18: Checking port COM6
2022-01-07_22:43:18: Port configured to COM6
2022-01-07_22:43:20: Sent $PING:0
2022-01-07_22:43:21: Read b'PONG:0\r\n'
2022-01-07_22:43:21: Port configured to COM6
2022-01-07_22:44:07: Ports detected: ['COM6']
2022-01-07_22:44:07: Checking port COM6
2022-01-07_22:44:07: Port configured to COM6
2022-01-07_22:44:09: Sent $PING:0
2022-01-07_22:44:10: Read b'PONG:0\r\n'
2022-01-07_22:44:10: Port configured to COM6
2022-01-07_22:47:08: Ports detected: ['COM6']
2022-01-07_22:47:08: Checking port COM6
2022-01-07_22:47:08: Port configured to COM6
2022-01-07_22:47:10: Sent $PING:0
2022-01-07_22:47:11: Read b'PONG:0\r\n'
2022-01-07_22:47:11: Port configured to COM6
2022-01-07_22:50:33: Ports detected: ['COM6']
2022-01-07_22:50:33: Checking port COM6
2022-01-07_22:50:33: Port configured to COM6
2022-01-07_22:50:35: Sent $PING:0
2022-01-07_22:50:36: Read b'PONG:0\r\n'
2022-01-07_22:50:36: Port configured to COM6
2022-01-07_22:57:09: Ports detected: ['COM6']
2022-01-07_22:57:09: Checking port COM6
2022-01-07_22:57:09: Port configured to COM6
2022-01-07_22:57:11: Sent $PING:0
2022-01-07_22:57:12: Read b'PONG:0\r\n'
2022-01-07_22:57:12: Port configured to COM6
2022-01-07_22:58:07: Ports detected: ['COM6']
2022-01-07_22:58:07: Checking port COM6
2022-01-07_22:58:07: Port configured to COM6
2022-01-07_22:58:09: Sent $PING:0
2022-01-07_22:58:10: Read b'PONG:0\r\n'
2022-01-07_22:58:10: Port configured to COM6
2022-01-07_23:00:31: Ports detected: ['COM6']
2022-01-07_23:00:31: Checking port COM6
2022-01-07_23:00:31: Port configured to COM6
2022-01-07_23:00:33: Sent $PING:0
2022-01-07_23:00:34: Read b'PONG:0\r\n'
2022-01-07_23:00:34: Port configured to COM6
2022-01-07_23:04:30: Ports detected: ['COM6']
2022-01-07_23:04:30: Checking port COM6
2022-01-07_23:04:30: Port configured to COM6
2022-01-07_23:04:32: Sent $PING:0
2022-01-07_23:04:33: Read b'PONG:0\r\n'
2022-01-07_23:04:33: Port configured to COM6
2022-01-07_23:05:44: Ports detected: ['COM6']
2022-01-07_23:05:44: Checking port COM6
2022-01-07_23:05:44: Port configured to COM6
2022-01-07_23:05:46: Sent $PING:0
2022-01-07_23:05:47: Read b'PONG:0\r\n'
2022-01-07_23:05:47: Port configured to COM6
2022-01-07_23:08:05: Ports detected: ['COM6']
2022-01-07_23:08:05: Checking port COM6
2022-01-07_23:08:05: Port configured to COM6
2022-01-07_23:08:07: Sent $PING:0
2022-01-07_23:08:09: Read b'PONG:0\r\n'
2022-01-07_23:08:09: Port configured to COM6
2022-01-07_23:10:09: Ports detected: ['COM6']
2022-01-07_23:10:09: Checking port COM6
2022-01-07_23:10:09: Port configured to COM6
2022-01-07_23:10:11: Sent $PING:0
2022-01-07_23:10:12: Read b'PONG:0\r\n'
2022-01-07_23:10:12: Port configured to COM6
2022-01-07_23:10:41: Ports detected: ['COM6']
2022-01-07_23:10:41: Checking port COM6
2022-01-07_23:10:41: Port configured to COM6
2022-01-07_23:10:43: Sent $PING:0
2022-01-07_23:10:44: Read b'PONG:0\r\n'
2022-01-07_23:10:44: Port configured to COM6
2022-01-07_23:11:45: Ports detected: ['COM6']
2022-01-07_23:11:45: Checking port COM6
2022-01-07_23:11:45: Port configured to COM6
2022-01-07_23:11:47: Sent $PING:0
2022-01-07_23:11:48: Read b'PONG:0\r\n'
2022-01-07_23:11:48: Port configured to COM6
2022-01-07_23:13:10: Ports detected: ['COM6']
2022-01-07_23:13:10: Checking port COM6
2022-01-07_23:13:10: Port configured to COM6
2022-01-07_23:13:12: Sent $PING:0
2022-01-07_23:13:13: Read b'PONG:0\r\n'
2022-01-07_23:13:13: Port configured to COM6
2022-01-07_23:14:25: Ports detected: ['COM6']
2022-01-07_23:14:25: Checking port COM6
2022-01-07_23:14:25: Port configured to COM6
2022-01-07_23:14:27: Sent $PING:0
2022-01-07_23:14:28: Read b'PONG:0\r\n'
2022-01-07_23:14:28: Port configured to COM6
2022-01-07_23:15:36: Ports detected: ['COM6']
2022-01-07_23:15:36: Checking port COM6
2022-01-07_23:15:36: Port configured to COM6
2022-01-07_23:15:38: Sent $PING:0
2022-01-07_23:15:39: Read b'PONG:0\r\n'
2022-01-07_23:15:39: Port configured to COM6
2022-01-07_23:17:20: Ports detected: ['COM6']
2022-01-07_23:17:20: Checking port COM6
2022-01-07_23:17:20: Port configured to COM6
2022-01-07_23:17:22: Sent $PING:0
2022-01-07_23:17:23: Read b'PONG:0\r\n'
2022-01-07_23:17:23: Port configured to COM6
2022-01-07_23:18:37: Ports detected: ['COM6']
2022-01-07_23:18:37: Checking port COM6
2022-01-07_23:18:37: Port configured to COM6
2022-01-07_23:18:46: Ports detected: ['COM6']
2022-01-07_23:18:46: Checking port COM6
2022-01-07_23:18:46: Port configured to COM6
2022-01-07_23:18:48: Sent $PING:0
2022-01-07_23:18:49: Read b'PONG:0\r\n'
2022-01-07_23:18:49: Port configured to COM6
2022-01-07_23:21:05: Ports detected: ['COM6']
2022-01-07_23:21:05: Checking port COM6
2022-01-07_23:21:05: Port configured to COM6
2022-01-07_23:21:07: Sent $PING:0
2022-01-07_23:21:08: Read b'PONG:0\r\n'
2022-01-07_23:21:08: Port configured to COM6
2022-01-07_23:21:45: Ports detected: ['COM6']
2022-01-07_23:21:45: Checking port COM6
2022-01-07_23:21:45: Port configured to COM6
2022-01-07_23:21:47: Sent $PING:0
2022-01-07_23:21:48: Read b'PONG:0\r\n'
2022-01-07_23:21:48: Port configured to COM6
2022-01-07_23:23:00: Ports detected: ['COM6']
2022-01-07_23:23:00: Checking port COM6
2022-01-07_23:23:00: Port configured to COM6
2022-01-07_23:23:02: Sent $PING:0
2022-01-07_23:23:03: Read b'PONG:0\r\n'
2022-01-07_23:23:03: Port configured to COM6
2022-01-07_23:23:51: Ports detected: ['COM6']
2022-01-07_23:23:51: Checking port COM6
2022-01-07_23:23:51: Port configured to COM6
2022-01-07_23:23:53: Sent $PING:0
2022-01-07_23:23:54: Read b'PONG:0\r\n'
2022-01-07_23:23:54: Port configured to COM6
2022-01-07_23:26:32: Ports detected: ['COM6']
2022-01-07_23:26:32: Checking port COM6
2022-01-07_23:26:32: Port configured to COM6
2022-01-07_23:26:34: Sent $PING:0
2022-01-07_23:26:35: Read b'PONG:0\r\n'
2022-01-07_23:26:35: Port configured to COM6
2022-01-07_23:26:50: Ports detected: ['COM6']
2022-01-07_23:26:50: Checking port COM6
2022-01-07_23:26:50: Port configured to COM6
2022-01-07_23:26:52: Sent $PING:0
2022-01-07_23:26:53: Read b'PONG:0\r\n'
2022-01-07_23:26:53: Port configured to COM6
2022-01-07_23:27:58: Ports detected: ['COM6']
2022-01-07_23:27:58: Checking port COM6
2022-01-07_23:27:58: Port configured to COM6
2022-01-07_23:28:00: Sent $PING:0
2022-01-07_23:28:01: Read b'PONG:0\r\n'
2022-01-07_23:28:01: Port configured to COM6
2022-01-07_23:29:05: Ports detected: ['COM6']
2022-01-07_23:29:05: Checking port COM6
2022-01-07_23:29:05: Port configured to COM6
2022-01-07_23:29:07: Sent $PING:0
2022-01-07_23:29:08: Read b'PONG:0\r\n'
2022-01-07_23:29:08: Port configured to COM6
2022-01-07_23:30:01: Ports detected: ['COM6']
2022-01-07_23:30:01: Checking port COM6
2022-01-07_23:30:01: Port configured to COM6
2022-01-07_23:30:03: Sent $PING:0
2022-01-07_23:30:04: Read b'PONG:0\r\n'
2022-01-07_23:30:04: Port configured to COM6
2022-01-07_23:31:40: Ports detected: ['COM6']
2022-01-07_23:31:40: Checking port COM6
2022-01-07_23:31:40: Port configured to COM6
2022-01-07_23:31:42: Sent $PING:0
2022-01-07_23:31:43: Read b'PONG:0\r\n'
2022-01-07_23:31:43: Port configured to COM6
2022-01-07_23:32:23: Ports detected: ['COM6']
2022-01-07_23:32:23: Checking port COM6
2022-01-07_23:32:23: Port configured to COM6
2022-01-07_23:32:25: Sent $PING:0
2022-01-07_23:32:26: Read b'PONG:0\r\n'
2022-01-07_23:32:26: Port configured to COM6
2022-01-07_23:33:03: Ports detected: ['COM6']
2022-01-07_23:33:03: Checking port COM6
2022-01-07_23:33:03: Port configured to COM6
2022-01-07_23:33:05: Sent $PING:0
2022-01-07_23:33:06: Read b'PONG:0\r\n'
2022-01-07_23:33:06: Port configured to COM6
2022-01-07_23:33:44: Ports detected: ['COM6']
2022-01-07_23:33:44: Checking port COM6
2022-01-07_23:33:44: Port configured to COM6
2022-01-07_23:33:46: Sent $PING:0
2022-01-07_23:33:47: Read b'PONG:0\r\n'
2022-01-07_23:33:47: Port configured to COM6
2022-01-07_23:34:08: Ports detected: ['COM6']
2022-01-07_23:34:08: Checking port COM6
2022-01-07_23:34:08: Port configured to COM6
2022-01-07_23:34:10: Sent $PING:0
2022-01-07_23:34:11: Read b'PONG:0\r\n'
2022-01-07_23:34:11: Port configured to COM6
2022-01-07_23:34:36: Ports detected: ['COM6']
2022-01-07_23:34:36: Checking port COM6
2022-01-07_23:34:36: Port configured to COM6
2022-01-07_23:34:38: Sent $PING:0
2022-01-07_23:34:39: Read b'PONG:0\r\n'
2022-01-07_23:34:39: Port configured to COM6
2022-01-07_23:35:17: Ports detected: ['COM6']
2022-01-07_23:35:17: Checking port COM6
2022-01-07_23:35:17: Port configured to COM6
2022-01-07_23:35:19: Sent $PING:0
2022-01-07_23:35:20: Read b'PONG:0\r\n'
2022-01-07_23:35:20: Port configured to COM6
2022-01-07_23:37:28: Ports detected: ['COM6']
2022-01-07_23:37:28: Checking port COM6
2022-01-07_23:37:28: Port configured to COM6
2022-01-07_23:37:30: Sent $PING:0
2022-01-07_23:37:31: Read b'PONG:0\r\n'
2022-01-07_23:37:31: Port configured to COM6
2022-01-07_23:41:05: Ports detected: ['COM6']
2022-01-07_23:41:05: Checking port COM6
2022-01-07_23:41:05: Port configured to COM6
2022-01-07_23:41:07: Sent $PING:0
2022-01-07_23:41:08: Read b'PONG:0\r\n'
2022-01-07_23:41:08: Port configured to COM6
2022-01-07_23:45:21: Ports detected: ['COM6']
2022-01-07_23:45:21: Checking port COM6
2022-01-07_23:45:21: Port configured to COM6
2022-01-07_23:45:23: Sent $PING:0
2022-01-07_23:45:24: Read b'PONG:0\r\n'
2022-01-07_23:45:24: Port configured to COM6
2022-01-07_23:46:51: Ports detected: ['COM6']
2022-01-07_23:46:51: Checking port COM6
2022-01-07_23:46:51: Port configured to COM6
2022-01-07_23:46:53: Sent $PING:0
2022-01-07_23:46:54: Read b'PONG:0\r\n'
2022-01-07_23:46:54: Port configured to COM6
2022-01-07_23:48:09: Ports detected: ['COM6']
2022-01-07_23:48:09: Checking port COM6
2022-01-07_23:48:09: Port configured to COM6
2022-01-07_23:48:11: Sent $PING:0
2022-01-07_23:48:12: Read b'PONG:0\r\n'
2022-01-07_23:48:12: Port configured to COM6
2022-01-07_23:48:37: Ports detected: ['COM6']
2022-01-07_23:48:37: Checking port COM6
2022-01-07_23:48:37: Port configured to COM6
2022-01-07_23:48:39: Sent $PING:0
2022-01-07_23:48:40: Read b'PONG:0\r\n'
2022-01-07_23:48:40: Port configured to COM6
2022-01-07_23:50:51: Ports detected: ['COM6']
2022-01-07_23:50:51: Checking port COM6
2022-01-07_23:50:51: Port configured to COM6
2022-01-07_23:50:53: Sent $PING:0
2022-01-07_23:50:54: Read b'PONG:0\r\n'
2022-01-07_23:50:54: Port configured to COM6
2022-01-07_23:51:03: Ports detected: ['COM6']
2022-01-07_23:51:03: Checking port COM6
2022-01-07_23:51:03: Port configured to COM6
2022-01-07_23:51:05: Sent $PING:0
2022-01-07_23:51:06: Read b'PONG:0\r\n'
2022-01-07_23:51:06: Port configured to COM6
2022-01-07_23:52:13: Ports detected: ['COM6']
2022-01-07_23:52:13: Checking port COM6
2022-01-07_23:52:13: Port configured to COM6
2022-01-07_23:52:15: Sent $PING:0
2022-01-07_23:52:16: Read b'PONG:0\r\n'
2022-01-07_23:52:16: Port configured to COM6
2022-01-07_23:52:30: Ports detected: ['COM6']
2022-01-07_23:52:30: Checking port COM6
2022-01-07_23:52:30: Port configured to COM6
2022-01-07_23:52:32: Sent $PING:0
2022-01-07_23:52:33: Read b'PONG:0\r\n'
2022-01-07_23:52:33: Port configured to COM6
2022-01-07_23:58:01: Ports detected: ['COM6']
2022-01-07_23:58:01: Checking port COM6
2022-01-07_23:58:01: Port configured to COM6
2022-01-07_23:58:03: Sent $PING:0
2022-01-07_23:58:04: Read b'PONG:0\r\n'
2022-01-07_23:58:04: Port configured to COM6
2022-01-07_23:58:34: Ports detected: ['COM6']
2022-01-07_23:58:34: Checking port COM6
2022-01-07_23:58:34: Port configured to COM6
2022-01-07_23:58:36: Sent $PING:0
2022-01-07_23:58:37: Read b'PONG:0\r\n'
2022-01-07_23:58:37: Port configured to COM6
2022-01-07_23:59:14: Ports detected: ['COM6']
2022-01-07_23:59:14: Checking port COM6
2022-01-07_23:59:14: Port configured to COM6
2022-01-07_23:59:16: Sent $PING:0
2022-01-07_23:59:18: Read b'PONG:0\r\n'
2022-01-07_23:59:18: Port configured to COM6
