2022-01-06_00:00:03: Ports detected: ['COM6']
2022-01-06_00:00:03: Checking port COM6
2022-01-06_00:00:03: Port configured to COM6
2022-01-06_00:00:05: Sent $PING:0
2022-01-06_00:00:06: Read b'PONG:0\r\n'
2022-01-06_00:00:06: Port configured to COM6
2022-01-06_00:01:38: Ports detected: ['COM6']
2022-01-06_00:01:38: Checking port COM6
2022-01-06_00:01:38: Port configured to COM6
2022-01-06_00:01:40: Sent $PING:0
2022-01-06_00:01:41: Read b'PONG:0\r\n'
2022-01-06_00:01:41: Port configured to COM6
2022-01-06_00:02:02: Ports detected: ['COM6']
2022-01-06_00:02:02: Checking port COM6
2022-01-06_00:02:02: Port configured to COM6
2022-01-06_00:02:04: Sent $PING:0
2022-01-06_00:02:05: Read b'PONG:0\r\n'
2022-01-06_00:02:05: Port configured to COM6
2022-01-06_00:02:26: Ports detected: ['COM6']
2022-01-06_00:02:26: Checking port COM6
2022-01-06_00:02:26: Port configured to COM6
2022-01-06_00:02:28: Sent $PING:0
2022-01-06_00:02:29: Read b'PONG:0\r\n'
2022-01-06_00:02:29: Port configured to COM6
2022-01-06_00:02:41: Ports detected: ['COM6']
2022-01-06_00:02:41: Checking port COM6
2022-01-06_00:02:41: Port configured to COM6
2022-01-06_00:02:43: Sent $PING:0
2022-01-06_00:02:44: Read b'PONG:0\r\n'
2022-01-06_00:02:44: Port configured to COM6
2022-01-06_00:05:34: Ports detected: ['COM6']
2022-01-06_00:05:34: Checking port COM6
2022-01-06_00:05:34: Port configured to COM6
2022-01-06_00:05:36: Sent $PING:0
2022-01-06_00:05:37: Read b'PONG:0\r\n'
2022-01-06_00:05:37: Port configured to COM6
2022-01-06_00:05:54: Ports detected: ['COM6']
2022-01-06_00:05:54: Checking port COM6
2022-01-06_00:05:54: Port configured to COM6
2022-01-06_00:05:56: Sent $PING:0
2022-01-06_00:05:57: Read b'PONG:0\r\n'
2022-01-06_00:05:57: Port configured to COM6
2022-01-06_00:11:52: Ports detected: ['COM6']
2022-01-06_00:11:52: Checking port COM6
2022-01-06_00:11:52: Port configured to COM6
2022-01-06_00:11:54: Sent $PING:0
2022-01-06_00:11:56: Read b'PONG:0\r\n'
2022-01-06_00:11:56: Port configured to COM6
2022-01-06_00:18:00: Ports detected: ['COM6']
2022-01-06_00:18:00: Checking port COM6
2022-01-06_00:18:00: Port configured to COM6
2022-01-06_00:18:02: Sent $PING:0
2022-01-06_00:18:03: Read b'PONG:0\r\n'
2022-01-06_00:18:03: Port configured to COM6
2022-01-06_00:18:59: Ports detected: ['COM6']
2022-01-06_00:18:59: Checking port COM6
2022-01-06_00:18:59: Port configured to COM6
2022-01-06_00:19:01: Sent $PING:0
2022-01-06_00:19:02: Read b'PONG:0\r\n'
2022-01-06_00:19:02: Port configured to COM6
2022-01-06_00:19:57: Ports detected: ['COM6']
2022-01-06_00:19:57: Checking port COM6
2022-01-06_00:19:57: Port configured to COM6
2022-01-06_00:19:59: Sent $PING:0
2022-01-06_00:20:00: Read b'PONG:0\r\n'
2022-01-06_00:20:00: Port configured to COM6
2022-01-06_00:20:53: Ports detected: ['COM6']
2022-01-06_00:20:53: Checking port COM6
2022-01-06_00:20:53: Port configured to COM6
2022-01-06_00:20:55: Sent $PING:0
2022-01-06_00:20:56: Read b'PONG:0\r\n'
2022-01-06_00:20:56: Port configured to COM6
2022-01-06_00:21:19: Ports detected: ['COM6']
2022-01-06_00:21:19: Checking port COM6
2022-01-06_00:21:19: Port configured to COM6
2022-01-06_00:21:21: Sent $PING:0
2022-01-06_00:21:22: Read b'PONG:0\r\n'
2022-01-06_00:21:22: Port configured to COM6
2022-01-06_00:22:24: Ports detected: ['COM6']
2022-01-06_00:22:24: Checking port COM6
2022-01-06_00:22:24: Port configured to COM6
2022-01-06_00:22:26: Sent $PING:0
2022-01-06_00:22:27: Read b'PONG:0\r\n'
2022-01-06_00:22:27: Port configured to COM6
2022-01-06_00:39:06: Ports detected: ['COM6']
2022-01-06_00:39:06: Checking port COM6
2022-01-06_00:39:06: Port configured to COM6
2022-01-06_00:39:08: Sent $PING:0
2022-01-06_00:39:09: Read b'PONG:0\r\n'
2022-01-06_00:39:09: Port configured to COM6
2022-01-06_00:39:28: Ports detected: ['COM6']
2022-01-06_00:39:28: Checking port COM6
2022-01-06_00:39:28: Port configured to COM6
2022-01-06_00:39:30: Sent $PING:0
2022-01-06_00:39:31: Read b'PONG:0\r\n'
2022-01-06_00:39:31: Port configured to COM6
2022-01-06_00:40:20: Ports detected: ['COM6']
2022-01-06_00:40:20: Checking port COM6
2022-01-06_00:40:20: Port configured to COM6
2022-01-06_00:40:22: Sent $PING:0
2022-01-06_00:40:23: Read b'PONG:0\r\n'
2022-01-06_00:40:23: Port configured to COM6
2022-01-06_00:42:05: Ports detected: ['COM6']
2022-01-06_00:42:05: Checking port COM6
2022-01-06_00:42:05: Port configured to COM6
2022-01-06_00:42:07: Sent $PING:0
2022-01-06_00:42:08: Read b'PONG:0\r\n'
2022-01-06_00:42:08: Port configured to COM6
2022-01-06_00:42:23: Ports detected: ['COM6']
2022-01-06_00:42:23: Checking port COM6
2022-01-06_00:42:23: Port configured to COM6
2022-01-06_00:42:25: Sent $PING:0
2022-01-06_00:42:26: Read b'PONG:0\r\n'
2022-01-06_00:42:26: Port configured to COM6
2022-01-06_00:44:50: Ports detected: ['COM6']
2022-01-06_00:44:50: Checking port COM6
2022-01-06_00:44:50: Port configured to COM6
2022-01-06_00:44:52: Sent $PING:0
2022-01-06_00:44:53: Read b'PONG:0\r\n'
2022-01-06_00:44:53: Port configured to COM6
2022-01-06_00:46:07: Ports detected: ['COM6']
2022-01-06_00:46:07: Checking port COM6
2022-01-06_00:46:07: Port configured to COM6
2022-01-06_00:46:09: Sent $PING:0
2022-01-06_00:46:10: Read b'PONG:0\r\n'
2022-01-06_00:46:10: Port configured to COM6
2022-01-06_00:46:35: Ports detected: ['COM6']
2022-01-06_00:46:35: Checking port COM6
2022-01-06_00:46:35: Port configured to COM6
2022-01-06_00:46:37: Sent $PING:0
2022-01-06_00:46:38: Read b'PONG:0\r\n'
2022-01-06_00:46:38: Port configured to COM6
2022-01-06_00:49:56: Ports detected: ['COM6']
2022-01-06_00:49:56: Checking port COM6
2022-01-06_00:49:56: Port configured to COM6
2022-01-06_00:49:58: Sent $PING:0
2022-01-06_00:49:59: Read b'PONG:0\r\n'
2022-01-06_00:49:59: Port configured to COM6
2022-01-06_00:52:00: Ports detected: ['COM6']
2022-01-06_00:52:00: Checking port COM6
2022-01-06_00:52:00: Port configured to COM6
2022-01-06_00:52:02: Sent $PING:0
2022-01-06_00:52:03: Read b'PONG:0\r\n'
2022-01-06_00:52:03: Port configured to COM6
2022-01-06_00:54:45: Ports detected: ['COM6']
2022-01-06_00:54:45: Checking port COM6
2022-01-06_00:54:45: Port configured to COM6
2022-01-06_00:54:47: Sent $PING:0
2022-01-06_00:54:48: Read b'PONG:0\r\n'
2022-01-06_00:54:48: Port configured to COM6
2022-01-06_00:55:31: Ports detected: ['COM6']
2022-01-06_00:55:31: Checking port COM6
2022-01-06_00:55:31: Port configured to COM6
2022-01-06_00:55:34: Sent $PING:0
2022-01-06_00:55:35: Read b'PONG:0\r\n'
2022-01-06_00:55:35: Port configured to COM6
2022-01-06_00:57:45: Ports detected: ['COM6']
2022-01-06_00:57:45: Checking port COM6
2022-01-06_00:57:45: Port configured to COM6
2022-01-06_00:57:47: Sent $PING:0
2022-01-06_00:57:48: Read b'PONG:0\r\n'
2022-01-06_00:57:48: Port configured to COM6
2022-01-06_00:57:58: Ports detected: ['COM6']
2022-01-06_00:57:58: Checking port COM6
2022-01-06_00:57:58: Port configured to COM6
2022-01-06_00:58:00: Sent $PING:0
2022-01-06_00:58:01: Read b'PONG:0\r\n'
2022-01-06_00:58:01: Port configured to COM6
2022-01-06_00:58:09: Ports detected: ['COM6']
2022-01-06_00:58:09: Checking port COM6
2022-01-06_00:58:09: Port configured to COM6
2022-01-06_00:58:11: Sent $PING:0
2022-01-06_00:58:12: Read b'PONG:0\r\n'
2022-01-06_00:58:12: Port configured to COM6
2022-01-06_00:58:20: Ports detected: ['COM6']
2022-01-06_00:58:20: Checking port COM6
2022-01-06_00:58:20: Port configured to COM6
2022-01-06_00:58:22: Sent $PING:0
2022-01-06_00:58:23: Read b'PONG:0\r\n'
2022-01-06_00:58:23: Port configured to COM6
2022-01-06_00:58:41: Ports detected: ['COM6']
2022-01-06_00:58:41: Checking port COM6
2022-01-06_00:58:41: Port configured to COM6
2022-01-06_00:58:43: Sent $PING:0
2022-01-06_00:58:44: Read b'PONG:0\r\n'
2022-01-06_00:58:44: Port configured to COM6
2022-01-06_01:00:18: Ports detected: ['COM6']
2022-01-06_01:00:18: Checking port COM6
2022-01-06_01:00:18: Port configured to COM6
2022-01-06_01:00:20: Sent $PING:0
2022-01-06_01:00:21: Read b'PONG:0\r\n'
2022-01-06_01:00:21: Port configured to COM6
2022-01-06_01:01:00: Ports detected: ['COM6']
2022-01-06_01:01:00: Checking port COM6
2022-01-06_01:01:00: Port configured to COM6
2022-01-06_01:01:02: Sent $PING:0
2022-01-06_01:01:03: Read b'PONG:0\r\n'
2022-01-06_01:01:03: Port configured to COM6
2022-01-06_01:01:45: Ports detected: ['COM6']
2022-01-06_01:01:45: Checking port COM6
2022-01-06_01:01:45: Port configured to COM6
2022-01-06_01:01:47: Sent $PING:0
2022-01-06_01:01:48: Read b'PONG:0\r\n'
2022-01-06_01:01:48: Port configured to COM6
2022-01-06_19:25:53: Ports detected: ['COM6']
2022-01-06_19:25:53: Checking port COM6
2022-01-06_19:25:53: Port configured to COM6
2022-01-06_19:25:55: Sent $PING:0
2022-01-06_19:25:56: Read b'PONG:0\r\n'
2022-01-06_19:25:56: Port configured to COM6
2022-01-06_20:01:30: Ports detected: ['COM6']
2022-01-06_20:01:30: Checking port COM6
2022-01-06_20:01:30: Port configured to COM6
2022-01-06_20:01:32: Sent $PING:0
2022-01-06_20:01:33: Read b'PONG:0\r\n'
2022-01-06_20:01:33: Port configured to COM6
2022-01-06_20:01:52: Ports detected: ['COM6']
2022-01-06_20:01:52: Checking port COM6
2022-01-06_20:01:52: Port configured to COM6
2022-01-06_20:01:54: Sent $PING:0
2022-01-06_20:01:55: Read b'PONG:0\r\n'
2022-01-06_20:01:55: Port configured to COM6
2022-01-06_20:22:40: Ports detected: ['COM6']
2022-01-06_20:22:40: Checking port COM6
2022-01-06_20:22:40: Port configured to COM6
2022-01-06_20:22:42: Sent $PING:0
2022-01-06_20:22:43: Read b'PONG:0\r\n'
2022-01-06_20:22:43: Port configured to COM6
2022-01-06_20:27:38: Ports detected: ['COM6']
2022-01-06_20:27:38: Checking port COM6
2022-01-06_20:27:38: Port configured to COM6
2022-01-06_20:27:40: Sent $PING:0
2022-01-06_20:27:41: Read b'PONG:0\r\n'
2022-01-06_20:27:41: Port configured to COM6
2022-01-06_20:29:43: Ports detected: ['COM6']
2022-01-06_20:29:43: Checking port COM6
2022-01-06_20:29:43: Port configured to COM6
2022-01-06_20:29:45: Sent $PING:0
2022-01-06_20:29:46: Read b'PONG:0\r\n'
2022-01-06_20:29:46: Port configured to COM6
2022-01-06_20:30:02: Ports detected: ['COM6']
2022-01-06_20:30:02: Checking port COM6
2022-01-06_20:30:02: Port configured to COM6
2022-01-06_20:30:04: Sent $PING:0
2022-01-06_20:30:05: Read b'PONG:0\r\n'
2022-01-06_20:30:05: Port configured to COM6
2022-01-06_20:46:16: Ports detected: ['COM6']
2022-01-06_20:46:16: Checking port COM6
2022-01-06_20:46:16: Port configured to COM6
2022-01-06_20:46:18: Sent $PING:0
2022-01-06_20:46:19: Read b'PONG:0\r\n'
2022-01-06_20:46:19: Port configured to COM6
2022-01-06_21:23:14: Ports detected: ['COM6']
2022-01-06_21:23:14: Checking port COM6
2022-01-06_21:23:14: Port configured to COM6
2022-01-06_21:23:16: Sent $PING:0
2022-01-06_21:23:17: Read b'PONG:0\r\n'
2022-01-06_21:23:17: Port configured to COM6
2022-01-06_21:24:45: Ports detected: ['COM6']
2022-01-06_21:24:45: Checking port COM6
2022-01-06_21:24:45: Port configured to COM6
2022-01-06_21:24:47: Sent $PING:0
2022-01-06_21:24:48: Read b'PONG:0\r\n'
2022-01-06_21:24:48: Port configured to COM6
2022-01-06_21:26:38: Ports detected: ['COM6']
2022-01-06_21:26:38: Checking port COM6
2022-01-06_21:26:38: Port configured to COM6
2022-01-06_21:26:40: Sent $PING:0
2022-01-06_21:26:41: Read b'PONG:0\r\n'
2022-01-06_21:26:41: Port configured to COM6
