2022-01-05_10:14:20: Ports detected: ['COM6']
2022-01-05_10:14:20: Checking port COM6
2022-01-05_10:14:20: Port configured to COM6
2022-01-05_10:14:22: Sent $PING:0
2022-01-05_10:14:23: Read b'PONG:0\r\n'
2022-01-05_10:14:23: Port configured to COM6
2022-01-05_10:21:11: Ports detected: ['COM6']
2022-01-05_10:21:11: Checking port COM6
2022-01-05_10:21:11: Port configured to COM6
2022-01-05_10:21:13: Sent $PING:0
2022-01-05_10:21:14: Read b'PONG:0\r\n'
2022-01-05_10:21:14: Port configured to COM6
2022-01-05_10:21:50: Ports detected: ['COM6']
2022-01-05_10:21:50: Checking port COM6
2022-01-05_10:21:50: Port configured to COM6
2022-01-05_10:21:52: Sent $PING:0
2022-01-05_10:21:53: Read b'PONG:0\r\n'
2022-01-05_10:21:53: Port configured to COM6
2022-01-05_10:27:18: Ports detected: ['COM6']
2022-01-05_10:27:18: Checking port COM6
2022-01-05_10:27:18: Port configured to COM6
2022-01-05_10:27:20: Sent $PING:0
2022-01-05_10:27:21: Read b'PONG:0\r\n'
2022-01-05_10:27:21: Port configured to COM6
2022-01-05_10:28:37: Ports detected: ['COM6']
2022-01-05_10:28:37: Checking port COM6
2022-01-05_10:28:37: Port configured to COM6
2022-01-05_10:28:39: Sent $PING:0
2022-01-05_10:28:40: Read b'PONG:0\r\n'
2022-01-05_10:28:40: Port configured to COM6
2022-01-05_10:29:11: Ports detected: ['COM6']
2022-01-05_10:29:11: Checking port COM6
2022-01-05_10:29:11: Port configured to COM6
2022-01-05_10:29:13: Sent $PING:0
2022-01-05_10:29:14: Read b'PONG:0\r\n'
2022-01-05_10:29:14: Port configured to COM6
2022-01-05_10:33:12: Ports detected: ['COM6']
2022-01-05_10:33:12: Checking port COM6
2022-01-05_10:33:12: Port configured to COM6
2022-01-05_10:33:14: Sent $PING:0
2022-01-05_10:33:15: Read b'PONG:0\r\n'
2022-01-05_10:33:15: Port configured to COM6
2022-01-05_10:37:47: Ports detected: ['COM6']
2022-01-05_10:37:47: Checking port COM6
2022-01-05_10:37:47: Port configured to COM6
2022-01-05_10:37:49: Sent $PING:0
2022-01-05_10:37:50: Read b'PONG:0\r\n'
2022-01-05_10:37:50: Port configured to COM6
2022-01-05_10:41:42: Ports detected: ['COM6']
2022-01-05_10:41:42: Checking port COM6
2022-01-05_10:41:42: Port configured to COM6
2022-01-05_10:41:44: Sent $PING:0
2022-01-05_10:41:45: Read b'PONG:0\r\n'
2022-01-05_10:41:45: Port configured to COM6
2022-01-05_10:50:32: Ports detected: ['COM6']
2022-01-05_10:50:32: Checking port COM6
2022-01-05_10:50:32: Port configured to COM6
2022-01-05_10:50:34: Sent $PING:0
2022-01-05_10:50:35: Read b'PONG:0\r\n'
2022-01-05_10:50:35: Port configured to COM6
2022-01-05_10:53:42: Ports detected: ['COM6']
2022-01-05_10:53:42: Checking port COM6
2022-01-05_10:53:42: Port configured to COM6
2022-01-05_10:53:44: Sent $PING:0
2022-01-05_10:53:45: Read b'PONG:0\r\n'
2022-01-05_10:53:45: Port configured to COM6
2022-01-05_10:55:13: Ports detected: ['COM6']
2022-01-05_10:55:13: Checking port COM6
2022-01-05_10:55:13: Port configured to COM6
2022-01-05_10:55:15: Sent $PING:0
2022-01-05_10:55:16: Read b'PONG:0\r\n'
2022-01-05_10:55:16: Port configured to COM6
2022-01-05_11:02:50: Ports detected: ['COM6']
2022-01-05_11:02:50: Checking port COM6
2022-01-05_11:02:50: Port configured to COM6
2022-01-05_11:02:52: Sent $PING:0
2022-01-05_11:02:53: Read b'PONG:0\r\n'
2022-01-05_11:02:53: Port configured to COM6
2022-01-05_11:17:27: Ports detected: ['COM6']
2022-01-05_11:17:27: Checking port COM6
2022-01-05_11:17:27: Port configured to COM6
2022-01-05_11:17:29: Sent $PING:0
2022-01-05_11:17:30: Read b'PONG:0\r\n'
2022-01-05_11:17:30: Port configured to COM6
2022-01-05_11:17:35: Read b''
2022-01-05_11:17:54: Port configured to COM6
2022-01-05_11:17:54: Sent $SET_ONE:1,,;
2022-01-05_11:17:59: Read b''
2022-01-05_11:18:34: Ports detected: ['COM6']
2022-01-05_11:18:34: Checking port COM6
2022-01-05_11:18:34: Port configured to COM6
2022-01-05_11:18:36: Sent $PING:0
2022-01-05_11:18:37: Read b'PONG:0\r\n'
2022-01-05_11:18:37: Port configured to COM6
2022-01-05_11:18:42: Read b''
2022-01-05_11:18:56: Port configured to COM6
2022-01-05_11:18:56: Sent $SET_ONE:1,,;
2022-01-05_11:19:01: Read b''
2022-01-05_11:32:28: Ports detected: ['COM6']
2022-01-05_11:32:28: Checking port COM6
2022-01-05_11:32:28: Port configured to COM6
2022-01-05_11:32:30: Sent $PING:0
2022-01-05_11:32:31: Read b'PONG:0\r\n'
2022-01-05_11:32:31: Port configured to COM6
2022-01-05_11:33:35: Ports detected: ['COM6']
2022-01-05_11:33:35: Checking port COM6
2022-01-05_11:33:35: Port configured to COM6
2022-01-05_11:33:37: Sent $PING:0
2022-01-05_11:33:38: Read b'PONG:0\r\n'
2022-01-05_11:33:38: Port configured to COM6
2022-01-05_11:34:04: Ports detected: ['COM6']
2022-01-05_11:34:04: Checking port COM6
2022-01-05_11:34:04: Port configured to COM6
2022-01-05_11:34:06: Sent $PING:0
2022-01-05_11:34:07: Read b'PONG:0\r\n'
2022-01-05_11:34:07: Port configured to COM6
2022-01-05_11:35:23: Ports detected: ['COM6']
2022-01-05_11:35:23: Checking port COM6
2022-01-05_11:35:23: Port configured to COM6
2022-01-05_11:35:25: Sent $PING:0
2022-01-05_11:35:26: Read b'PONG:0\r\n'
2022-01-05_11:35:26: Port configured to COM6
2022-01-05_11:35:37: Ports detected: ['COM6']
2022-01-05_11:35:37: Checking port COM6
2022-01-05_11:35:37: Port configured to COM6
2022-01-05_11:35:39: Sent $PING:0
2022-01-05_11:35:40: Read b'PONG:0\r\n'
2022-01-05_11:35:40: Port configured to COM6
2022-01-05_11:36:42: Ports detected: ['COM6']
2022-01-05_11:36:42: Checking port COM6
2022-01-05_11:36:42: Port configured to COM6
2022-01-05_11:36:44: Sent $PING:0
2022-01-05_11:36:45: Read b'PONG:0\r\n'
2022-01-05_11:36:45: Port configured to COM6
2022-01-05_11:45:58: Ports detected: ['COM6']
2022-01-05_11:45:58: Checking port COM6
2022-01-05_11:45:58: Port configured to COM6
2022-01-05_11:46:00: Sent $PING:0
2022-01-05_11:46:01: Read b'PONG:0\r\n'
2022-01-05_11:46:01: Port configured to COM6
2022-01-05_11:46:35: Ports detected: ['COM6']
2022-01-05_11:46:35: Checking port COM6
2022-01-05_11:46:35: Port configured to COM6
2022-01-05_11:46:37: Sent $PING:0
2022-01-05_11:46:38: Read b'PONG:0\r\n'
2022-01-05_11:46:38: Port configured to COM6
2022-01-05_11:49:27: Ports detected: ['COM6']
2022-01-05_11:49:27: Checking port COM6
2022-01-05_11:49:27: Port configured to COM6
2022-01-05_11:49:29: Sent $PING:0
2022-01-05_11:49:30: Read b'PONG:0\r\n'
2022-01-05_11:49:30: Port configured to COM6
2022-01-05_11:50:16: Ports detected: ['COM6']
2022-01-05_11:50:16: Checking port COM6
2022-01-05_11:50:16: Port configured to COM6
2022-01-05_11:50:18: Sent $PING:0
2022-01-05_11:50:19: Read b'PONG:0\r\n'
2022-01-05_11:50:19: Port configured to COM6
2022-01-05_11:50:41: Ports detected: ['COM6']
2022-01-05_11:50:41: Checking port COM6
2022-01-05_11:50:41: Port configured to COM6
2022-01-05_11:51:03: Ports detected: ['COM6']
2022-01-05_11:51:03: Checking port COM6
2022-01-05_11:51:03: Port configured to COM6
2022-01-05_11:52:50: Ports detected: ['COM6']
2022-01-05_11:52:50: Checking port COM6
2022-01-05_11:52:50: Port configured to COM6
2022-01-05_11:52:52: Sent $PING:0
2022-01-05_11:52:53: Read b'PONG:0\r\n'
2022-01-05_11:52:53: Port configured to COM6
2022-01-05_11:53:07: Ports detected: ['COM6']
2022-01-05_11:53:07: Checking port COM6
2022-01-05_11:53:07: Port configured to COM6
2022-01-05_11:53:09: Sent $PING:0
2022-01-05_11:53:10: Read b'PONG:0\r\n'
2022-01-05_11:53:10: Port configured to COM6
2022-01-05_11:53:17: Ports detected: ['COM6']
2022-01-05_11:53:17: Checking port COM6
2022-01-05_11:53:17: Port configured to COM6
2022-01-05_11:53:33: Ports detected: ['COM6']
2022-01-05_11:53:33: Checking port COM6
2022-01-05_11:53:33: Port configured to COM6
2022-01-05_11:54:24: Ports detected: ['COM6']
2022-01-05_11:54:24: Checking port COM6
2022-01-05_11:54:24: Port configured to COM6
2022-01-05_11:55:17: Ports detected: ['COM6']
2022-01-05_11:55:17: Checking port COM6
2022-01-05_11:55:17: Port configured to COM6
2022-01-05_11:55:32: Ports detected: ['COM6']
2022-01-05_11:55:32: Checking port COM6
2022-01-05_11:55:32: Port configured to COM6
2022-01-05_11:56:38: Ports detected: ['COM6']
2022-01-05_11:56:38: Checking port COM6
2022-01-05_11:56:38: Port configured to COM6
2022-01-05_11:58:53: Ports detected: ['COM6']
2022-01-05_11:58:53: Checking port COM6
2022-01-05_11:58:53: Port configured to COM6
2022-01-05_11:59:05: Ports detected: ['COM6']
2022-01-05_11:59:05: Checking port COM6
2022-01-05_11:59:05: Port configured to COM6
2022-01-05_11:59:07: Sent $PING:0
2022-01-05_11:59:08: Read b'PONG:0\r\n'
2022-01-05_11:59:08: Port configured to COM6
2022-01-05_11:59:47: Ports detected: ['COM6']
2022-01-05_11:59:47: Checking port COM6
2022-01-05_11:59:47: Port configured to COM6
2022-01-05_11:59:49: Sent $PING:0
2022-01-05_11:59:50: Read b'PONG:0\r\n'
2022-01-05_11:59:50: Port configured to COM6
2022-01-05_12:00:06: Ports detected: ['COM6']
2022-01-05_12:00:06: Checking port COM6
2022-01-05_12:00:06: Port configured to COM6
2022-01-05_12:00:08: Sent $PING:0
2022-01-05_12:00:09: Read b'PONG:0\r\n'
2022-01-05_12:00:09: Port configured to COM6
2022-01-05_12:00:31: Ports detected: ['COM6']
2022-01-05_12:00:31: Checking port COM6
2022-01-05_12:00:31: Port configured to COM6
2022-01-05_12:00:37: Ports detected: ['COM6']
2022-01-05_12:00:37: Checking port COM6
2022-01-05_12:00:37: Port configured to COM6
2022-01-05_12:00:44: Ports detected: ['COM6']
2022-01-05_12:00:44: Checking port COM6
2022-01-05_12:00:44: Port configured to COM6
2022-01-05_12:00:46: Sent $PING:0
2022-01-05_12:00:47: Read b'PONG:0\r\n'
2022-01-05_12:00:47: Port configured to COM6
2022-01-05_12:03:38: Ports detected: ['COM6']
2022-01-05_12:03:38: Checking port COM6
2022-01-05_12:03:38: Port configured to COM6
2022-01-05_12:03:40: Sent $PING:0
2022-01-05_12:03:41: Read b'PONG:0\r\n'
2022-01-05_12:03:41: Port configured to COM6
2022-01-05_12:03:46: Port configured to COM6
2022-01-05_12:03:46: Sent $SET_ONE:1,,;
2022-01-05_12:03:51: Read b''
2022-01-05_12:05:39: Ports detected: ['COM6']
2022-01-05_12:05:39: Checking port COM6
2022-01-05_12:05:39: Port configured to COM6
2022-01-05_12:05:41: Sent $PING:0
2022-01-05_12:05:42: Read b'PONG:0\r\n'
2022-01-05_12:05:42: Port configured to COM6
2022-01-05_12:08:17: Ports detected: ['COM6']
2022-01-05_12:08:17: Checking port COM6
2022-01-05_12:08:17: Port configured to COM6
2022-01-05_12:08:19: Sent $PING:0
2022-01-05_12:08:20: Read b'PONG:0\r\n'
2022-01-05_12:08:20: Port configured to COM6
2022-01-05_12:09:12: Ports detected: ['COM6']
2022-01-05_12:09:12: Checking port COM6
2022-01-05_12:09:12: Port configured to COM6
2022-01-05_12:09:14: Sent $PING:0
2022-01-05_12:09:15: Read b'PONG:0\r\n'
2022-01-05_12:09:15: Port configured to COM6
2022-01-05_12:09:20: Read b''
2022-01-05_12:13:50: Ports detected: ['COM6']
2022-01-05_12:13:50: Checking port COM6
2022-01-05_12:13:50: Port configured to COM6
2022-01-05_12:13:52: Sent $PING:0
2022-01-05_12:13:53: Read b'PONG:0\r\n'
2022-01-05_12:13:53: Port configured to COM6
2022-01-05_12:13:53: Sent $DATA:
2022-01-05_12:13:58: Read b''
2022-01-05_12:14:03: Read b''
2022-01-05_12:15:44: Ports detected: ['COM6']
2022-01-05_12:15:44: Checking port COM6
2022-01-05_12:15:44: Port configured to COM6
2022-01-05_12:15:46: Sent $PING:0
2022-01-05_12:15:48: Read b'PONG:0\r\n'
2022-01-05_12:15:48: Port configured to COM6
2022-01-05_12:15:48: Sent $START:
2022-01-05_12:15:53: Read b''
2022-01-05_12:15:53: Sent $DATA:
2022-01-05_12:15:58: Read b''
2022-01-05_12:16:03: Read b''
2022-01-05_12:26:25: Ports detected: ['COM6']
2022-01-05_12:26:25: Checking port COM6
2022-01-05_12:26:25: Port configured to COM6
2022-01-05_12:26:27: Sent $PING:0
2022-01-05_12:26:28: Read b'PONG:0\r\n'
2022-01-05_12:26:28: Port configured to COM6
2022-01-05_12:26:52: Ports detected: ['COM6']
2022-01-05_12:26:52: Checking port COM6
2022-01-05_12:26:52: Port configured to COM6
2022-01-05_12:26:54: Sent $PING:0
2022-01-05_12:26:55: Read b'PONG:0\r\n'
2022-01-05_12:26:55: Port configured to COM6
2022-01-05_12:27:10: Ports detected: ['COM6']
2022-01-05_12:27:10: Checking port COM6
2022-01-05_12:27:10: Port configured to COM6
2022-01-05_12:27:12: Sent $PING:0
2022-01-05_12:27:13: Read b'PONG:0\r\n'
2022-01-05_12:27:13: Port configured to COM6
2022-01-05_12:27:13: Sent $START:
2022-01-05_12:27:18: Read b''
2022-01-05_12:27:18: Sent $DATA:
2022-01-05_12:27:23: Read b''
2022-01-05_12:27:28: Read b''
2022-01-05_12:29:36: Ports detected: ['COM6']
2022-01-05_12:29:36: Checking port COM6
2022-01-05_12:29:36: Port configured to COM6
2022-01-05_12:29:38: Sent $PING:0
2022-01-05_12:29:39: Read b'PONG:0\r\n'
2022-01-05_12:29:39: Port configured to COM6
2022-01-05_12:29:39: Sent $START:
2022-01-05_12:29:44: Read b''
2022-01-05_12:29:44: Sent $DATA:
2022-01-05_12:29:49: Read b''
2022-01-05_12:29:54: Read b''
2022-01-05_12:30:17: Ports detected: ['COM6']
2022-01-05_12:30:17: Checking port COM6
2022-01-05_12:30:17: Port configured to COM6
2022-01-05_12:30:19: Sent $PING:0
2022-01-05_12:30:20: Read b'PONG:0\r\n'
2022-01-05_12:30:20: Port configured to COM6
2022-01-05_12:30:20: Sent $START:
2022-01-05_12:30:25: Read b''
2022-01-05_12:30:25: Sent $DATA:
2022-01-05_12:30:30: Read b''
2022-01-05_12:30:35: Read b''
2022-01-05_12:30:46: Ports detected: ['COM6']
2022-01-05_12:30:46: Checking port COM6
2022-01-05_12:30:46: Port configured to COM6
2022-01-05_12:30:49: Sent $PING:0
2022-01-05_12:30:50: Read b'PONG:0\r\n'
2022-01-05_12:30:50: Port configured to COM6
2022-01-05_12:30:50: Sent $START:
2022-01-05_12:30:55: Read b''
2022-01-05_12:30:55: Sent $DATA:
2022-01-05_12:31:00: Read b''
2022-01-05_12:31:05: Read b''
2022-01-05_12:31:05: Sent $DATA:
2022-01-05_12:31:10: Read b''
2022-01-05_12:31:15: Read b''
2022-01-05_12:31:57: Ports detected: ['COM6']
2022-01-05_12:31:57: Checking port COM6
2022-01-05_12:31:57: Port configured to COM6
2022-01-05_12:31:59: Sent $PING:0
2022-01-05_12:32:00: Read b'PONG:0\r\n'
2022-01-05_12:32:00: Port configured to COM6
2022-01-05_12:32:00: Sent $START:
2022-01-05_12:32:05: Read b''
2022-01-05_12:32:05: Sent $DATA:
2022-01-05_12:32:10: Read b''
2022-01-05_12:32:15: Read b''
2022-01-05_12:32:16: Sent $DATA:
2022-01-05_12:32:21: Read b''
2022-01-05_12:32:26: Read b''
2022-01-05_12:32:41: Ports detected: ['COM6']
2022-01-05_12:32:41: Checking port COM6
2022-01-05_12:32:41: Port configured to COM6
2022-01-05_12:32:43: Sent $PING:0
2022-01-05_12:32:44: Read b'PONG:0\r\n'
2022-01-05_12:32:44: Port configured to COM6
2022-01-05_12:32:44: Sent $START:
2022-01-05_12:32:49: Read b''
2022-01-05_12:32:49: Sent $DATA:
2022-01-05_12:32:54: Read b''
2022-01-05_12:32:59: Read b''
2022-01-05_12:32:59: Sent $DATA:
2022-01-05_12:33:04: Read b''
2022-01-05_12:33:09: Read b''
2022-01-05_12:33:09: Sent $DATA:
2022-01-05_12:33:14: Read b''
2022-01-05_12:33:19: Read b''
2022-01-05_12:33:19: Sent $DATA:
2022-01-05_12:33:24: Read b''
2022-01-05_12:33:29: Read b''
2022-01-05_12:33:29: Sent $DATA:
2022-01-05_12:33:34: Read b''
2022-01-05_12:33:39: Read b''
2022-01-05_12:33:40: Sent $DATA:
2022-01-05_12:33:45: Read b''
2022-01-05_12:33:50: Read b''
2022-01-05_12:33:50: Sent $DATA:
2022-01-05_12:33:55: Read b''
2022-01-05_12:34:00: Read b''
2022-01-05_12:34:00: Sent $DATA:
2022-01-05_12:34:05: Read b''
2022-01-05_12:34:10: Read b''
2022-01-05_12:34:37: Ports detected: ['COM6']
2022-01-05_12:34:37: Checking port COM6
2022-01-05_12:34:37: Port configured to COM6
2022-01-05_12:34:39: Sent $PING:0
2022-01-05_12:34:40: Read b'PONG:0\r\n'
2022-01-05_12:34:40: Port configured to COM6
2022-01-05_12:34:40: Sent $START:
2022-01-05_12:34:45: Read b''
2022-01-05_12:34:45: Sent $DATA:
2022-01-05_12:34:51: Read b''
2022-01-05_12:34:56: Read b''
2022-01-05_12:37:30: Ports detected: ['COM6']
2022-01-05_12:37:30: Checking port COM6
2022-01-05_12:37:30: Port configured to COM6
2022-01-05_12:37:32: Sent $PING:0
2022-01-05_12:37:33: Read b'PONG:0\r\n'
2022-01-05_12:37:33: Port configured to COM6
2022-01-05_12:38:45: Ports detected: ['COM6']
2022-01-05_12:38:45: Checking port COM6
2022-01-05_12:38:45: Port configured to COM6
2022-01-05_12:38:47: Sent $PING:0
2022-01-05_12:38:48: Read b'PONG:0\r\n'
2022-01-05_12:38:48: Port configured to COM6
2022-01-05_12:41:01: Ports detected: ['COM6']
2022-01-05_12:41:01: Checking port COM6
2022-01-05_12:41:01: Port configured to COM6
2022-01-05_12:41:03: Sent $PING:0
2022-01-05_12:41:04: Read b'PONG:0\r\n'
2022-01-05_12:41:04: Port configured to COM6
2022-01-05_12:41:30: Ports detected: ['COM6']
2022-01-05_12:41:30: Checking port COM6
2022-01-05_12:41:30: Port configured to COM6
2022-01-05_12:41:32: Sent $PING:0
2022-01-05_12:41:33: Read b'PONG:0\r\n'
2022-01-05_12:41:33: Port configured to COM6
2022-01-05_12:41:53: Ports detected: ['COM6']
2022-01-05_12:41:53: Checking port COM6
2022-01-05_12:41:53: Port configured to COM6
2022-01-05_12:41:55: Sent $PING:0
2022-01-05_12:41:56: Read b'PONG:0\r\n'
2022-01-05_12:41:56: Port configured to COM6
2022-01-05_12:42:10: Ports detected: ['COM6']
2022-01-05_12:42:10: Checking port COM6
2022-01-05_12:42:10: Port configured to COM6
2022-01-05_12:42:12: Sent $PING:0
2022-01-05_12:42:13: Read b'PONG:0\r\n'
2022-01-05_12:42:13: Port configured to COM6
2022-01-05_12:42:46: Ports detected: ['COM6']
2022-01-05_12:42:46: Checking port COM6
2022-01-05_12:42:46: Port configured to COM6
2022-01-05_12:42:48: Sent $PING:0
2022-01-05_12:42:49: Read b'PONG:0\r\n'
2022-01-05_12:42:49: Port configured to COM6
2022-01-05_12:45:03: Ports detected: ['COM6']
2022-01-05_12:45:03: Checking port COM6
2022-01-05_12:45:03: Port configured to COM6
2022-01-05_12:45:05: Sent $PING:0
2022-01-05_12:45:06: Read b'PONG:0\r\n'
2022-01-05_12:45:06: Port configured to COM6
2022-01-05_12:46:28: Ports detected: ['COM6']
2022-01-05_12:46:28: Checking port COM6
2022-01-05_12:46:28: Port configured to COM6
2022-01-05_12:46:30: Sent $PING:0
2022-01-05_12:46:31: Read b'PONG:0\r\n'
2022-01-05_12:46:31: Port configured to COM6
2022-01-05_12:48:47: Ports detected: ['COM6']
2022-01-05_12:48:47: Checking port COM6
2022-01-05_12:48:47: Port configured to COM6
2022-01-05_12:48:49: Sent $PING:0
2022-01-05_12:48:50: Read b'PONG:0\r\n'
2022-01-05_12:48:50: Port configured to COM6
2022-01-05_12:49:23: Ports detected: ['COM6']
2022-01-05_12:49:23: Checking port COM6
2022-01-05_12:49:23: Port configured to COM6
2022-01-05_12:49:25: Sent $PING:0
2022-01-05_12:49:26: Read b'PONG:0\r\n'
2022-01-05_12:49:26: Port configured to COM6
2022-01-05_12:53:29: Ports detected: ['COM6']
2022-01-05_12:53:29: Checking port COM6
2022-01-05_12:53:29: Port configured to COM6
2022-01-05_12:53:31: Sent $PING:0
2022-01-05_12:53:32: Read b'PONG:0\r\n'
2022-01-05_12:53:32: Port configured to COM6
2022-01-05_12:53:44: Ports detected: ['COM6']
2022-01-05_12:53:44: Checking port COM6
2022-01-05_12:53:44: Port configured to COM6
2022-01-05_12:53:46: Sent $PING:0
2022-01-05_12:53:47: Read b'PONG:0\r\n'
2022-01-05_12:53:47: Port configured to COM6
2022-01-05_12:54:18: Ports detected: ['COM6']
2022-01-05_12:54:18: Checking port COM6
2022-01-05_12:54:18: Port configured to COM6
2022-01-05_12:54:20: Sent $PING:0
2022-01-05_12:54:21: Read b'PONG:0\r\n'
2022-01-05_12:54:21: Port configured to COM6
2022-01-05_12:55:24: Ports detected: ['COM6']
2022-01-05_12:55:24: Checking port COM6
2022-01-05_12:55:24: Port configured to COM6
2022-01-05_12:55:26: Sent $PING:0
2022-01-05_12:55:27: Read b'PONG:0\r\n'
2022-01-05_12:55:27: Port configured to COM6
2022-01-05_12:58:48: Ports detected: ['COM6']
2022-01-05_12:58:48: Checking port COM6
2022-01-05_12:58:48: Port configured to COM6
2022-01-05_12:58:51: Sent $PING:0
2022-01-05_12:58:52: Read b'PONG:0\r\n'
2022-01-05_12:58:52: Port configured to COM6
2022-01-05_12:59:23: Ports detected: ['COM6']
2022-01-05_12:59:23: Checking port COM6
2022-01-05_12:59:23: Port configured to COM6
2022-01-05_12:59:25: Sent $PING:0
2022-01-05_12:59:26: Read b'PONG:0\r\n'
2022-01-05_12:59:26: Port configured to COM6
2022-01-05_13:00:16: Ports detected: ['COM6']
2022-01-05_13:00:16: Checking port COM6
2022-01-05_13:00:16: Port configured to COM6
2022-01-05_13:00:18: Sent $PING:0
2022-01-05_13:00:19: Read b'PONG:0\r\n'
2022-01-05_13:00:19: Port configured to COM6
2022-01-05_13:01:17: Ports detected: ['COM6']
2022-01-05_13:01:17: Checking port COM6
2022-01-05_13:01:17: Port configured to COM6
2022-01-05_13:01:19: Sent $PING:0
2022-01-05_13:01:20: Read b'PONG:0\r\n'
2022-01-05_13:01:20: Port configured to COM6
2022-01-05_13:01:51: Ports detected: ['COM6']
2022-01-05_13:01:51: Checking port COM6
2022-01-05_13:01:51: Port configured to COM6
2022-01-05_13:01:53: Sent $PING:0
2022-01-05_13:01:54: Read b'PONG:0\r\n'
2022-01-05_13:01:54: Port configured to COM6
2022-01-05_13:02:59: Ports detected: ['COM6']
2022-01-05_13:02:59: Checking port COM6
2022-01-05_13:02:59: Port configured to COM6
2022-01-05_13:03:01: Sent $PING:0
2022-01-05_13:03:02: Read b'PONG:0\r\n'
2022-01-05_13:03:02: Port configured to COM6
2022-01-05_13:06:23: Ports detected: ['COM6']
2022-01-05_13:06:23: Checking port COM6
2022-01-05_13:06:23: Port configured to COM6
2022-01-05_13:06:25: Sent $PING:0
2022-01-05_13:06:26: Read b'PONG:0\r\n'
2022-01-05_13:06:26: Port configured to COM6
2022-01-05_13:07:38: Ports detected: ['COM6']
2022-01-05_13:07:38: Checking port COM6
2022-01-05_13:07:38: Port configured to COM6
2022-01-05_13:07:40: Sent $PING:0
2022-01-05_13:07:41: Read b'PONG:0\r\n'
2022-01-05_13:07:41: Port configured to COM6
2022-01-05_13:08:10: Ports detected: ['COM6']
2022-01-05_13:08:10: Checking port COM6
2022-01-05_13:08:10: Port configured to COM6
2022-01-05_13:08:12: Sent $PING:0
2022-01-05_13:08:13: Read b'PONG:0\r\n'
2022-01-05_13:08:13: Port configured to COM6
2022-01-05_13:09:20: Ports detected: ['COM6']
2022-01-05_13:09:20: Checking port COM6
2022-01-05_13:09:20: Port configured to COM6
2022-01-05_13:09:22: Sent $PING:0
2022-01-05_13:09:23: Read b'PONG:0\r\n'
2022-01-05_13:09:23: Port configured to COM6
2022-01-05_13:11:37: Ports detected: ['COM6']
2022-01-05_13:11:37: Checking port COM6
2022-01-05_13:11:37: Port configured to COM6
2022-01-05_13:11:39: Sent $PING:0
2022-01-05_13:11:41: Read b'PONG:0\r\n'
2022-01-05_13:11:41: Port configured to COM6
2022-01-05_13:16:35: Ports detected: ['COM6']
2022-01-05_13:16:35: Checking port COM6
2022-01-05_13:16:35: Port configured to COM6
2022-01-05_13:16:37: Sent $PING:0
2022-01-05_13:16:39: Read b'PONG:0\r\n'
2022-01-05_13:16:39: Port configured to COM6
2022-01-05_13:19:23: Ports detected: ['COM6']
2022-01-05_13:19:23: Checking port COM6
2022-01-05_13:19:23: Port configured to COM6
2022-01-05_13:19:25: Sent $PING:0
2022-01-05_13:19:26: Read b'PONG:0\r\n'
2022-01-05_13:19:26: Port configured to COM6
2022-01-05_13:20:54: Ports detected: ['COM6']
2022-01-05_13:20:54: Checking port COM6
2022-01-05_13:20:54: Port configured to COM6
2022-01-05_13:20:56: Sent $PING:0
2022-01-05_13:20:57: Read b'PONG:0\r\n'
2022-01-05_13:20:57: Port configured to COM6
2022-01-05_15:08:33: Ports detected: []
2022-01-05_15:08:47: Ports detected: []
2022-01-05_15:09:12: Ports detected: ['COM6']
2022-01-05_15:09:12: Checking port COM6
2022-01-05_15:09:12: Port configured to COM6
2022-01-05_15:09:14: Sent $PING:0
2022-01-05_15:09:15: Read b'PONG:0\r\n'
2022-01-05_15:09:15: Port configured to COM6
2022-01-05_15:14:33: Ports detected: ['COM6']
2022-01-05_15:14:33: Checking port COM6
2022-01-05_15:14:33: Port configured to COM6
2022-01-05_15:14:35: Sent $PING:0
2022-01-05_15:14:36: Read b'PONG:0\r\n'
2022-01-05_15:14:36: Port configured to COM6
2022-01-05_15:16:31: Ports detected: ['COM6']
2022-01-05_15:16:31: Checking port COM6
2022-01-05_15:16:31: Port configured to COM6
2022-01-05_15:16:33: Sent $PING:0
2022-01-05_15:16:34: Read b'PONG:0\r\n'
2022-01-05_15:16:34: Port configured to COM6
2022-01-05_15:21:29: Ports detected: ['COM6']
2022-01-05_15:21:29: Checking port COM6
2022-01-05_15:21:29: Port configured to COM6
2022-01-05_15:21:31: Sent $PING:0
2022-01-05_15:21:32: Read b'PONG:0\r\n'
2022-01-05_15:21:32: Port configured to COM6
2022-01-05_15:25:16: Ports detected: ['COM6']
2022-01-05_15:25:16: Checking port COM6
2022-01-05_15:25:16: Port configured to COM6
2022-01-05_15:25:18: Sent $PING:0
2022-01-05_15:25:19: Read b'PONG:0\r\n'
2022-01-05_15:25:19: Port configured to COM6
2022-01-05_15:25:33: Ports detected: ['COM6']
2022-01-05_15:25:33: Checking port COM6
2022-01-05_15:25:33: Port configured to COM6
2022-01-05_15:25:35: Sent $PING:0
2022-01-05_15:25:36: Read b'PONG:0\r\n'
2022-01-05_15:25:36: Port configured to COM6
2022-01-05_15:25:47: Ports detected: ['COM6']
2022-01-05_15:25:47: Checking port COM6
2022-01-05_15:25:47: Port configured to COM6
2022-01-05_15:25:49: Sent $PING:0
2022-01-05_15:25:50: Read b'PONG:0\r\n'
2022-01-05_15:25:50: Port configured to COM6
2022-01-05_15:26:20: Ports detected: ['COM6']
2022-01-05_15:26:20: Checking port COM6
2022-01-05_15:26:20: Port configured to COM6
2022-01-05_15:26:22: Sent $PING:0
2022-01-05_15:26:23: Read b'PONG:0\r\n'
2022-01-05_15:26:23: Port configured to COM6
2022-01-05_15:26:26: Ports detected: ['COM6']
2022-01-05_15:26:26: Checking port COM6
2022-01-05_15:26:26: Port configured to COM6
2022-01-05_15:26:36: Ports detected: ['COM6']
2022-01-05_15:26:36: Checking port COM6
2022-01-05_15:26:36: Port configured to COM6
2022-01-05_15:26:38: Sent $PING:0
2022-01-05_15:26:39: Read b'PONG:0\r\n'
2022-01-05_15:26:39: Port configured to COM6
2022-01-05_15:26:42: Ports detected: ['COM6']
2022-01-05_15:26:42: Checking port COM6
2022-01-05_15:26:42: Port configured to COM6
2022-01-05_15:26:49: Ports detected: ['COM6']
2022-01-05_15:26:49: Checking port COM6
2022-01-05_15:26:49: Port configured to COM6
2022-01-05_15:26:51: Sent $PING:0
2022-01-05_15:26:52: Read b'PONG:0\r\n'
2022-01-05_15:26:52: Port configured to COM6
2022-01-05_15:27:11: Ports detected: ['COM6']
2022-01-05_15:27:11: Checking port COM6
2022-01-05_15:27:11: Port configured to COM6
2022-01-05_15:27:13: Sent $PING:0
2022-01-05_15:27:14: Read b'PONG:0\r\n'
2022-01-05_15:27:14: Port configured to COM6
2022-01-05_15:28:59: Ports detected: ['COM6']
2022-01-05_15:28:59: Checking port COM6
2022-01-05_15:28:59: Port configured to COM6
2022-01-05_15:29:01: Sent $PING:0
2022-01-05_15:29:02: Read b'PONG:0\r\n'
2022-01-05_15:29:02: Port configured to COM6
2022-01-05_15:30:21: Ports detected: ['COM6']
2022-01-05_15:30:21: Checking port COM6
2022-01-05_15:30:21: Port configured to COM6
2022-01-05_15:30:23: Sent $PING:0
2022-01-05_15:30:25: Read b'PONG:0\r\n'
2022-01-05_15:30:25: Port configured to COM6
2022-01-05_15:30:51: Ports detected: ['COM6']
2022-01-05_15:30:51: Checking port COM6
2022-01-05_15:30:51: Port configured to COM6
2022-01-05_15:30:54: Sent $PING:0
2022-01-05_15:30:55: Read b'PONG:0\r\n'
2022-01-05_15:30:55: Port configured to COM6
2022-01-05_15:31:07: Ports detected: ['COM6']
2022-01-05_15:31:07: Checking port COM6
2022-01-05_15:31:07: Port configured to COM6
2022-01-05_15:31:09: Sent $PING:0
2022-01-05_15:31:10: Read b'PONG:0\r\n'
2022-01-05_15:31:10: Port configured to COM6
2022-01-05_15:31:36: Ports detected: ['COM6']
2022-01-05_15:31:36: Checking port COM6
2022-01-05_15:31:36: Port configured to COM6
2022-01-05_15:31:38: Sent $PING:0
2022-01-05_15:31:39: Read b'PONG:0\r\n'
2022-01-05_15:31:39: Port configured to COM6
2022-01-05_15:32:04: Ports detected: ['COM6']
2022-01-05_15:32:04: Checking port COM6
2022-01-05_15:32:04: Port configured to COM6
2022-01-05_15:32:06: Sent $PING:0
2022-01-05_15:32:07: Read b'PONG:0\r\n'
2022-01-05_15:32:07: Port configured to COM6
2022-01-05_15:48:30: Ports detected: ['COM6']
2022-01-05_15:48:30: Checking port COM6
2022-01-05_15:48:30: Port configured to COM6
2022-01-05_15:48:32: Sent $PING:0
2022-01-05_15:48:33: Read b'PONG:0\r\n'
2022-01-05_15:48:33: Port configured to COM6
2022-01-05_15:53:33: Ports detected: ['COM6']
2022-01-05_15:53:33: Checking port COM6
2022-01-05_15:53:33: Port configured to COM6
2022-01-05_15:53:35: Sent $PING:0
2022-01-05_15:53:36: Read b'PONG:0\r\n'
2022-01-05_15:53:36: Port configured to COM6
2022-01-05_15:54:46: Ports detected: ['COM6']
2022-01-05_15:54:46: Checking port COM6
2022-01-05_15:54:46: Port configured to COM6
2022-01-05_15:54:48: Sent $PING:0
2022-01-05_15:54:49: Read b'PONG:0\r\n'
2022-01-05_15:54:49: Port configured to COM6
2022-01-05_15:56:26: Ports detected: ['COM6']
2022-01-05_15:56:26: Checking port COM6
2022-01-05_15:56:26: Port configured to COM6
2022-01-05_15:56:28: Sent $PING:0
2022-01-05_15:56:29: Read b'PONG:0\r\n'
2022-01-05_15:56:29: Port configured to COM6
2022-01-05_15:59:53: Ports detected: ['COM6']
2022-01-05_15:59:53: Checking port COM6
2022-01-05_15:59:53: Port configured to COM6
2022-01-05_15:59:55: Sent $PING:0
2022-01-05_15:59:56: Read b'PONG:0\r\n'
2022-01-05_15:59:56: Port configured to COM6
2022-01-05_16:00:02: Port configured to COM6
2022-01-05_16:00:02: Sent $SET_ONE:1,,;
2022-01-05_16:00:07: Read b''
2022-01-05_21:44:07: Ports detected: ['COM6']
2022-01-05_21:44:07: Checking port COM6
2022-01-05_21:44:07: Port configured to COM6
2022-01-05_21:44:09: Sent $PING:0
2022-01-05_21:44:10: Read b'PONG:0\r\n'
2022-01-05_21:44:10: Port configured to COM6
2022-01-05_21:48:03: Ports detected: ['COM6']
2022-01-05_21:48:03: Checking port COM6
2022-01-05_21:48:03: Port configured to COM6
2022-01-05_21:48:05: Sent $PING:0
2022-01-05_21:48:06: Read b'PONG:0\r\n'
2022-01-05_21:48:06: Port configured to COM6
2022-01-05_21:48:30: Ports detected: ['COM6']
2022-01-05_21:48:30: Checking port COM6
2022-01-05_21:48:30: Port configured to COM6
2022-01-05_21:48:32: Sent $PING:0
2022-01-05_21:48:33: Read b'PONG:0\r\n'
2022-01-05_21:48:33: Port configured to COM6
2022-01-05_21:49:16: Ports detected: ['COM6']
2022-01-05_21:49:16: Checking port COM6
2022-01-05_21:49:16: Port configured to COM6
2022-01-05_21:49:18: Sent $PING:0
2022-01-05_21:49:19: Read b'PONG:0\r\n'
2022-01-05_21:49:19: Port configured to COM6
2022-01-05_21:49:54: Ports detected: ['COM6']
2022-01-05_21:49:54: Checking port COM6
2022-01-05_21:49:54: Port configured to COM6
2022-01-05_21:49:56: Sent $PING:0
2022-01-05_21:49:57: Read b'PONG:0\r\n'
2022-01-05_21:49:57: Port configured to COM6
2022-01-05_21:55:11: Ports detected: ['COM6']
2022-01-05_21:55:11: Checking port COM6
2022-01-05_21:55:11: Port configured to COM6
2022-01-05_21:55:13: Sent $PING:0
2022-01-05_21:55:14: Read b'PONG:0\r\n'
2022-01-05_21:55:14: Port configured to COM6
2022-01-05_21:56:06: Ports detected: ['COM6']
2022-01-05_21:56:06: Checking port COM6
2022-01-05_21:56:06: Port configured to COM6
2022-01-05_21:56:08: Sent $PING:0
2022-01-05_21:56:09: Read b'PONG:0\r\n'
2022-01-05_21:56:09: Port configured to COM6
2022-01-05_21:58:14: Ports detected: ['COM6']
2022-01-05_21:58:14: Checking port COM6
2022-01-05_21:58:14: Port configured to COM6
2022-01-05_21:58:16: Sent $PING:0
2022-01-05_21:58:17: Read b'PONG:0\r\n'
2022-01-05_21:58:17: Port configured to COM6
2022-01-05_21:59:54: Ports detected: ['COM6']
2022-01-05_21:59:54: Checking port COM6
2022-01-05_21:59:54: Port configured to COM6
2022-01-05_21:59:56: Sent $PING:0
2022-01-05_21:59:57: Read b'PONG:0\r\n'
2022-01-05_21:59:57: Port configured to COM6
2022-01-05_22:00:39: Ports detected: ['COM6']
2022-01-05_22:00:39: Checking port COM6
2022-01-05_22:00:39: Port configured to COM6
2022-01-05_22:00:41: Sent $PING:0
2022-01-05_22:00:42: Read b'PONG:0\r\n'
2022-01-05_22:00:42: Port configured to COM6
2022-01-05_23:17:50: Ports detected: ['COM6']
2022-01-05_23:17:50: Checking port COM6
2022-01-05_23:17:50: Port configured to COM6
2022-01-05_23:17:52: Sent $PING:0
2022-01-05_23:17:53: Read b'PONG:0\r\n'
2022-01-05_23:17:53: Port configured to COM6
2022-01-05_23:22:31: Ports detected: ['COM6']
2022-01-05_23:22:31: Checking port COM6
2022-01-05_23:22:31: Port configured to COM6
2022-01-05_23:22:33: Sent $PING:0
2022-01-05_23:22:34: Read b'PONG:0\r\n'
2022-01-05_23:22:34: Port configured to COM6
2022-01-05_23:22:55: Ports detected: ['COM6']
2022-01-05_23:22:55: Checking port COM6
2022-01-05_23:22:55: Port configured to COM6
2022-01-05_23:22:57: Sent $PING:0
2022-01-05_23:22:58: Read b'PONG:0\r\n'
2022-01-05_23:22:58: Port configured to COM6
2022-01-05_23:23:15: Ports detected: ['COM6']
2022-01-05_23:23:15: Checking port COM6
2022-01-05_23:23:15: Port configured to COM6
2022-01-05_23:23:17: Sent $PING:0
2022-01-05_23:23:18: Read b'PONG:0\r\n'
2022-01-05_23:23:18: Port configured to COM6
2022-01-05_23:23:32: Ports detected: ['COM6']
2022-01-05_23:23:32: Checking port COM6
2022-01-05_23:23:32: Port configured to COM6
2022-01-05_23:23:34: Sent $PING:0
2022-01-05_23:23:35: Read b'PONG:0\r\n'
2022-01-05_23:23:35: Port configured to COM6
2022-01-05_23:24:27: Ports detected: ['COM6']
2022-01-05_23:24:27: Checking port COM6
2022-01-05_23:24:27: Port configured to COM6
2022-01-05_23:24:29: Sent $PING:0
2022-01-05_23:24:30: Read b'PONG:0\r\n'
2022-01-05_23:24:30: Port configured to COM6
2022-01-05_23:26:58: Ports detected: ['COM6']
2022-01-05_23:26:58: Checking port COM6
2022-01-05_23:26:58: Port configured to COM6
2022-01-05_23:27:00: Sent $PING:0
2022-01-05_23:27:01: Read b'PONG:0\r\n'
2022-01-05_23:27:01: Port configured to COM6
2022-01-05_23:27:46: Ports detected: ['COM6']
2022-01-05_23:27:46: Checking port COM6
2022-01-05_23:27:46: Port configured to COM6
2022-01-05_23:27:48: Sent $PING:0
2022-01-05_23:27:49: Read b'PONG:0\r\n'
2022-01-05_23:27:49: Port configured to COM6
2022-01-05_23:28:06: Ports detected: ['COM6']
2022-01-05_23:28:06: Checking port COM6
2022-01-05_23:28:06: Port configured to COM6
2022-01-05_23:28:08: Sent $PING:0
2022-01-05_23:28:09: Read b'PONG:0\r\n'
2022-01-05_23:28:09: Port configured to COM6
2022-01-05_23:28:51: Ports detected: ['COM6']
2022-01-05_23:28:51: Checking port COM6
2022-01-05_23:28:51: Port configured to COM6
2022-01-05_23:28:53: Sent $PING:0
2022-01-05_23:28:54: Read b'PONG:0\r\n'
2022-01-05_23:28:54: Port configured to COM6
2022-01-05_23:29:24: Ports detected: ['COM6']
2022-01-05_23:29:24: Checking port COM6
2022-01-05_23:29:24: Port configured to COM6
2022-01-05_23:29:26: Sent $PING:0
2022-01-05_23:29:27: Read b'PONG:0\r\n'
2022-01-05_23:29:27: Port configured to COM6
2022-01-05_23:30:17: Ports detected: ['COM6']
2022-01-05_23:30:17: Checking port COM6
2022-01-05_23:30:17: Port configured to COM6
2022-01-05_23:30:19: Sent $PING:0
2022-01-05_23:30:20: Read b'PONG:0\r\n'
2022-01-05_23:30:20: Port configured to COM6
2022-01-05_23:31:05: Ports detected: ['COM6']
2022-01-05_23:31:05: Checking port COM6
2022-01-05_23:31:05: Port configured to COM6
2022-01-05_23:31:07: Sent $PING:0
2022-01-05_23:31:08: Read b'PONG:0\r\n'
2022-01-05_23:31:08: Port configured to COM6
2022-01-05_23:32:12: Ports detected: ['COM6']
2022-01-05_23:32:12: Checking port COM6
2022-01-05_23:32:12: Port configured to COM6
2022-01-05_23:32:14: Sent $PING:0
2022-01-05_23:32:15: Read b'PONG:0\r\n'
2022-01-05_23:32:15: Port configured to COM6
2022-01-05_23:32:56: Ports detected: ['COM6']
2022-01-05_23:32:56: Checking port COM6
2022-01-05_23:32:56: Port configured to COM6
2022-01-05_23:32:58: Sent $PING:0
2022-01-05_23:32:59: Read b'PONG:0\r\n'
2022-01-05_23:33:00: Port configured to COM6
2022-01-05_23:33:10: Ports detected: ['COM6']
2022-01-05_23:33:10: Checking port COM6
2022-01-05_23:33:10: Port configured to COM6
2022-01-05_23:33:12: Sent $PING:0
2022-01-05_23:33:13: Read b'PONG:0\r\n'
2022-01-05_23:33:13: Port configured to COM6
2022-01-05_23:50:18: Ports detected: ['COM6']
2022-01-05_23:50:18: Checking port COM6
2022-01-05_23:50:18: Port configured to COM6
2022-01-05_23:50:20: Sent $PING:0
2022-01-05_23:50:21: Read b'PONG:0\r\n'
2022-01-05_23:50:21: Port configured to COM6
2022-01-05_23:50:37: Ports detected: ['COM6']
2022-01-05_23:50:37: Checking port COM6
2022-01-05_23:50:37: Port configured to COM6
2022-01-05_23:50:40: Sent $PING:0
2022-01-05_23:50:41: Read b'PONG:0\r\n'
2022-01-05_23:50:41: Port configured to COM6
2022-01-05_23:51:20: Ports detected: ['COM6']
2022-01-05_23:51:20: Checking port COM6
2022-01-05_23:51:20: Port configured to COM6
2022-01-05_23:51:22: Sent $PING:0
2022-01-05_23:51:23: Read b'PONG:0\r\n'
2022-01-05_23:51:23: Port configured to COM6
2022-01-05_23:51:33: Ports detected: ['COM6']
2022-01-05_23:51:33: Checking port COM6
2022-01-05_23:51:33: Port configured to COM6
2022-01-05_23:51:35: Sent $PING:0
2022-01-05_23:51:36: Read b'PONG:0\r\n'
2022-01-05_23:51:36: Port configured to COM6
2022-01-05_23:51:45: Ports detected: ['COM6']
2022-01-05_23:51:45: Checking port COM6
2022-01-05_23:51:45: Port configured to COM6
2022-01-05_23:51:47: Sent $PING:0
2022-01-05_23:51:48: Read b'PONG:0\r\n'
2022-01-05_23:51:48: Port configured to COM6
2022-01-05_23:51:55: Ports detected: ['COM6']
2022-01-05_23:51:55: Checking port COM6
2022-01-05_23:51:55: Port configured to COM6
2022-01-05_23:51:57: Sent $PING:0
2022-01-05_23:51:58: Read b'PONG:0\r\n'
2022-01-05_23:51:58: Port configured to COM6
2022-01-05_23:52:41: Ports detected: ['COM6']
2022-01-05_23:52:41: Checking port COM6
2022-01-05_23:52:41: Port configured to COM6
2022-01-05_23:52:43: Sent $PING:0
2022-01-05_23:52:44: Read b'PONG:0\r\n'
2022-01-05_23:52:44: Port configured to COM6
2022-01-05_23:53:35: Ports detected: ['COM6']
2022-01-05_23:53:35: Checking port COM6
2022-01-05_23:53:35: Port configured to COM6
2022-01-05_23:53:37: Sent $PING:0
2022-01-05_23:53:38: Read b'PONG:0\r\n'
2022-01-05_23:53:38: Port configured to COM6
2022-01-05_23:59:24: Ports detected: ['COM6']
2022-01-05_23:59:24: Checking port COM6
2022-01-05_23:59:24: Port configured to COM6
2022-01-05_23:59:26: Sent $PING:0
2022-01-05_23:59:27: Read b'PONG:0\r\n'
2022-01-05_23:59:27: Port configured to COM6
2022-01-05_23:59:47: Ports detected: ['COM6']
2022-01-05_23:59:47: Checking port COM6
2022-01-05_23:59:47: Port configured to COM6
2022-01-05_23:59:49: Sent $PING:0
2022-01-05_23:59:50: Read b'PONG:0\r\n'
2022-01-05_23:59:50: Port configured to COM6
