2022-01-04_11:32:28: Ports detected: ['COM6']
2022-01-04_11:32:28: Checking port COM6
2022-01-04_11:32:28: Port configured to COM6
2022-01-04_11:32:30: Sent $PING:0
2022-01-04_11:32:31: Read b'PONG:0\r\n'
2022-01-04_11:32:31: Port configured to COM6
2022-01-04_11:45:47: Ports detected: ['COM6']
2022-01-04_11:45:47: Checking port COM6
2022-01-04_11:45:47: Port configured to COM6
2022-01-04_11:45:49: Sent $PING:0
2022-01-04_11:45:50: Read b'PONG:0\r\n'
2022-01-04_11:45:50: Port configured to COM6
2022-01-04_11:46:46: Ports detected: ['COM6']
2022-01-04_11:46:46: Checking port COM6
2022-01-04_11:46:46: Port configured to COM6
2022-01-04_11:46:48: Sent $PING:0
2022-01-04_11:46:49: Read b'PONG:0\r\n'
2022-01-04_11:46:49: Port configured to COM6
2022-01-04_11:48:23: Ports detected: ['COM6']
2022-01-04_11:48:23: Checking port COM6
2022-01-04_11:48:23: Port configured to COM6
2022-01-04_11:48:25: Sent $PING:0
2022-01-04_11:48:26: Read b'PONG:0\r\n'
2022-01-04_11:48:26: Port configured to COM6
2022-01-04_11:48:35: Ports detected: ['COM6']
2022-01-04_11:48:35: Checking port COM6
2022-01-04_11:48:35: Port configured to COM6
2022-01-04_11:48:37: Sent $PING:0
2022-01-04_11:48:38: Read b'PONG:0\r\n'
2022-01-04_11:48:38: Port configured to COM6
2022-01-04_11:50:17: Ports detected: ['COM6']
2022-01-04_11:50:17: Checking port COM6
2022-01-04_11:50:17: Port configured to COM6
2022-01-04_11:50:19: Sent $PING:0
2022-01-04_11:50:20: Read b'PONG:0\r\n'
2022-01-04_11:50:20: Port configured to COM6
2022-01-04_11:51:23: Ports detected: ['COM6']
2022-01-04_11:51:23: Checking port COM6
2022-01-04_11:51:23: Port configured to COM6
2022-01-04_11:51:25: Sent $PING:0
2022-01-04_11:51:26: Read b'PONG:0\r\n'
2022-01-04_11:51:26: Port configured to COM6
2022-01-04_11:52:53: Ports detected: ['COM6']
2022-01-04_11:52:53: Checking port COM6
2022-01-04_11:52:53: Port configured to COM6
2022-01-04_11:52:55: Sent $PING:0
2022-01-04_11:52:56: Read b'PONG:0\r\n'
2022-01-04_11:52:56: Port configured to COM6
2022-01-04_11:53:30: Ports detected: ['COM6']
2022-01-04_11:53:30: Checking port COM6
2022-01-04_11:53:30: Port configured to COM6
2022-01-04_11:53:32: Sent $PING:0
2022-01-04_11:53:33: Read b'PONG:0\r\n'
2022-01-04_11:53:33: Port configured to COM6
2022-01-04_11:53:53: Ports detected: ['COM6']
2022-01-04_11:53:53: Checking port COM6
2022-01-04_11:53:53: Port configured to COM6
2022-01-04_11:53:55: Sent $PING:0
2022-01-04_11:53:56: Read b'PONG:0\r\n'
2022-01-04_11:53:56: Port configured to COM6
2022-01-04_11:54:37: Ports detected: ['COM6']
2022-01-04_11:54:37: Checking port COM6
2022-01-04_11:54:37: Port configured to COM6
2022-01-04_11:54:39: Sent $PING:0
2022-01-04_11:54:40: Read b'PONG:0\r\n'
2022-01-04_11:54:40: Port configured to COM6
2022-01-04_11:58:19: Ports detected: ['COM6']
2022-01-04_11:58:19: Checking port COM6
2022-01-04_11:58:19: Port configured to COM6
2022-01-04_11:58:21: Sent $PING:0
2022-01-04_11:58:22: Read b'PONG:0\r\n'
2022-01-04_11:58:22: Port configured to COM6
2022-01-04_11:59:08: Ports detected: ['COM6']
2022-01-04_11:59:08: Checking port COM6
2022-01-04_11:59:08: Port configured to COM6
2022-01-04_11:59:10: Sent $PING:0
2022-01-04_11:59:11: Read b'PONG:0\r\n'
2022-01-04_11:59:11: Port configured to COM6
2022-01-04_23:20:38: Ports detected: ['COM6']
2022-01-04_23:20:38: Checking port COM6
2022-01-04_23:20:38: Port configured to COM6
2022-01-04_23:20:40: Sent $PING:0
2022-01-04_23:20:41: Read b'PONG:0\r\n'
2022-01-04_23:20:41: Port configured to COM6
