2022-01-08_00:00:26: Ports detected: ['COM6']
2022-01-08_00:00:26: Checking port COM6
2022-01-08_00:00:26: Port configured to COM6
2022-01-08_00:00:28: Sent $PING:0
2022-01-08_00:00:29: Read b'PONG:0\r\n'
2022-01-08_00:00:29: Port configured to COM6
2022-01-08_00:01:22: Ports detected: ['COM6']
2022-01-08_00:01:22: Checking port COM6
2022-01-08_00:01:22: Port configured to COM6
2022-01-08_00:01:24: Sent $PING:0
2022-01-08_00:01:25: Read b'PONG:0\r\n'
2022-01-08_00:01:25: Port configured to COM6
2022-01-08_00:03:07: Ports detected: ['COM6']
2022-01-08_00:03:07: Checking port COM6
2022-01-08_00:03:07: Port configured to COM6
2022-01-08_00:03:09: Sent $PING:0
2022-01-08_00:03:10: Read b'PONG:0\r\n'
2022-01-08_00:03:10: Port configured to COM6
2022-01-08_00:03:33: Ports detected: ['COM6']
2022-01-08_00:03:33: Checking port COM6
2022-01-08_00:03:33: Port configured to COM6
2022-01-08_00:03:35: Sent $PING:0
2022-01-08_00:03:36: Read b'PONG:0\r\n'
2022-01-08_00:03:36: Port configured to COM6
2022-01-08_00:09:16: Ports detected: ['COM6']
2022-01-08_00:09:16: Checking port COM6
2022-01-08_00:09:16: Port configured to COM6
2022-01-08_00:09:18: Sent $PING:0
2022-01-08_00:09:19: Read b'PONG:0\r\n'
2022-01-08_00:09:19: Port configured to COM6
2022-01-08_00:10:23: Ports detected: ['COM6']
2022-01-08_00:10:23: Checking port COM6
2022-01-08_00:10:23: Port configured to COM6
2022-01-08_00:10:25: Sent $PING:0
2022-01-08_00:10:26: Read b'PONG:0\r\n'
2022-01-08_00:10:26: Port configured to COM6
2022-01-08_00:13:00: Ports detected: ['COM6']
2022-01-08_00:13:00: Checking port COM6
2022-01-08_00:13:00: Port configured to COM6
2022-01-08_00:13:02: Sent $PING:0
2022-01-08_00:13:03: Read b'PONG:0\r\n'
2022-01-08_00:13:03: Port configured to COM6
2022-01-08_00:13:59: Ports detected: ['COM6']
2022-01-08_00:13:59: Checking port COM6
2022-01-08_00:13:59: Port configured to COM6
2022-01-08_00:14:01: Sent $PING:0
2022-01-08_00:14:02: Read b'PONG:0\r\n'
2022-01-08_00:14:02: Port configured to COM6
2022-01-08_00:14:27: Ports detected: ['COM6']
2022-01-08_00:14:27: Checking port COM6
2022-01-08_00:14:27: Port configured to COM6
2022-01-08_00:14:29: Sent $PING:0
2022-01-08_00:14:30: Read b'PONG:0\r\n'
2022-01-08_00:14:30: Port configured to COM6
2022-01-08_00:14:55: Ports detected: ['COM6']
2022-01-08_00:14:55: Checking port COM6
2022-01-08_00:14:55: Port configured to COM6
2022-01-08_00:14:57: Sent $PING:0
2022-01-08_00:14:58: Read b'PONG:0\r\n'
2022-01-08_00:14:58: Port configured to COM6
2022-01-08_00:15:14: Ports detected: ['COM6']
2022-01-08_00:15:14: Checking port COM6
2022-01-08_00:15:14: Port configured to COM6
2022-01-08_00:15:16: Sent $PING:0
2022-01-08_00:15:17: Read b'PONG:0\r\n'
2022-01-08_00:15:17: Port configured to COM6
2022-01-08_00:17:44: Ports detected: ['COM6']
2022-01-08_00:17:44: Checking port COM6
2022-01-08_00:17:44: Port configured to COM6
2022-01-08_00:17:46: Sent $PING:0
2022-01-08_00:17:47: Read b'PONG:0\r\n'
2022-01-08_00:17:47: Port configured to COM6
2022-01-08_00:18:16: Ports detected: ['COM6']
2022-01-08_00:18:16: Checking port COM6
2022-01-08_00:18:16: Port configured to COM6
2022-01-08_00:18:18: Sent $PING:0
2022-01-08_00:18:19: Read b'PONG:0\r\n'
2022-01-08_00:18:19: Port configured to COM6
2022-01-08_00:19:27: Ports detected: ['COM6']
2022-01-08_00:19:27: Checking port COM6
2022-01-08_00:19:27: Port configured to COM6
2022-01-08_00:19:29: Sent $PING:0
2022-01-08_00:19:30: Read b'PONG:0\r\n'
2022-01-08_00:19:30: Port configured to COM6
2022-01-08_00:21:08: Ports detected: ['COM6']
2022-01-08_00:21:08: Checking port COM6
2022-01-08_00:21:08: Port configured to COM6
2022-01-08_00:21:10: Sent $PING:0
2022-01-08_00:21:11: Read b'PONG:0\r\n'
2022-01-08_00:21:11: Port configured to COM6
2022-01-08_00:24:07: Ports detected: ['COM6']
2022-01-08_00:24:07: Checking port COM6
2022-01-08_00:24:07: Port configured to COM6
2022-01-08_00:24:09: Sent $PING:0
2022-01-08_00:24:10: Read b'PONG:0\r\n'
2022-01-08_00:24:10: Port configured to COM6
2022-01-08_00:24:49: Ports detected: ['COM6']
2022-01-08_00:24:49: Checking port COM6
2022-01-08_00:24:49: Port configured to COM6
2022-01-08_00:24:51: Sent $PING:0
2022-01-08_00:24:52: Read b'PONG:0\r\n'
2022-01-08_00:24:52: Port configured to COM6
2022-01-08_00:25:22: Ports detected: ['COM6']
2022-01-08_00:25:22: Checking port COM6
2022-01-08_00:25:22: Port configured to COM6
2022-01-08_00:25:24: Sent $PING:0
2022-01-08_00:25:25: Read b'PONG:0\r\n'
2022-01-08_00:25:25: Port configured to COM6
2022-01-08_00:27:12: Ports detected: ['COM6']
2022-01-08_00:27:12: Checking port COM6
2022-01-08_00:27:12: Port configured to COM6
2022-01-08_00:27:14: Sent $PING:0
2022-01-08_00:27:15: Read b'PONG:0\r\n'
2022-01-08_00:27:15: Port configured to COM6
2022-01-08_00:28:11: Ports detected: ['COM6']
2022-01-08_00:28:11: Checking port COM6
2022-01-08_00:28:11: Port configured to COM6
2022-01-08_00:28:13: Sent $PING:0
2022-01-08_00:28:14: Read b'PONG:0\r\n'
2022-01-08_00:28:14: Port configured to COM6
2022-01-08_00:28:56: Ports detected: ['COM6']
2022-01-08_00:28:56: Checking port COM6
2022-01-08_00:28:56: Port configured to COM6
2022-01-08_00:28:58: Sent $PING:0
2022-01-08_00:28:59: Read b'PONG:0\r\n'
2022-01-08_00:28:59: Port configured to COM6
2022-01-08_00:29:12: Ports detected: ['COM6']
2022-01-08_00:29:12: Checking port COM6
2022-01-08_00:29:12: Port configured to COM6
2022-01-08_00:29:14: Sent $PING:0
2022-01-08_00:29:15: Read b'PONG:0\r\n'
2022-01-08_00:29:15: Port configured to COM6
2022-01-08_00:29:29: Ports detected: ['COM6']
2022-01-08_00:29:29: Checking port COM6
2022-01-08_00:29:29: Port configured to COM6
2022-01-08_00:29:31: Sent $PING:0
2022-01-08_00:29:32: Read b'PONG:0\r\n'
2022-01-08_00:29:32: Port configured to COM6
2022-01-08_00:29:43: Ports detected: ['COM6']
2022-01-08_00:29:43: Checking port COM6
2022-01-08_00:29:43: Port configured to COM6
2022-01-08_00:29:45: Sent $PING:0
2022-01-08_00:29:46: Read b'PONG:0\r\n'
2022-01-08_00:29:46: Port configured to COM6
2022-01-08_00:29:58: Ports detected: ['COM6']
2022-01-08_00:29:58: Checking port COM6
2022-01-08_00:29:58: Port configured to COM6
2022-01-08_00:30:00: Sent $PING:0
2022-01-08_00:30:02: Read b'PONG:0\r\n'
2022-01-08_00:30:02: Port configured to COM6
2022-01-08_00:33:05: Ports detected: ['COM6']
2022-01-08_00:33:05: Checking port COM6
2022-01-08_00:33:05: Port configured to COM6
2022-01-08_00:33:07: Sent $PING:0
2022-01-08_00:33:09: Read b'PONG:0\r\n'
2022-01-08_00:33:09: Port configured to COM6
2022-01-08_00:34:07: Ports detected: ['COM6']
2022-01-08_00:34:07: Checking port COM6
2022-01-08_00:34:07: Port configured to COM6
2022-01-08_00:34:09: Sent $PING:0
2022-01-08_00:34:10: Read b'PONG:0\r\n'
2022-01-08_00:34:10: Port configured to COM6
2022-01-08_00:34:51: Ports detected: ['COM6']
2022-01-08_00:34:51: Checking port COM6
2022-01-08_00:34:51: Port configured to COM6
2022-01-08_00:34:53: Sent $PING:0
2022-01-08_00:34:54: Read b'PONG:0\r\n'
2022-01-08_00:34:54: Port configured to COM6
2022-01-08_00:35:23: Ports detected: ['COM6']
2022-01-08_00:35:23: Checking port COM6
2022-01-08_00:35:23: Port configured to COM6
2022-01-08_00:35:25: Sent $PING:0
2022-01-08_00:35:26: Read b'PONG:0\r\n'
2022-01-08_00:35:26: Port configured to COM6
2022-01-08_00:41:26: Ports detected: ['COM6']
2022-01-08_00:41:26: Checking port COM6
2022-01-08_00:41:26: Port configured to COM6
2022-01-08_00:41:28: Sent $PING:0
2022-01-08_00:41:29: Read b'PONG:0\r\n'
2022-01-08_00:41:29: Port configured to COM6
2022-01-08_00:44:28: Ports detected: ['COM6']
2022-01-08_00:44:28: Checking port COM6
2022-01-08_00:44:28: Port configured to COM6
2022-01-08_00:44:30: Sent $PING:0
2022-01-08_00:44:31: Read b'PONG:0\r\n'
2022-01-08_00:44:31: Port configured to COM6
2022-01-08_00:51:39: Ports detected: ['COM6']
2022-01-08_00:51:39: Checking port COM6
2022-01-08_00:51:39: Port configured to COM6
2022-01-08_00:51:41: Sent $PING:0
2022-01-08_00:51:42: Read b'PONG:0\r\n'
2022-01-08_00:51:42: Port configured to COM6
2022-01-08_00:52:28: Ports detected: ['COM6']
2022-01-08_00:52:28: Checking port COM6
2022-01-08_00:52:28: Port configured to COM6
2022-01-08_00:52:30: Sent $PING:0
2022-01-08_00:52:31: Read b'PONG:0\r\n'
2022-01-08_00:52:31: Port configured to COM6
2022-01-08_00:53:12: Ports detected: ['COM6']
2022-01-08_00:53:12: Checking port COM6
2022-01-08_00:53:12: Port configured to COM6
2022-01-08_00:53:14: Sent $PING:0
2022-01-08_00:53:15: Read b'PONG:0\r\n'
2022-01-08_00:53:15: Port configured to COM6
2022-01-08_00:56:08: Ports detected: ['COM6']
2022-01-08_00:56:08: Checking port COM6
2022-01-08_00:56:08: Port configured to COM6
2022-01-08_00:56:10: Sent $PING:0
2022-01-08_00:56:11: Read b'PONG:0\r\n'
2022-01-08_00:56:11: Port configured to COM6
2022-01-08_00:57:22: Ports detected: ['COM6']
2022-01-08_00:57:22: Checking port COM6
2022-01-08_00:57:22: Port configured to COM6
2022-01-08_00:57:24: Sent $PING:0
2022-01-08_00:57:25: Read b'PONG:0\r\n'
2022-01-08_00:57:25: Port configured to COM6
2022-01-08_15:52:54: Ports detected: []
2022-01-08_15:53:17: Ports detected: ['COM6']
2022-01-08_15:53:17: Checking port COM6
2022-01-08_15:53:17: Port configured to COM6
2022-01-08_15:53:19: Sent $PING:0
2022-01-08_15:53:20: Read b'PONG:0\r\n'
2022-01-08_15:53:20: Port configured to COM6
2022-01-08_15:55:55: Ports detected: ['COM6']
2022-01-08_15:55:55: Checking port COM6
2022-01-08_15:55:55: Port configured to COM6
2022-01-08_15:55:57: Sent $PING:0
2022-01-08_15:55:58: Read b'PONG:0\r\n'
2022-01-08_15:55:58: Port configured to COM6
2022-01-08_15:58:13: Ports detected: ['COM6']
2022-01-08_15:58:13: Checking port COM6
2022-01-08_15:58:13: Port configured to COM6
2022-01-08_15:58:15: Sent $PING:0
2022-01-08_15:58:16: Read b'PONG:0\r\n'
2022-01-08_15:58:16: Port configured to COM6
2022-01-08_15:59:34: Ports detected: ['COM6']
2022-01-08_15:59:34: Checking port COM6
2022-01-08_15:59:34: Port configured to COM6
2022-01-08_15:59:36: Sent $PING:0
2022-01-08_15:59:37: Read b'PONG:0\r\n'
2022-01-08_15:59:37: Port configured to COM6
2022-01-08_16:00:32: Ports detected: ['COM6']
2022-01-08_16:00:32: Checking port COM6
2022-01-08_16:00:32: Port configured to COM6
2022-01-08_16:00:34: Sent $PING:0
2022-01-08_16:00:35: Read b'PONG:0\r\n'
2022-01-08_16:00:35: Port configured to COM6
2022-01-08_16:01:10: Ports detected: ['COM6']
2022-01-08_16:01:10: Checking port COM6
2022-01-08_16:01:10: Port configured to COM6
2022-01-08_16:01:12: Sent $PING:0
2022-01-08_16:01:13: Read b'PONG:0\r\n'
2022-01-08_16:01:13: Port configured to COM6
2022-01-08_16:02:03: Ports detected: ['COM6']
2022-01-08_16:02:03: Checking port COM6
2022-01-08_16:02:03: Port configured to COM6
2022-01-08_16:02:05: Sent $PING:0
2022-01-08_16:02:06: Read b'PONG:0\r\n'
2022-01-08_16:02:06: Port configured to COM6
2022-01-08_16:02:58: Ports detected: ['COM6']
2022-01-08_16:02:58: Checking port COM6
2022-01-08_16:02:58: Port configured to COM6
2022-01-08_16:03:00: Sent $PING:0
2022-01-08_16:03:01: Read b'PONG:0\r\n'
2022-01-08_16:03:01: Port configured to COM6
2022-01-08_16:03:58: Ports detected: ['COM6']
2022-01-08_16:03:58: Checking port COM6
2022-01-08_16:03:58: Port configured to COM6
2022-01-08_16:04:00: Sent $PING:0
2022-01-08_16:04:01: Read b'PONG:0\r\n'
2022-01-08_16:04:01: Port configured to COM6
2022-01-08_16:05:01: Ports detected: ['COM6']
2022-01-08_16:05:01: Checking port COM6
2022-01-08_16:05:01: Port configured to COM6
2022-01-08_16:05:03: Sent $PING:0
2022-01-08_16:05:04: Read b'PONG:0\r\n'
2022-01-08_16:05:04: Port configured to COM6
2022-01-08_16:06:03: Ports detected: ['COM6']
2022-01-08_16:06:03: Checking port COM6
2022-01-08_16:06:03: Port configured to COM6
2022-01-08_16:06:05: Sent $PING:0
2022-01-08_16:06:06: Read b'PONG:0\r\n'
2022-01-08_16:06:06: Port configured to COM6
2022-01-08_16:07:02: Ports detected: ['COM6']
2022-01-08_16:07:02: Checking port COM6
2022-01-08_16:07:02: Port configured to COM6
2022-01-08_16:07:04: Sent $PING:0
2022-01-08_16:07:06: Read b'PONG:0\r\n'
2022-01-08_16:07:06: Port configured to COM6
2022-01-08_16:07:48: Ports detected: ['COM6']
2022-01-08_16:07:48: Checking port COM6
2022-01-08_16:07:48: Port configured to COM6
2022-01-08_16:07:50: Sent $PING:0
2022-01-08_16:07:51: Read b'PONG:0\r\n'
2022-01-08_16:07:51: Port configured to COM6
2022-01-08_17:25:28: Ports detected: ['COM6']
2022-01-08_17:25:28: Checking port COM6
2022-01-08_17:25:28: Port configured to COM6
2022-01-08_17:25:30: Sent $PING:0
2022-01-08_17:25:31: Read b'PONG:0\r\n'
2022-01-08_17:25:31: Port configured to COM6
2022-01-08_17:26:18: Ports detected: ['COM6']
2022-01-08_17:26:18: Checking port COM6
2022-01-08_17:26:18: Port configured to COM6
2022-01-08_17:26:20: Sent $PING:0
2022-01-08_17:26:21: Read b'PONG:0\r\n'
2022-01-08_17:26:21: Port configured to COM6
2022-01-08_17:27:07: Ports detected: ['COM6']
2022-01-08_17:27:07: Checking port COM6
2022-01-08_17:27:07: Port configured to COM6
2022-01-08_17:27:09: Sent $PING:0
2022-01-08_17:27:10: Read b'PONG:0\r\n'
2022-01-08_17:27:10: Port configured to COM6
2022-01-08_17:28:49: Ports detected: ['COM6']
2022-01-08_17:28:49: Checking port COM6
2022-01-08_17:28:49: Port configured to COM6
2022-01-08_17:28:51: Sent $PING:0
2022-01-08_17:28:52: Read b'PONG:0\r\n'
2022-01-08_17:28:52: Port configured to COM6
2022-01-08_17:30:03: Ports detected: ['COM6']
2022-01-08_17:30:03: Checking port COM6
2022-01-08_17:30:03: Port configured to COM6
2022-01-08_17:30:05: Sent $PING:0
2022-01-08_17:30:06: Read b'PONG:0\r\n'
2022-01-08_17:30:06: Port configured to COM6
2022-01-08_17:30:38: Ports detected: ['COM6']
2022-01-08_17:30:38: Checking port COM6
2022-01-08_17:30:38: Port configured to COM6
2022-01-08_17:30:40: Sent $PING:0
2022-01-08_17:30:41: Read b'PONG:0\r\n'
2022-01-08_17:30:41: Port configured to COM6
2022-01-08_17:31:07: Ports detected: ['COM6']
2022-01-08_17:31:07: Checking port COM6
2022-01-08_17:31:07: Port configured to COM6
2022-01-08_17:31:09: Sent $PING:0
2022-01-08_17:31:10: Read b'PONG:0\r\n'
2022-01-08_17:31:10: Port configured to COM6
2022-01-08_17:31:41: Ports detected: ['COM6']
2022-01-08_17:31:41: Checking port COM6
2022-01-08_17:31:41: Port configured to COM6
2022-01-08_17:31:43: Sent $PING:0
2022-01-08_17:31:44: Read b'PONG:0\r\n'
2022-01-08_17:31:44: Port configured to COM6
2022-01-08_17:32:26: Ports detected: ['COM6']
2022-01-08_17:32:26: Checking port COM6
2022-01-08_17:32:26: Port configured to COM6
2022-01-08_17:32:28: Sent $PING:0
2022-01-08_17:32:29: Read b'PONG:0\r\n'
2022-01-08_17:32:29: Port configured to COM6
2022-01-08_17:32:56: Ports detected: ['COM6']
2022-01-08_17:32:56: Checking port COM6
2022-01-08_17:32:56: Port configured to COM6
2022-01-08_17:32:58: Sent $PING:0
2022-01-08_17:32:59: Read b'PONG:0\r\n'
2022-01-08_17:32:59: Port configured to COM6
2022-01-08_17:33:05: Ports detected: ['COM6']
2022-01-08_17:33:05: Checking port COM6
2022-01-08_17:33:05: Port configured to COM6
2022-01-08_17:33:07: Sent $PING:0
2022-01-08_17:33:08: Read b'PONG:0\r\n'
2022-01-08_17:33:08: Port configured to COM6
2022-01-08_17:33:34: Ports detected: ['COM6']
2022-01-08_17:33:34: Checking port COM6
2022-01-08_17:33:34: Port configured to COM6
2022-01-08_17:33:36: Sent $PING:0
2022-01-08_17:33:37: Read b'PONG:0\r\n'
2022-01-08_17:33:37: Port configured to COM6
2022-01-08_17:34:48: Ports detected: ['COM6']
2022-01-08_17:34:48: Checking port COM6
2022-01-08_17:34:48: Port configured to COM6
2022-01-08_17:34:50: Sent $PING:0
2022-01-08_17:34:51: Read b'PONG:0\r\n'
2022-01-08_17:34:51: Port configured to COM6
2022-01-08_17:36:19: Ports detected: ['COM6']
2022-01-08_17:36:19: Checking port COM6
2022-01-08_17:36:19: Port configured to COM6
2022-01-08_17:36:21: Sent $PING:0
2022-01-08_17:36:22: Read b'PONG:0\r\n'
2022-01-08_17:36:22: Port configured to COM6
2022-01-08_17:44:40: Ports detected: ['COM6']
2022-01-08_17:44:40: Checking port COM6
2022-01-08_17:44:40: Port configured to COM6
2022-01-08_17:44:42: Sent $PING:0
2022-01-08_17:44:43: Read b'PONG:0\r\n'
2022-01-08_17:44:43: Port configured to COM6
2022-01-08_17:45:46: Ports detected: ['COM6']
2022-01-08_17:45:46: Checking port COM6
2022-01-08_17:45:46: Port configured to COM6
2022-01-08_17:45:48: Sent $PING:0
2022-01-08_17:45:49: Ports detected: ['COM6']
2022-01-08_17:45:49: Checking port COM6
2022-01-08_17:45:49: Port configured to COM6
2022-01-08_17:45:49: Read b'PONG:0\r\n'
2022-01-08_17:45:49: Port configured to COM6
2022-01-08_17:45:56: Ports detected: ['COM6']
2022-01-08_17:45:56: Checking port COM6
2022-01-08_17:45:56: Port configured to COM6
2022-01-08_17:45:58: Sent $PING:0
2022-01-08_17:45:59: Read b'PONG:0\r\n'
2022-01-08_17:45:59: Port configured to COM6
2022-01-08_17:48:57: Ports detected: ['COM6']
2022-01-08_17:48:57: Checking port COM6
2022-01-08_17:48:57: Port configured to COM6
2022-01-08_17:48:59: Sent $PING:0
2022-01-08_17:49:00: Read b'PONG:0\r\n'
2022-01-08_17:49:00: Port configured to COM6
2022-01-08_17:49:28: Ports detected: ['COM6']
2022-01-08_17:49:28: Checking port COM6
2022-01-08_17:49:28: Port configured to COM6
2022-01-08_17:49:30: Sent $PING:0
2022-01-08_17:49:31: Read b'PONG:0\r\n'
2022-01-08_17:49:31: Port configured to COM6
2022-01-08_17:52:21: Ports detected: ['COM6']
2022-01-08_17:52:21: Checking port COM6
2022-01-08_17:52:21: Port configured to COM6
2022-01-08_17:52:23: Sent $PING:0
2022-01-08_17:52:24: Read b'PONG:0\r\n'
2022-01-08_17:52:24: Port configured to COM6
2022-01-08_17:53:40: Ports detected: ['COM6']
2022-01-08_17:53:40: Checking port COM6
2022-01-08_17:53:40: Port configured to COM6
2022-01-08_17:53:42: Sent $PING:0
2022-01-08_17:53:43: Read b'PONG:0\r\n'
2022-01-08_17:53:43: Port configured to COM6
2022-01-08_17:58:32: Ports detected: ['COM6']
2022-01-08_17:58:32: Checking port COM6
2022-01-08_17:58:32: Port configured to COM6
2022-01-08_17:58:34: Sent $PING:0
2022-01-08_17:58:35: Read b'PONG:0\r\n'
2022-01-08_17:58:35: Port configured to COM6
2022-01-08_18:03:40: Ports detected: ['COM6']
2022-01-08_18:03:40: Checking port COM6
2022-01-08_18:03:40: Port configured to COM6
2022-01-08_18:03:43: Sent $PING:0
2022-01-08_18:03:44: Read b'PONG:0\r\n'
2022-01-08_18:03:44: Port configured to COM6
2022-01-08_18:04:37: Ports detected: ['COM6']
2022-01-08_18:04:37: Checking port COM6
2022-01-08_18:04:37: Port configured to COM6
2022-01-08_18:04:39: Sent $PING:0
2022-01-08_18:04:40: Read b'PONG:0\r\n'
2022-01-08_18:04:40: Port configured to COM6
2022-01-08_18:05:25: Ports detected: ['COM6']
2022-01-08_18:05:25: Checking port COM6
2022-01-08_18:05:25: Port configured to COM6
2022-01-08_18:05:27: Sent $PING:0
2022-01-08_18:05:28: Read b'PONG:0\r\n'
2022-01-08_18:05:28: Port configured to COM6
2022-01-08_18:05:46: Ports detected: ['COM6']
2022-01-08_18:05:46: Checking port COM6
2022-01-08_18:05:46: Port configured to COM6
2022-01-08_18:05:48: Sent $PING:0
2022-01-08_18:05:49: Read b'PONG:0\r\n'
2022-01-08_18:05:49: Port configured to COM6
2022-01-08_18:06:12: Ports detected: ['COM6']
2022-01-08_18:06:12: Checking port COM6
2022-01-08_18:06:12: Port configured to COM6
2022-01-08_18:06:14: Sent $PING:0
2022-01-08_18:06:16: Read b'PONG:0\r\n'
2022-01-08_18:06:16: Port configured to COM6
2022-01-08_18:06:35: Ports detected: ['COM6']
2022-01-08_18:06:35: Checking port COM6
2022-01-08_18:06:35: Port configured to COM6
2022-01-08_18:06:37: Sent $PING:0
2022-01-08_18:06:38: Read b'PONG:0\r\n'
2022-01-08_18:06:38: Port configured to COM6
2022-01-08_18:07:12: Ports detected: ['COM6']
2022-01-08_18:07:12: Checking port COM6
2022-01-08_18:07:12: Port configured to COM6
2022-01-08_18:07:14: Sent $PING:0
2022-01-08_18:07:15: Read b'PONG:0\r\n'
2022-01-08_18:07:15: Port configured to COM6
2022-01-08_18:08:30: Ports detected: ['COM6']
2022-01-08_18:08:30: Checking port COM6
2022-01-08_18:08:30: Port configured to COM6
2022-01-08_18:08:32: Sent $PING:0
2022-01-08_18:08:33: Read b'PONG:0\r\n'
2022-01-08_18:08:33: Port configured to COM6
2022-01-08_18:08:58: Ports detected: ['COM6']
2022-01-08_18:08:58: Checking port COM6
2022-01-08_18:08:58: Port configured to COM6
2022-01-08_18:09:00: Sent $PING:0
2022-01-08_18:09:01: Read b'PONG:0\r\n'
2022-01-08_18:09:01: Port configured to COM6
2022-01-08_18:09:53: Ports detected: ['COM6']
2022-01-08_18:09:53: Checking port COM6
2022-01-08_18:09:53: Port configured to COM6
2022-01-08_18:09:55: Sent $PING:0
2022-01-08_18:09:56: Read b'PONG:0\r\n'
2022-01-08_18:09:56: Port configured to COM6
2022-01-08_18:10:24: Ports detected: ['COM6']
2022-01-08_18:10:24: Checking port COM6
2022-01-08_18:10:24: Port configured to COM6
2022-01-08_18:10:26: Sent $PING:0
2022-01-08_18:10:27: Read b'PONG:0\r\n'
2022-01-08_18:10:27: Port configured to COM6
2022-01-08_18:10:45: Ports detected: ['COM6']
2022-01-08_18:10:45: Checking port COM6
2022-01-08_18:10:45: Port configured to COM6
2022-01-08_18:10:47: Sent $PING:0
2022-01-08_18:10:48: Read b'PONG:0\r\n'
2022-01-08_18:10:48: Port configured to COM6
2022-01-08_18:11:21: Ports detected: ['COM6']
2022-01-08_18:11:21: Checking port COM6
2022-01-08_18:11:21: Port configured to COM6
2022-01-08_18:11:23: Sent $PING:0
2022-01-08_18:11:24: Read b'PONG:0\r\n'
2022-01-08_18:11:24: Port configured to COM6
2022-01-08_18:12:49: Ports detected: ['COM6']
2022-01-08_18:12:49: Checking port COM6
2022-01-08_18:12:49: Port configured to COM6
2022-01-08_18:12:51: Sent $PING:0
2022-01-08_18:12:52: Read b'PONG:0\r\n'
2022-01-08_18:12:52: Port configured to COM6
2022-01-08_18:14:58: Ports detected: ['COM6']
2022-01-08_18:14:58: Checking port COM6
2022-01-08_18:14:58: Port configured to COM6
2022-01-08_18:15:00: Sent $PING:0
2022-01-08_18:15:01: Read b'PONG:0\r\n'
2022-01-08_18:15:01: Port configured to COM6
2022-01-08_18:24:46: Ports detected: ['COM6']
2022-01-08_18:24:46: Checking port COM6
2022-01-08_18:24:46: Port configured to COM6
2022-01-08_18:24:48: Sent $PING:0
2022-01-08_18:24:49: Read b'PONG:0\r\n'
2022-01-08_18:24:49: Port configured to COM6
2022-01-08_18:25:27: Ports detected: ['COM6']
2022-01-08_18:25:27: Checking port COM6
2022-01-08_18:25:27: Port configured to COM6
2022-01-08_18:25:29: Sent $PING:0
2022-01-08_18:25:30: Read b'PONG:0\r\n'
2022-01-08_18:25:30: Port configured to COM6
2022-01-08_18:26:35: Ports detected: ['COM6']
2022-01-08_18:26:35: Checking port COM6
2022-01-08_18:26:35: Port configured to COM6
2022-01-08_18:26:37: Sent $PING:0
2022-01-08_18:26:38: Read b'PONG:0\r\n'
2022-01-08_18:26:38: Port configured to COM6
2022-01-08_18:28:23: Ports detected: ['COM6']
2022-01-08_18:28:23: Checking port COM6
2022-01-08_18:28:23: Port configured to COM6
2022-01-08_18:28:25: Sent $PING:0
2022-01-08_18:28:27: Read b'PONG:0\r\n'
2022-01-08_18:28:27: Port configured to COM6
2022-01-08_19:19:25: Ports detected: ['COM6']
2022-01-08_19:19:25: Checking port COM6
2022-01-08_19:19:25: Port configured to COM6
2022-01-08_19:19:27: Sent $PING:0
2022-01-08_19:19:28: Read b'PONG:0\r\n'
2022-01-08_19:19:28: Port configured to COM6
2022-01-08_19:20:19: Ports detected: ['COM6']
2022-01-08_19:20:19: Checking port COM6
2022-01-08_19:20:19: Port configured to COM6
2022-01-08_19:20:21: Sent $PING:0
2022-01-08_19:20:22: Read b'PONG:0\r\n'
2022-01-08_19:20:22: Port configured to COM6
2022-01-08_19:21:54: Ports detected: ['COM6']
2022-01-08_19:21:54: Checking port COM6
2022-01-08_19:21:54: Port configured to COM6
2022-01-08_19:21:56: Sent $PING:0
2022-01-08_19:21:57: Read b'PONG:0\r\n'
2022-01-08_19:21:57: Port configured to COM6
2022-01-08_19:23:34: Ports detected: ['COM6']
2022-01-08_19:23:34: Checking port COM6
2022-01-08_19:23:34: Port configured to COM6
2022-01-08_19:23:36: Sent $PING:0
2022-01-08_19:23:37: Read b'PONG:0\r\n'
2022-01-08_19:23:37: Port configured to COM6
2022-01-08_19:24:50: Ports detected: ['COM6']
2022-01-08_19:24:50: Checking port COM6
2022-01-08_19:24:50: Port configured to COM6
2022-01-08_19:24:52: Sent $PING:0
2022-01-08_19:24:53: Read b'PONG:0\r\n'
2022-01-08_19:24:53: Port configured to COM6
2022-01-08_19:25:26: Ports detected: ['COM6']
2022-01-08_19:25:26: Checking port COM6
2022-01-08_19:25:26: Port configured to COM6
2022-01-08_19:25:28: Sent $PING:0
2022-01-08_19:25:29: Read b'PONG:0\r\n'
2022-01-08_19:25:29: Port configured to COM6
2022-01-08_19:26:35: Ports detected: ['COM6']
2022-01-08_19:26:35: Checking port COM6
2022-01-08_19:26:35: Port configured to COM6
2022-01-08_19:26:37: Sent $PING:0
2022-01-08_19:26:38: Read b'PONG:0\r\n'
2022-01-08_19:26:38: Port configured to COM6
2022-01-08_19:29:25: Ports detected: ['COM6']
2022-01-08_19:29:25: Checking port COM6
2022-01-08_19:29:25: Port configured to COM6
2022-01-08_19:29:27: Sent $PING:0
2022-01-08_19:29:28: Read b'PONG:0\r\n'
2022-01-08_19:29:28: Port configured to COM6
2022-01-08_19:31:12: Ports detected: ['COM6']
2022-01-08_19:31:12: Checking port COM6
2022-01-08_19:31:12: Port configured to COM6
2022-01-08_19:31:14: Sent $PING:0
2022-01-08_19:31:15: Read b'PONG:0\r\n'
2022-01-08_19:31:15: Port configured to COM6
2022-01-08_19:32:02: Ports detected: ['COM6']
2022-01-08_19:32:02: Checking port COM6
2022-01-08_19:32:02: Port configured to COM6
2022-01-08_19:32:04: Sent $PING:0
2022-01-08_19:32:05: Read b'PONG:0\r\n'
2022-01-08_19:32:05: Port configured to COM6
2022-01-08_19:40:08: Ports detected: ['COM6']
2022-01-08_19:40:08: Checking port COM6
2022-01-08_19:40:08: Port configured to COM6
2022-01-08_19:40:10: Sent $PING:0
2022-01-08_19:40:11: Read b'PONG:0\r\n'
2022-01-08_19:40:11: Port configured to COM6
2022-01-08_19:46:18: Ports detected: ['COM6']
2022-01-08_19:46:18: Checking port COM6
2022-01-08_19:46:18: Port configured to COM6
2022-01-08_19:46:20: Sent $PING:0
2022-01-08_19:46:21: Read b'PONG:0\r\n'
2022-01-08_19:46:21: Port configured to COM6
2022-01-08_19:48:40: Ports detected: ['COM6']
2022-01-08_19:48:40: Checking port COM6
2022-01-08_19:48:40: Port configured to COM6
2022-01-08_19:48:42: Sent $PING:0
2022-01-08_19:48:43: Read b'PONG:0\r\n'
2022-01-08_19:48:43: Port configured to COM6
2022-01-08_19:50:18: Ports detected: ['COM6']
2022-01-08_19:50:18: Checking port COM6
2022-01-08_19:50:18: Port configured to COM6
2022-01-08_19:50:20: Sent $PING:0
2022-01-08_19:50:21: Read b'PONG:0\r\n'
2022-01-08_19:50:21: Port configured to COM6
2022-01-08_19:50:42: Ports detected: ['COM6']
2022-01-08_19:50:42: Checking port COM6
2022-01-08_19:50:42: Port configured to COM6
2022-01-08_19:50:44: Sent $PING:0
2022-01-08_19:50:45: Read b'PONG:0\r\n'
2022-01-08_19:50:45: Port configured to COM6
2022-01-08_19:51:13: Ports detected: ['COM6']
2022-01-08_19:51:13: Checking port COM6
2022-01-08_19:51:13: Port configured to COM6
2022-01-08_19:51:15: Sent $PING:0
2022-01-08_19:51:16: Read b'PONG:0\r\n'
2022-01-08_19:51:16: Port configured to COM6
2022-01-08_19:51:47: Ports detected: ['COM6']
2022-01-08_19:51:47: Checking port COM6
2022-01-08_19:51:47: Port configured to COM6
2022-01-08_19:51:49: Sent $PING:0
2022-01-08_19:51:50: Read b'PONG:0\r\n'
2022-01-08_19:51:50: Port configured to COM6
2022-01-08_19:52:28: Ports detected: ['COM6']
2022-01-08_19:52:28: Checking port COM6
2022-01-08_19:52:28: Port configured to COM6
2022-01-08_19:52:30: Sent $PING:0
2022-01-08_19:52:31: Read b'PONG:0\r\n'
2022-01-08_19:52:31: Port configured to COM6
2022-01-08_19:52:57: Ports detected: ['COM6']
2022-01-08_19:52:57: Checking port COM6
2022-01-08_19:52:57: Port configured to COM6
2022-01-08_19:52:59: Sent $PING:0
2022-01-08_19:53:00: Read b'PONG:0\r\n'
2022-01-08_19:53:00: Port configured to COM6
2022-01-08_19:55:46: Ports detected: ['COM6']
2022-01-08_19:55:46: Checking port COM6
2022-01-08_19:55:46: Port configured to COM6
2022-01-08_19:55:48: Sent $PING:0
2022-01-08_19:55:49: Read b'PONG:0\r\n'
2022-01-08_19:55:49: Port configured to COM6
2022-01-08_20:02:01: Ports detected: ['COM6']
2022-01-08_20:02:01: Checking port COM6
2022-01-08_20:02:01: Port configured to COM6
2022-01-08_20:02:03: Sent $PING:0
2022-01-08_20:02:04: Read b'PONG:0\r\n'
2022-01-08_20:02:04: Port configured to COM6
2022-01-08_20:30:46: Ports detected: ['COM6']
2022-01-08_20:30:46: Checking port COM6
2022-01-08_20:30:46: Port configured to COM6
2022-01-08_20:30:48: Sent $PING:0
2022-01-08_20:30:49: Read b'PONG:0\r\n'
2022-01-08_20:30:49: Port configured to COM6
2022-01-08_20:33:35: Ports detected: ['COM6']
2022-01-08_20:33:35: Checking port COM6
2022-01-08_20:33:35: Port configured to COM6
2022-01-08_20:33:37: Sent $PING:0
2022-01-08_20:33:38: Read b'PONG:0\r\n'
2022-01-08_20:33:38: Port configured to COM6
2022-01-08_20:34:22: Ports detected: ['COM6']
2022-01-08_20:34:22: Checking port COM6
2022-01-08_20:34:22: Port configured to COM6
2022-01-08_20:34:24: Sent $PING:0
2022-01-08_20:34:25: Read b'PONG:0\r\n'
2022-01-08_20:34:25: Port configured to COM6
2022-01-08_20:38:37: Ports detected: ['COM6']
2022-01-08_20:38:37: Checking port COM6
2022-01-08_20:38:37: Port configured to COM6
2022-01-08_20:38:39: Sent $PING:0
2022-01-08_20:38:40: Read b'PONG:0\r\n'
2022-01-08_20:38:40: Port configured to COM6
2022-01-08_20:39:57: Ports detected: ['COM6']
2022-01-08_20:39:57: Checking port COM6
2022-01-08_20:39:57: Port configured to COM6
2022-01-08_20:39:59: Sent $PING:0
2022-01-08_20:40:00: Read b'PONG:0\r\n'
2022-01-08_20:40:00: Port configured to COM6
2022-01-08_20:41:59: Ports detected: ['COM6']
2022-01-08_20:41:59: Checking port COM6
2022-01-08_20:41:59: Port configured to COM6
2022-01-08_20:42:01: Sent $PING:0
2022-01-08_20:42:02: Read b'PONG:0\r\n'
2022-01-08_20:42:02: Port configured to COM6
2022-01-08_20:53:15: Ports detected: ['COM6']
2022-01-08_20:53:15: Checking port COM6
2022-01-08_20:53:15: Port configured to COM6
2022-01-08_20:53:17: Sent $PING:0
2022-01-08_20:53:18: Read b'PONG:0\r\n'
2022-01-08_20:53:18: Port configured to COM6
2022-01-08_20:54:55: Ports detected: ['COM6']
2022-01-08_20:54:55: Checking port COM6
2022-01-08_20:54:55: Port configured to COM6
2022-01-08_20:54:57: Sent $PING:0
2022-01-08_20:54:58: Read b'PONG:0\r\n'
2022-01-08_20:54:58: Port configured to COM6
2022-01-08_20:55:24: Ports detected: ['COM6']
2022-01-08_20:55:24: Checking port COM6
2022-01-08_20:55:24: Port configured to COM6
2022-01-08_20:55:26: Sent $PING:0
2022-01-08_20:55:27: Read b'PONG:0\r\n'
2022-01-08_20:55:27: Port configured to COM6
2022-01-08_20:57:41: Ports detected: ['COM6']
2022-01-08_20:57:41: Checking port COM6
2022-01-08_20:57:41: Port configured to COM6
2022-01-08_20:57:43: Sent $PING:0
2022-01-08_20:57:44: Read b'PONG:0\r\n'
2022-01-08_20:57:44: Port configured to COM6
2022-01-08_21:00:31: Ports detected: ['COM6']
2022-01-08_21:00:31: Checking port COM6
2022-01-08_21:00:31: Port configured to COM6
2022-01-08_21:00:33: Sent $PING:0
2022-01-08_21:00:34: Read b'PONG:0\r\n'
2022-01-08_21:00:34: Port configured to COM6
2022-01-08_21:00:52: Ports detected: ['COM6']
2022-01-08_21:00:52: Checking port COM6
2022-01-08_21:00:52: Port configured to COM6
2022-01-08_21:00:54: Sent $PING:0
2022-01-08_21:00:55: Read b'PONG:0\r\n'
2022-01-08_21:00:55: Port configured to COM6
2022-01-08_21:05:23: Ports detected: ['COM6']
2022-01-08_21:05:23: Checking port COM6
2022-01-08_21:05:23: Port configured to COM6
2022-01-08_21:05:25: Sent $PING:0
2022-01-08_21:05:26: Read b'PONG:0\r\n'
2022-01-08_21:05:26: Port configured to COM6
2022-01-08_21:06:00: Ports detected: ['COM6']
2022-01-08_21:06:00: Checking port COM6
2022-01-08_21:06:00: Port configured to COM6
2022-01-08_21:06:02: Sent $PING:0
2022-01-08_21:06:03: Read b'PONG:0\r\n'
2022-01-08_21:06:03: Port configured to COM6
2022-01-08_21:06:52: Ports detected: ['COM6']
2022-01-08_21:06:52: Checking port COM6
2022-01-08_21:06:52: Port configured to COM6
2022-01-08_21:06:54: Sent $PING:0
2022-01-08_21:06:55: Read b'PONG:0\r\n'
2022-01-08_21:06:55: Port configured to COM6
2022-01-08_21:07:23: Ports detected: ['COM6']
2022-01-08_21:07:23: Checking port COM6
2022-01-08_21:07:23: Port configured to COM6
2022-01-08_21:07:25: Sent $PING:0
2022-01-08_21:07:26: Read b'PONG:0\r\n'
2022-01-08_21:07:26: Port configured to COM6
2022-01-08_21:11:41: Ports detected: ['COM6']
2022-01-08_21:11:41: Checking port COM6
2022-01-08_21:11:41: Port configured to COM6
2022-01-08_21:11:43: Sent $PING:0
2022-01-08_21:11:44: Read b'PONG:0\r\n'
2022-01-08_21:11:44: Port configured to COM6
2022-01-08_21:13:08: Ports detected: ['COM6']
2022-01-08_21:13:08: Checking port COM6
2022-01-08_21:13:08: Port configured to COM6
2022-01-08_21:13:10: Sent $PING:0
2022-01-08_21:13:11: Read b'PONG:0\r\n'
2022-01-08_21:13:11: Port configured to COM6
2022-01-08_21:14:18: Ports detected: ['COM6']
2022-01-08_21:14:18: Checking port COM6
2022-01-08_21:14:18: Port configured to COM6
2022-01-08_21:14:20: Sent $PING:0
2022-01-08_21:14:21: Read b'PONG:0\r\n'
2022-01-08_21:14:21: Port configured to COM6
2022-01-08_21:14:43: Ports detected: ['COM6']
2022-01-08_21:14:43: Checking port COM6
2022-01-08_21:14:43: Port configured to COM6
2022-01-08_21:14:45: Sent $PING:0
2022-01-08_21:14:46: Read b'PONG:0\r\n'
2022-01-08_21:14:46: Port configured to COM6
2022-01-08_21:17:03: Ports detected: ['COM6']
2022-01-08_21:17:03: Checking port COM6
2022-01-08_21:17:03: Port configured to COM6
2022-01-08_21:17:05: Sent $PING:0
2022-01-08_21:17:06: Read b'PONG:0\r\n'
2022-01-08_21:17:06: Port configured to COM6
2022-01-08_21:17:32: Ports detected: ['COM6']
2022-01-08_21:17:32: Checking port COM6
2022-01-08_21:17:32: Port configured to COM6
2022-01-08_21:17:34: Sent $PING:0
2022-01-08_21:17:35: Read b'PONG:0\r\n'
2022-01-08_21:17:35: Port configured to COM6
2022-01-08_21:18:21: Ports detected: ['COM6']
2022-01-08_21:18:21: Checking port COM6
2022-01-08_21:18:21: Port configured to COM6
2022-01-08_21:18:23: Sent $PING:0
2022-01-08_21:18:24: Read b'PONG:0\r\n'
2022-01-08_21:18:24: Port configured to COM6
2022-01-08_21:19:06: Ports detected: ['COM6']
2022-01-08_21:19:06: Checking port COM6
2022-01-08_21:19:06: Port configured to COM6
2022-01-08_21:19:08: Sent $PING:0
2022-01-08_21:19:09: Read b'PONG:0\r\n'
2022-01-08_21:19:09: Port configured to COM6
2022-01-08_21:20:03: Ports detected: ['COM6']
2022-01-08_21:20:03: Checking port COM6
2022-01-08_21:20:03: Port configured to COM6
2022-01-08_21:20:05: Sent $PING:0
2022-01-08_21:20:06: Read b'PONG:0\r\n'
2022-01-08_21:20:06: Port configured to COM6
2022-01-08_21:22:24: Ports detected: ['COM6']
2022-01-08_21:22:24: Checking port COM6
2022-01-08_21:22:24: Port configured to COM6
2022-01-08_21:22:26: Sent $PING:0
2022-01-08_21:22:27: Read b'PONG:0\r\n'
2022-01-08_21:22:27: Port configured to COM6
2022-01-08_21:22:45: Ports detected: ['COM6']
2022-01-08_21:22:45: Checking port COM6
2022-01-08_21:22:45: Port configured to COM6
2022-01-08_21:22:47: Sent $PING:0
2022-01-08_21:22:48: Read b'PONG:0\r\n'
2022-01-08_21:22:48: Port configured to COM6
2022-01-08_21:23:17: Ports detected: ['COM6']
2022-01-08_21:23:17: Checking port COM6
2022-01-08_21:23:17: Port configured to COM6
2022-01-08_21:23:19: Sent $PING:0
2022-01-08_21:23:20: Read b'PONG:0\r\n'
2022-01-08_21:23:20: Port configured to COM6
2022-01-08_21:24:55: Ports detected: ['COM6']
2022-01-08_21:24:55: Checking port COM6
2022-01-08_21:24:55: Port configured to COM6
2022-01-08_21:24:57: Sent $PING:0
2022-01-08_21:24:58: Read b'PONG:0\r\n'
2022-01-08_21:24:58: Port configured to COM6
2022-01-08_21:27:12: Ports detected: ['COM6']
2022-01-08_21:27:12: Checking port COM6
2022-01-08_21:27:12: Port configured to COM6
2022-01-08_21:27:14: Sent $PING:0
2022-01-08_21:27:15: Read b'PONG:0\r\n'
2022-01-08_21:27:15: Port configured to COM6
2022-01-08_21:28:21: Ports detected: ['COM6']
2022-01-08_21:28:21: Checking port COM6
2022-01-08_21:28:21: Port configured to COM6
2022-01-08_21:28:23: Sent $PING:0
2022-01-08_21:28:24: Read b'PONG:0\r\n'
2022-01-08_21:28:24: Port configured to COM6
2022-01-08_21:30:17: Ports detected: ['COM6']
2022-01-08_21:30:17: Checking port COM6
2022-01-08_21:30:17: Port configured to COM6
2022-01-08_21:30:19: Sent $PING:0
2022-01-08_21:30:20: Read b'PONG:0\r\n'
2022-01-08_21:30:20: Port configured to COM6
2022-01-08_21:31:02: Ports detected: ['COM6']
2022-01-08_21:31:02: Checking port COM6
2022-01-08_21:31:02: Port configured to COM6
2022-01-08_21:31:04: Sent $PING:0
2022-01-08_21:31:05: Read b'PONG:0\r\n'
2022-01-08_21:31:05: Port configured to COM6
2022-01-08_21:32:16: Ports detected: ['COM6']
2022-01-08_21:32:16: Checking port COM6
2022-01-08_21:32:16: Port configured to COM6
2022-01-08_21:32:18: Sent $PING:0
2022-01-08_21:32:19: Read b'PONG:0\r\n'
2022-01-08_21:32:19: Port configured to COM6
2022-01-08_21:33:05: Ports detected: ['COM6']
2022-01-08_21:33:05: Checking port COM6
2022-01-08_21:33:05: Port configured to COM6
2022-01-08_21:33:07: Sent $PING:0
2022-01-08_21:33:08: Read b'PONG:0\r\n'
2022-01-08_21:33:08: Port configured to COM6
2022-01-08_21:34:06: Ports detected: ['COM6']
2022-01-08_21:34:06: Checking port COM6
2022-01-08_21:34:06: Port configured to COM6
2022-01-08_21:34:08: Sent $PING:0
2022-01-08_21:34:09: Read b'PONG:0\r\n'
2022-01-08_21:34:09: Port configured to COM6
2022-01-08_21:37:24: Ports detected: ['COM6']
2022-01-08_21:37:24: Checking port COM6
2022-01-08_21:37:24: Port configured to COM6
2022-01-08_21:37:26: Sent $PING:0
2022-01-08_21:37:27: Read b'PONG:0\r\n'
2022-01-08_21:37:27: Port configured to COM6
2022-01-08_21:40:55: Ports detected: ['COM6']
2022-01-08_21:40:55: Checking port COM6
2022-01-08_21:40:55: Port configured to COM6
2022-01-08_21:40:57: Sent $PING:0
2022-01-08_21:40:58: Read b'PONG:0\r\n'
2022-01-08_21:40:58: Port configured to COM6
2022-01-08_21:41:53: Ports detected: ['COM6']
2022-01-08_21:41:53: Checking port COM6
2022-01-08_21:41:53: Port configured to COM6
2022-01-08_21:41:55: Sent $PING:0
2022-01-08_21:41:56: Read b'PONG:0\r\n'
2022-01-08_21:41:56: Port configured to COM6
2022-01-08_21:43:41: Ports detected: ['COM6']
2022-01-08_21:43:41: Checking port COM6
2022-01-08_21:43:41: Port configured to COM6
2022-01-08_21:43:43: Sent $PING:0
2022-01-08_21:43:45: Read b'PONG:0\r\n'
2022-01-08_21:43:45: Port configured to COM6
2022-01-08_21:44:09: Ports detected: ['COM6']
2022-01-08_21:44:09: Checking port COM6
2022-01-08_21:44:09: Port configured to COM6
2022-01-08_21:44:11: Sent $PING:0
2022-01-08_21:44:12: Read b'PONG:0\r\n'
2022-01-08_21:44:12: Port configured to COM6
2022-01-08_21:44:59: Ports detected: ['COM6']
2022-01-08_21:44:59: Checking port COM6
2022-01-08_21:44:59: Port configured to COM6
2022-01-08_21:45:01: Sent $PING:0
2022-01-08_21:45:02: Read b'PONG:0\r\n'
2022-01-08_21:45:02: Port configured to COM6
2022-01-08_21:46:05: Ports detected: ['COM6']
2022-01-08_21:46:05: Checking port COM6
2022-01-08_21:46:05: Port configured to COM6
2022-01-08_21:46:07: Sent $PING:0
2022-01-08_21:46:08: Read b'PONG:0\r\n'
2022-01-08_21:46:08: Port configured to COM6
2022-01-08_21:48:19: Ports detected: ['COM6']
2022-01-08_21:48:19: Checking port COM6
2022-01-08_21:48:19: Port configured to COM6
2022-01-08_21:48:21: Sent $PING:0
2022-01-08_21:48:22: Read b'PONG:0\r\n'
2022-01-08_21:48:22: Port configured to COM6
2022-01-08_21:48:48: Ports detected: ['COM6']
2022-01-08_21:48:48: Checking port COM6
2022-01-08_21:48:48: Port configured to COM6
2022-01-08_21:48:50: Sent $PING:0
2022-01-08_21:48:51: Read b'PONG:0\r\n'
2022-01-08_21:48:51: Port configured to COM6
2022-01-08_21:51:21: Ports detected: ['COM6']
2022-01-08_21:51:21: Checking port COM6
2022-01-08_21:51:21: Port configured to COM6
2022-01-08_21:51:23: Sent $PING:0
2022-01-08_21:51:24: Read b'PONG:0\r\n'
2022-01-08_21:51:24: Port configured to COM6
2022-01-08_21:56:24: Ports detected: ['COM6']
2022-01-08_21:56:24: Checking port COM6
2022-01-08_21:56:24: Port configured to COM6
2022-01-08_21:56:26: Sent $PING:0
2022-01-08_21:56:27: Read b'PONG:0\r\n'
2022-01-08_21:56:27: Port configured to COM6
2022-01-08_21:57:41: Ports detected: ['COM6']
2022-01-08_21:57:41: Checking port COM6
2022-01-08_21:57:41: Port configured to COM6
2022-01-08_21:57:43: Sent $PING:0
2022-01-08_21:57:44: Read b'PONG:0\r\n'
2022-01-08_21:57:44: Port configured to COM6
2022-01-08_21:59:40: Ports detected: ['COM6']
2022-01-08_21:59:40: Checking port COM6
2022-01-08_21:59:40: Port configured to COM6
2022-01-08_21:59:42: Sent $PING:0
2022-01-08_21:59:43: Read b'PONG:0\r\n'
2022-01-08_21:59:43: Port configured to COM6
2022-01-08_22:00:43: Ports detected: ['COM6']
2022-01-08_22:00:43: Checking port COM6
2022-01-08_22:00:43: Port configured to COM6
2022-01-08_22:00:45: Sent $PING:0
2022-01-08_22:00:46: Read b'PONG:0\r\n'
2022-01-08_22:00:46: Port configured to COM6
2022-01-08_22:01:52: Ports detected: ['COM6']
2022-01-08_22:01:52: Checking port COM6
2022-01-08_22:01:52: Port configured to COM6
2022-01-08_22:01:54: Sent $PING:0
2022-01-08_22:01:55: Read b'PONG:0\r\n'
2022-01-08_22:01:55: Port configured to COM6
