2022-01-09_19:51:28: Ports detected: []
2022-01-09_19:51:44: Ports detected: ['COM6']
2022-01-09_19:51:44: Checking port COM6
2022-01-09_19:51:44: Port configured to COM6
2022-01-09_19:51:46: Sent $PING:0
2022-01-09_19:51:47: Read b'PONG:0\r\n'
2022-01-09_19:51:47: Port configured to COM6
2022-01-09_19:56:03: Ports detected: ['COM6']
2022-01-09_19:56:03: Checking port COM6
2022-01-09_19:56:03: Port configured to COM6
2022-01-09_19:56:05: Sent $PING:0
2022-01-09_19:56:06: Read b'PONG:0\r\n'
2022-01-09_19:56:06: Port configured to COM6
2022-01-09_19:57:20: Ports detected: ['COM6']
2022-01-09_19:57:20: Checking port COM6
2022-01-09_19:57:20: Port configured to COM6
2022-01-09_19:57:22: Sent $PING:0
2022-01-09_19:57:23: Read b'PONG:0\r\n'
2022-01-09_19:57:23: Port configured to COM6
2022-01-09_19:58:45: Ports detected: ['COM6']
2022-01-09_19:58:45: Checking port COM6
2022-01-09_19:58:45: Port configured to COM6
2022-01-09_19:58:47: Sent $PING:0
2022-01-09_19:58:48: Read b'PONG:0\r\n'
2022-01-09_19:58:48: Port configured to COM6
2022-01-09_19:59:55: Ports detected: ['COM6']
2022-01-09_19:59:55: Checking port COM6
2022-01-09_19:59:55: Port configured to COM6
2022-01-09_19:59:57: Sent $PING:0
2022-01-09_19:59:58: Read b'PONG:0\r\n'
2022-01-09_19:59:58: Port configured to COM6
2022-01-09_20:00:38: Ports detected: ['COM6']
2022-01-09_20:00:38: Checking port COM6
2022-01-09_20:00:38: Port configured to COM6
2022-01-09_20:00:40: Sent $PING:0
2022-01-09_20:00:41: Read b'PONG:0\r\n'
2022-01-09_20:00:41: Port configured to COM6
2022-01-09_20:02:25: Ports detected: ['COM6']
2022-01-09_20:02:25: Checking port COM6
2022-01-09_20:02:25: Port configured to COM6
2022-01-09_20:02:27: Sent $PING:0
2022-01-09_20:02:28: Read b'PONG:0\r\n'
2022-01-09_20:02:28: Port configured to COM6
2022-01-09_20:03:29: Ports detected: ['COM6']
2022-01-09_20:03:29: Checking port COM6
2022-01-09_20:03:29: Port configured to COM6
2022-01-09_20:03:31: Sent $PING:0
2022-01-09_20:03:32: Read b'PONG:0\r\n'
2022-01-09_20:03:32: Port configured to COM6
2022-01-09_20:04:51: Ports detected: ['COM6']
2022-01-09_20:04:51: Checking port COM6
2022-01-09_20:04:51: Port configured to COM6
2022-01-09_20:04:53: Sent $PING:0
2022-01-09_20:04:54: Read b'PONG:0\r\n'
2022-01-09_20:04:54: Port configured to COM6
2022-01-09_20:05:44: Ports detected: ['COM6']
2022-01-09_20:05:44: Checking port COM6
2022-01-09_20:05:44: Port configured to COM6
2022-01-09_20:05:46: Sent $PING:0
2022-01-09_20:05:47: Read b'PONG:0\r\n'
2022-01-09_20:05:47: Port configured to COM6
2022-01-09_20:07:37: Ports detected: ['COM6']
2022-01-09_20:07:37: Checking port COM6
2022-01-09_20:07:37: Port configured to COM6
2022-01-09_20:07:39: Sent $PING:0
2022-01-09_20:07:40: Read b'PONG:0\r\n'
2022-01-09_20:07:40: Port configured to COM6
2022-01-09_20:09:06: Ports detected: ['COM6']
2022-01-09_20:09:06: Checking port COM6
2022-01-09_20:09:06: Port configured to COM6
2022-01-09_20:09:08: Sent $PING:0
2022-01-09_20:09:09: Read b'PONG:0\r\n'
2022-01-09_20:09:09: Port configured to COM6
2022-01-09_20:10:33: Ports detected: ['COM6']
2022-01-09_20:10:33: Checking port COM6
2022-01-09_20:10:33: Port configured to COM6
2022-01-09_20:10:35: Sent $PING:0
2022-01-09_20:10:36: Read b'PONG:0\r\n'
2022-01-09_20:10:36: Port configured to COM6
2022-01-09_20:12:06: Ports detected: ['COM6']
2022-01-09_20:12:06: Checking port COM6
2022-01-09_20:12:06: Port configured to COM6
2022-01-09_20:12:08: Sent $PING:0
2022-01-09_20:12:09: Read b'PONG:0\r\n'
2022-01-09_20:12:09: Port configured to COM6
2022-01-09_20:14:52: Ports detected: ['COM6']
2022-01-09_20:14:52: Checking port COM6
2022-01-09_20:14:52: Port configured to COM6
2022-01-09_20:14:54: Sent $PING:0
2022-01-09_20:14:55: Read b'PONG:0\r\n'
2022-01-09_20:14:55: Port configured to COM6
2022-01-09_20:15:28: Ports detected: ['COM6']
2022-01-09_20:15:28: Checking port COM6
2022-01-09_20:15:28: Port configured to COM6
2022-01-09_20:15:30: Sent $PING:0
2022-01-09_20:15:31: Read b'PONG:0\r\n'
2022-01-09_20:15:31: Port configured to COM6
2022-01-09_20:18:05: Ports detected: ['COM6']
2022-01-09_20:18:05: Checking port COM6
2022-01-09_20:18:05: Port configured to COM6
2022-01-09_20:18:07: Sent $PING:0
2022-01-09_20:18:08: Read b'PONG:0\r\n'
2022-01-09_20:18:08: Port configured to COM6
2022-01-09_20:19:34: Ports detected: ['COM6']
2022-01-09_20:19:34: Checking port COM6
2022-01-09_20:19:34: Port configured to COM6
2022-01-09_20:19:36: Sent $PING:0
2022-01-09_20:19:37: Read b'PONG:0\r\n'
2022-01-09_20:19:37: Port configured to COM6
2022-01-09_20:20:03: Ports detected: ['COM6']
2022-01-09_20:20:03: Checking port COM6
2022-01-09_20:20:03: Port configured to COM6
2022-01-09_20:20:05: Sent $PING:0
2022-01-09_20:20:06: Read b'PONG:0\r\n'
2022-01-09_20:20:06: Port configured to COM6
2022-01-09_20:21:51: Ports detected: ['COM6']
2022-01-09_20:21:51: Checking port COM6
2022-01-09_20:21:51: Port configured to COM6
2022-01-09_20:21:53: Sent $PING:0
2022-01-09_20:21:54: Read b'PONG:0\r\n'
2022-01-09_20:21:54: Port configured to COM6
2022-01-09_20:22:56: Ports detected: ['COM6']
2022-01-09_20:22:56: Checking port COM6
2022-01-09_20:22:56: Port configured to COM6
2022-01-09_20:22:58: Sent $PING:0
2022-01-09_20:22:59: Read b'PONG:0\r\n'
2022-01-09_20:22:59: Port configured to COM6
2022-01-09_20:24:27: Ports detected: ['COM6']
2022-01-09_20:24:27: Checking port COM6
2022-01-09_20:24:27: Port configured to COM6
2022-01-09_20:24:29: Sent $PING:0
2022-01-09_20:24:30: Read b'PONG:0\r\n'
2022-01-09_20:24:30: Port configured to COM6
2022-01-09_20:25:14: Ports detected: ['COM6']
2022-01-09_20:25:14: Checking port COM6
2022-01-09_20:25:14: Port configured to COM6
2022-01-09_20:25:16: Sent $PING:0
2022-01-09_20:25:17: Read b'PONG:0\r\n'
2022-01-09_20:25:17: Port configured to COM6
2022-01-09_20:25:46: Ports detected: ['COM6']
2022-01-09_20:25:46: Checking port COM6
2022-01-09_20:25:46: Port configured to COM6
2022-01-09_20:25:48: Sent $PING:0
2022-01-09_20:25:49: Read b'PONG:0\r\n'
2022-01-09_20:25:49: Port configured to COM6
2022-01-09_20:27:12: Ports detected: ['COM6']
2022-01-09_20:27:12: Checking port COM6
2022-01-09_20:27:12: Port configured to COM6
2022-01-09_20:27:14: Sent $PING:0
2022-01-09_20:27:15: Read b'PONG:0\r\n'
2022-01-09_20:27:15: Port configured to COM6
2022-01-09_20:34:36: Ports detected: ['COM6']
2022-01-09_20:34:36: Checking port COM6
2022-01-09_20:34:36: Port configured to COM6
2022-01-09_20:34:38: Sent $PING:0
2022-01-09_20:34:39: Read b'PONG:0\r\n'
2022-01-09_20:34:39: Port configured to COM6
2022-01-09_20:35:39: Ports detected: ['COM6']
2022-01-09_20:35:39: Checking port COM6
2022-01-09_20:35:39: Port configured to COM6
2022-01-09_20:35:41: Sent $PING:0
2022-01-09_20:35:42: Read b'PONG:0\r\n'
2022-01-09_20:35:42: Port configured to COM6
2022-01-09_20:36:57: Ports detected: ['COM6']
2022-01-09_20:36:57: Checking port COM6
2022-01-09_20:36:57: Port configured to COM6
2022-01-09_20:36:59: Sent $PING:0
2022-01-09_20:37:00: Read b'PONG:0\r\n'
2022-01-09_20:37:00: Port configured to COM6
2022-01-09_20:38:18: Ports detected: ['COM6']
2022-01-09_20:38:18: Checking port COM6
2022-01-09_20:38:18: Port configured to COM6
2022-01-09_20:38:20: Sent $PING:0
2022-01-09_20:38:21: Read b'PONG:0\r\n'
2022-01-09_20:38:21: Port configured to COM6
2022-01-09_20:39:00: Ports detected: ['COM6']
2022-01-09_20:39:00: Checking port COM6
2022-01-09_20:39:00: Port configured to COM6
2022-01-09_20:39:02: Sent $PING:0
2022-01-09_20:39:03: Read b'PONG:0\r\n'
2022-01-09_20:39:03: Port configured to COM6
2022-01-09_20:40:12: Ports detected: ['COM6']
2022-01-09_20:40:12: Checking port COM6
2022-01-09_20:40:12: Port configured to COM6
2022-01-09_20:40:14: Sent $PING:0
2022-01-09_20:40:15: Read b'PONG:0\r\n'
2022-01-09_20:40:15: Port configured to COM6
2022-01-09_20:41:36: Ports detected: ['COM6']
2022-01-09_20:41:36: Checking port COM6
2022-01-09_20:41:36: Port configured to COM6
2022-01-09_20:41:38: Sent $PING:0
2022-01-09_20:41:39: Read b'PONG:0\r\n'
2022-01-09_20:41:39: Port configured to COM6
2022-01-09_20:42:15: Ports detected: ['COM6']
2022-01-09_20:42:15: Checking port COM6
2022-01-09_20:42:15: Port configured to COM6
2022-01-09_20:42:17: Sent $PING:0
2022-01-09_20:42:18: Read b'PONG:0\r\n'
2022-01-09_20:42:18: Port configured to COM6
2022-01-09_20:42:46: Ports detected: ['COM6']
2022-01-09_20:42:46: Checking port COM6
2022-01-09_20:42:46: Port configured to COM6
2022-01-09_20:42:48: Sent $PING:0
2022-01-09_20:42:49: Read b'PONG:0\r\n'
2022-01-09_20:42:49: Port configured to COM6
2022-01-09_20:43:10: Ports detected: ['COM6']
2022-01-09_20:43:10: Checking port COM6
2022-01-09_20:43:10: Port configured to COM6
2022-01-09_20:43:12: Sent $PING:0
2022-01-09_20:43:13: Read b'PONG:0\r\n'
2022-01-09_20:43:13: Port configured to COM6
2022-01-09_20:43:34: Ports detected: ['COM6']
2022-01-09_20:43:34: Checking port COM6
2022-01-09_20:43:34: Port configured to COM6
2022-01-09_20:43:36: Sent $PING:0
2022-01-09_20:43:37: Read b'PONG:0\r\n'
2022-01-09_20:43:37: Port configured to COM6
2022-01-09_20:43:55: Ports detected: ['COM6']
2022-01-09_20:43:55: Checking port COM6
2022-01-09_20:43:55: Port configured to COM6
2022-01-09_20:43:57: Sent $PING:0
2022-01-09_20:43:58: Read b'PONG:0\r\n'
2022-01-09_20:43:58: Port configured to COM6
2022-01-09_20:44:20: Ports detected: ['COM6']
2022-01-09_20:44:20: Checking port COM6
2022-01-09_20:44:20: Port configured to COM6
2022-01-09_20:44:22: Sent $PING:0
2022-01-09_20:44:23: Read b'PONG:0\r\n'
2022-01-09_20:44:23: Port configured to COM6
2022-01-09_20:46:45: Ports detected: ['COM6']
2022-01-09_20:46:45: Checking port COM6
2022-01-09_20:46:45: Port configured to COM6
2022-01-09_20:46:47: Sent $PING:0
2022-01-09_20:46:48: Read b'PONG:0\r\n'
2022-01-09_20:46:48: Port configured to COM6
2022-01-09_20:47:17: Ports detected: ['COM6']
2022-01-09_20:47:17: Checking port COM6
2022-01-09_20:47:17: Port configured to COM6
2022-01-09_20:47:19: Sent $PING:0
2022-01-09_20:47:20: Read b'PONG:0\r\n'
2022-01-09_20:47:20: Port configured to COM6
2022-01-09_20:47:29: Ports detected: ['COM6']
2022-01-09_20:47:29: Checking port COM6
2022-01-09_20:47:29: Port configured to COM6
2022-01-09_20:47:31: Sent $PING:0
2022-01-09_20:47:32: Read b'PONG:0\r\n'
2022-01-09_20:47:32: Port configured to COM6
2022-01-09_20:47:48: Ports detected: ['COM6']
2022-01-09_20:47:48: Checking port COM6
2022-01-09_20:47:48: Port configured to COM6
2022-01-09_20:47:50: Sent $PING:0
2022-01-09_20:47:51: Read b'PONG:0\r\n'
2022-01-09_20:47:51: Port configured to COM6
2022-01-09_20:48:35: Ports detected: ['COM6']
2022-01-09_20:48:35: Checking port COM6
2022-01-09_20:48:35: Port configured to COM6
2022-01-09_20:48:37: Sent $PING:0
2022-01-09_20:48:38: Read b'PONG:0\r\n'
2022-01-09_20:48:38: Port configured to COM6
2022-01-09_20:48:51: Ports detected: ['COM6']
2022-01-09_20:48:51: Checking port COM6
2022-01-09_20:48:51: Port configured to COM6
2022-01-09_20:48:53: Sent $PING:0
2022-01-09_20:48:54: Read b'PONG:0\r\n'
2022-01-09_20:48:54: Port configured to COM6
2022-01-09_20:49:10: Ports detected: ['COM6']
2022-01-09_20:49:10: Checking port COM6
2022-01-09_20:49:10: Port configured to COM6
2022-01-09_20:49:12: Sent $PING:0
2022-01-09_20:49:13: Read b'PONG:0\r\n'
2022-01-09_20:49:13: Port configured to COM6
2022-01-09_20:49:33: Ports detected: ['COM6']
2022-01-09_20:49:33: Checking port COM6
2022-01-09_20:49:33: Port configured to COM6
2022-01-09_20:49:35: Sent $PING:0
2022-01-09_20:49:36: Read b'PONG:0\r\n'
2022-01-09_20:49:36: Port configured to COM6
2022-01-09_20:54:25: Ports detected: ['COM6']
2022-01-09_20:54:25: Checking port COM6
2022-01-09_20:54:25: Port configured to COM6
2022-01-09_20:54:27: Sent $PING:0
2022-01-09_20:54:28: Read b'PONG:0\r\n'
2022-01-09_20:54:28: Port configured to COM6
2022-01-09_20:55:41: Ports detected: ['COM6']
2022-01-09_20:55:41: Checking port COM6
2022-01-09_20:55:41: Port configured to COM6
2022-01-09_20:55:43: Sent $PING:0
2022-01-09_20:55:44: Read b'PONG:0\r\n'
2022-01-09_20:55:44: Port configured to COM6
2022-01-09_20:56:03: Ports detected: ['COM6']
2022-01-09_20:56:03: Checking port COM6
2022-01-09_20:56:03: Port configured to COM6
2022-01-09_20:56:05: Sent $PING:0
2022-01-09_20:56:06: Read b'PONG:0\r\n'
2022-01-09_20:56:06: Port configured to COM6
2022-01-09_20:56:28: Ports detected: ['COM6']
2022-01-09_20:56:28: Checking port COM6
2022-01-09_20:56:28: Port configured to COM6
2022-01-09_20:56:30: Sent $PING:0
2022-01-09_20:56:31: Read b'PONG:0\r\n'
2022-01-09_20:56:31: Port configured to COM6
2022-01-09_20:57:06: Ports detected: ['COM6']
2022-01-09_20:57:06: Checking port COM6
2022-01-09_20:57:06: Port configured to COM6
2022-01-09_20:57:08: Sent $PING:0
2022-01-09_20:57:09: Read b'PONG:0\r\n'
2022-01-09_20:57:09: Port configured to COM6
2022-01-09_20:58:50: Ports detected: ['COM6']
2022-01-09_20:58:50: Checking port COM6
2022-01-09_20:58:50: Port configured to COM6
2022-01-09_20:58:52: Sent $PING:0
2022-01-09_20:58:53: Read b'PONG:0\r\n'
2022-01-09_20:58:53: Port configured to COM6
2022-01-09_21:00:40: Ports detected: ['COM6']
2022-01-09_21:00:40: Checking port COM6
2022-01-09_21:00:40: Port configured to COM6
2022-01-09_21:00:42: Sent $PING:0
2022-01-09_21:00:43: Read b'PONG:0\r\n'
2022-01-09_21:00:43: Port configured to COM6
2022-01-09_21:01:33: Ports detected: ['COM6']
2022-01-09_21:01:33: Checking port COM6
2022-01-09_21:01:33: Port configured to COM6
2022-01-09_21:01:35: Sent $PING:0
2022-01-09_21:01:36: Read b'PONG:0\r\n'
2022-01-09_21:01:36: Port configured to COM6
2022-01-09_21:02:39: Ports detected: ['COM6']
2022-01-09_21:02:39: Checking port COM6
2022-01-09_21:02:39: Port configured to COM6
2022-01-09_21:02:41: Sent $PING:0
2022-01-09_21:02:42: Read b'PONG:0\r\n'
2022-01-09_21:02:42: Port configured to COM6
2022-01-09_21:05:45: Ports detected: ['COM6']
2022-01-09_21:05:45: Checking port COM6
2022-01-09_21:05:45: Port configured to COM6
2022-01-09_21:05:47: Sent $PING:0
2022-01-09_21:05:48: Read b'PONG:0\r\n'
2022-01-09_21:05:48: Port configured to COM6
2022-01-09_21:09:19: Ports detected: ['COM6']
2022-01-09_21:09:19: Checking port COM6
2022-01-09_21:09:19: Port configured to COM6
2022-01-09_21:09:21: Sent $PING:0
2022-01-09_21:09:22: Read b'PONG:0\r\n'
2022-01-09_21:09:22: Port configured to COM6
2022-01-09_21:15:54: Ports detected: ['COM6']
2022-01-09_21:15:54: Checking port COM6
2022-01-09_21:15:54: Port configured to COM6
2022-01-09_21:15:56: Sent $PING:0
2022-01-09_21:15:57: Read b'PONG:0\r\n'
2022-01-09_21:15:57: Port configured to COM6
2022-01-09_21:16:45: Ports detected: ['COM6']
2022-01-09_21:16:45: Checking port COM6
2022-01-09_21:16:45: Port configured to COM6
2022-01-09_21:16:47: Sent $PING:0
2022-01-09_21:16:48: Read b'PONG:0\r\n'
2022-01-09_21:16:48: Port configured to COM6
2022-01-09_22:30:41: Ports detected: ['COM6']
2022-01-09_22:30:41: Checking port COM6
2022-01-09_22:30:41: Port configured to COM6
2022-01-09_22:30:43: Sent $PING:0
2022-01-09_22:30:44: Read b'PONG:0\r\n'
2022-01-09_22:30:44: Port configured to COM6
2022-01-09_22:32:21: Ports detected: ['COM6']
2022-01-09_22:32:21: Checking port COM6
2022-01-09_22:32:21: Port configured to COM6
2022-01-09_22:32:23: Sent $PING:0
2022-01-09_22:32:24: Read b'PONG:0\r\n'
2022-01-09_22:32:24: Port configured to COM6
2022-01-09_22:33:11: Ports detected: ['COM6']
2022-01-09_22:33:11: Checking port COM6
2022-01-09_22:33:11: Port configured to COM6
2022-01-09_22:33:13: Sent $PING:0
2022-01-09_22:33:14: Read b'PONG:0\r\n'
2022-01-09_22:33:14: Port configured to COM6
2022-01-09_22:41:34: Ports detected: ['COM6']
2022-01-09_22:41:34: Checking port COM6
2022-01-09_22:41:34: Port configured to COM6
2022-01-09_22:41:36: Sent $PING:0
2022-01-09_22:41:37: Read b'PONG:0\r\n'
2022-01-09_22:41:37: Port configured to COM6
2022-01-09_22:45:09: Ports detected: ['COM6']
2022-01-09_22:45:09: Checking port COM6
2022-01-09_22:45:09: Port configured to COM6
2022-01-09_22:45:11: Sent $PING:0
2022-01-09_22:45:12: Read b'PONG:0\r\n'
2022-01-09_22:45:12: Port configured to COM6
2022-01-09_22:47:22: Ports detected: ['COM6']
2022-01-09_22:47:22: Checking port COM6
2022-01-09_22:47:22: Port configured to COM6
2022-01-09_22:47:24: Sent $PING:0
2022-01-09_22:47:25: Read b'PONG:0\r\n'
2022-01-09_22:47:25: Port configured to COM6
2022-01-09_22:52:02: Ports detected: ['COM6']
2022-01-09_22:52:02: Checking port COM6
2022-01-09_22:52:02: Port configured to COM6
2022-01-09_22:52:04: Sent $PING:0
2022-01-09_22:52:05: Read b'PONG:0\r\n'
2022-01-09_22:52:05: Port configured to COM6
2022-01-09_22:56:40: Ports detected: ['COM6']
2022-01-09_22:56:40: Checking port COM6
2022-01-09_22:56:40: Port configured to COM6
2022-01-09_22:56:42: Sent $PING:0
2022-01-09_22:56:43: Read b'PONG:0\r\n'
2022-01-09_22:56:43: Port configured to COM6
2022-01-09_22:57:57: Ports detected: ['COM6']
2022-01-09_22:57:57: Checking port COM6
2022-01-09_22:57:57: Port configured to COM6
2022-01-09_22:57:59: Sent $PING:0
2022-01-09_22:58:00: Read b'PONG:0\r\n'
2022-01-09_22:58:00: Port configured to COM6
2022-01-09_22:58:51: Ports detected: ['COM6']
2022-01-09_22:58:51: Checking port COM6
2022-01-09_22:58:51: Port configured to COM6
2022-01-09_22:58:53: Sent $PING:0
2022-01-09_22:58:54: Read b'PONG:0\r\n'
2022-01-09_22:58:54: Port configured to COM6
2022-01-09_23:02:25: Ports detected: ['COM6']
2022-01-09_23:02:25: Checking port COM6
2022-01-09_23:02:25: Port configured to COM6
2022-01-09_23:02:27: Sent $PING:0
2022-01-09_23:02:28: Read b'PONG:0\r\n'
2022-01-09_23:02:28: Port configured to COM6
2022-01-09_23:03:34: Ports detected: ['COM6']
2022-01-09_23:03:34: Checking port COM6
2022-01-09_23:03:34: Port configured to COM6
2022-01-09_23:03:36: Sent $PING:0
2022-01-09_23:03:37: Read b'PONG:0\r\n'
2022-01-09_23:03:37: Port configured to COM6
2022-01-09_23:06:09: Ports detected: ['COM6']
2022-01-09_23:06:09: Checking port COM6
2022-01-09_23:06:09: Port configured to COM6
2022-01-09_23:06:11: Sent $PING:0
2022-01-09_23:06:12: Read b'PONG:0\r\n'
2022-01-09_23:06:12: Port configured to COM6
2022-01-09_23:08:37: Ports detected: ['COM6']
2022-01-09_23:08:37: Checking port COM6
2022-01-09_23:08:37: Port configured to COM6
2022-01-09_23:08:39: Sent $PING:0
2022-01-09_23:08:40: Read b'PONG:0\r\n'
2022-01-09_23:08:40: Port configured to COM6
2022-01-09_23:13:17: Ports detected: ['COM6']
2022-01-09_23:13:17: Checking port COM6
2022-01-09_23:13:17: Port configured to COM6
2022-01-09_23:13:19: Sent $PING:0
2022-01-09_23:13:20: Read b'PONG:0\r\n'
2022-01-09_23:13:20: Port configured to COM6
2022-01-09_23:14:11: Ports detected: ['COM6']
2022-01-09_23:14:11: Checking port COM6
2022-01-09_23:14:11: Port configured to COM6
2022-01-09_23:14:13: Sent $PING:0
2022-01-09_23:14:14: Read b'PONG:0\r\n'
2022-01-09_23:14:14: Port configured to COM6
2022-01-09_23:14:47: Ports detected: ['COM6']
2022-01-09_23:14:47: Checking port COM6
2022-01-09_23:14:47: Port configured to COM6
2022-01-09_23:14:49: Sent $PING:0
2022-01-09_23:14:50: Read b'PONG:0\r\n'
2022-01-09_23:14:50: Port configured to COM6
2022-01-09_23:18:46: Ports detected: ['COM6']
2022-01-09_23:18:46: Checking port COM6
2022-01-09_23:18:46: Port configured to COM6
2022-01-09_23:18:48: Sent $PING:0
2022-01-09_23:18:49: Read b'PONG:0\r\n'
2022-01-09_23:18:49: Port configured to COM6
2022-01-09_23:19:16: Ports detected: ['COM6']
2022-01-09_23:19:16: Checking port COM6
2022-01-09_23:19:16: Port configured to COM6
2022-01-09_23:19:18: Sent $PING:0
2022-01-09_23:19:19: Read b'PONG:0\r\n'
2022-01-09_23:19:19: Port configured to COM6
2022-01-09_23:20:39: Ports detected: ['COM6']
2022-01-09_23:20:39: Checking port COM6
2022-01-09_23:20:39: Port configured to COM6
2022-01-09_23:20:41: Sent $PING:0
2022-01-09_23:20:42: Read b'PONG:0\r\n'
2022-01-09_23:20:42: Port configured to COM6
2022-01-09_23:24:32: Ports detected: ['COM6']
2022-01-09_23:24:32: Checking port COM6
2022-01-09_23:24:32: Port configured to COM6
2022-01-09_23:24:34: Sent $PING:0
2022-01-09_23:24:35: Read b'PONG:0\r\n'
2022-01-09_23:24:35: Port configured to COM6
2022-01-09_23:25:42: Ports detected: ['COM6']
2022-01-09_23:25:42: Checking port COM6
2022-01-09_23:25:42: Port configured to COM6
2022-01-09_23:25:44: Sent $PING:0
2022-01-09_23:25:45: Read b'PONG:0\r\n'
2022-01-09_23:25:45: Port configured to COM6
2022-01-09_23:27:23: Ports detected: ['COM6']
2022-01-09_23:27:23: Checking port COM6
2022-01-09_23:27:23: Port configured to COM6
2022-01-09_23:27:25: Sent $PING:0
2022-01-09_23:27:26: Read b'PONG:0\r\n'
2022-01-09_23:27:26: Port configured to COM6
2022-01-09_23:28:44: Ports detected: ['COM6']
2022-01-09_23:28:44: Checking port COM6
2022-01-09_23:28:44: Port configured to COM6
2022-01-09_23:28:46: Sent $PING:0
2022-01-09_23:28:47: Read b'PONG:0\r\n'
2022-01-09_23:28:47: Port configured to COM6
2022-01-09_23:31:20: Ports detected: ['COM6']
2022-01-09_23:31:20: Checking port COM6
2022-01-09_23:31:20: Port configured to COM6
2022-01-09_23:31:22: Sent $PING:0
2022-01-09_23:31:23: Read b'PONG:0\r\n'
2022-01-09_23:31:23: Port configured to COM6
2022-01-09_23:31:57: Ports detected: ['COM6']
2022-01-09_23:31:57: Checking port COM6
2022-01-09_23:31:57: Port configured to COM6
2022-01-09_23:31:59: Sent $PING:0
2022-01-09_23:32:00: Read b'PONG:0\r\n'
2022-01-09_23:32:00: Port configured to COM6
2022-01-09_23:32:39: Ports detected: ['COM6']
2022-01-09_23:32:39: Checking port COM6
2022-01-09_23:32:39: Port configured to COM6
2022-01-09_23:32:41: Sent $PING:0
2022-01-09_23:32:42: Read b'PONG:0\r\n'
2022-01-09_23:32:42: Port configured to COM6
2022-01-09_23:33:23: Ports detected: ['COM6']
2022-01-09_23:33:23: Checking port COM6
2022-01-09_23:33:23: Port configured to COM6
2022-01-09_23:33:25: Sent $PING:0
2022-01-09_23:33:26: Read b'PONG:0\r\n'
2022-01-09_23:33:26: Port configured to COM6
2022-01-09_23:35:46: Ports detected: ['COM6']
2022-01-09_23:35:46: Checking port COM6
2022-01-09_23:35:46: Port configured to COM6
2022-01-09_23:35:48: Sent $PING:0
2022-01-09_23:35:49: Read b'PONG:0\r\n'
2022-01-09_23:35:49: Port configured to COM6
2022-01-09_23:37:32: Ports detected: ['COM6']
2022-01-09_23:37:32: Checking port COM6
2022-01-09_23:37:32: Port configured to COM6
2022-01-09_23:37:34: Sent $PING:0
2022-01-09_23:37:35: Read b'PONG:0\r\n'
2022-01-09_23:37:35: Port configured to COM6
2022-01-09_23:39:19: Ports detected: ['COM6']
2022-01-09_23:39:19: Checking port COM6
2022-01-09_23:39:19: Port configured to COM6
2022-01-09_23:39:21: Sent $PING:0
2022-01-09_23:39:22: Read b'PONG:0\r\n'
2022-01-09_23:39:22: Port configured to COM6
2022-01-09_23:39:47: Ports detected: ['COM6']
2022-01-09_23:39:47: Checking port COM6
2022-01-09_23:39:47: Port configured to COM6
2022-01-09_23:39:49: Sent $PING:0
2022-01-09_23:39:50: Read b'PONG:0\r\n'
2022-01-09_23:39:50: Port configured to COM6
2022-01-09_23:40:21: Ports detected: ['COM6']
2022-01-09_23:40:21: Checking port COM6
2022-01-09_23:40:21: Port configured to COM6
2022-01-09_23:40:23: Sent $PING:0
2022-01-09_23:40:24: Read b'PONG:0\r\n'
2022-01-09_23:40:24: Port configured to COM6
2022-01-09_23:43:03: Ports detected: ['COM6']
2022-01-09_23:43:03: Checking port COM6
2022-01-09_23:43:03: Port configured to COM6
2022-01-09_23:43:05: Sent $PING:0
2022-01-09_23:43:06: Read b'PONG:0\r\n'
2022-01-09_23:43:06: Port configured to COM6
2022-01-09_23:43:26: Ports detected: ['COM6']
2022-01-09_23:43:26: Checking port COM6
2022-01-09_23:43:26: Port configured to COM6
2022-01-09_23:43:28: Sent $PING:0
2022-01-09_23:43:29: Read b'PONG:0\r\n'
2022-01-09_23:43:29: Port configured to COM6
2022-01-09_23:44:03: Ports detected: ['COM6']
2022-01-09_23:44:03: Checking port COM6
2022-01-09_23:44:03: Port configured to COM6
2022-01-09_23:44:05: Sent $PING:0
2022-01-09_23:44:07: Read b'PONG:0\r\n'
2022-01-09_23:44:07: Port configured to COM6
2022-01-09_23:45:44: Ports detected: ['COM6']
2022-01-09_23:45:44: Checking port COM6
2022-01-09_23:45:44: Port configured to COM6
2022-01-09_23:45:46: Sent $PING:0
2022-01-09_23:45:47: Read b'PONG:0\r\n'
2022-01-09_23:45:47: Port configured to COM6
2022-01-09_23:46:38: Ports detected: ['COM6']
2022-01-09_23:46:38: Checking port COM6
2022-01-09_23:46:38: Port configured to COM6
2022-01-09_23:46:40: Sent $PING:0
2022-01-09_23:46:42: Read b'PONG:0\r\n'
2022-01-09_23:46:42: Port configured to COM6
2022-01-09_23:46:56: Ports detected: ['COM6']
2022-01-09_23:46:56: Checking port COM6
2022-01-09_23:46:56: Port configured to COM6
2022-01-09_23:46:58: Sent $PING:0
2022-01-09_23:46:59: Read b'PONG:0\r\n'
2022-01-09_23:46:59: Port configured to COM6
2022-01-09_23:47:30: Ports detected: ['COM6']
2022-01-09_23:47:30: Checking port COM6
2022-01-09_23:47:30: Port configured to COM6
2022-01-09_23:47:32: Sent $PING:0
2022-01-09_23:47:33: Read b'PONG:0\r\n'
2022-01-09_23:47:33: Port configured to COM6
2022-01-09_23:48:54: Ports detected: ['COM6']
2022-01-09_23:48:54: Checking port COM6
2022-01-09_23:48:54: Port configured to COM6
2022-01-09_23:48:56: Sent $PING:0
2022-01-09_23:48:57: Read b'PONG:0\r\n'
2022-01-09_23:48:57: Port configured to COM6
2022-01-09_23:50:23: Ports detected: ['COM6']
2022-01-09_23:50:23: Checking port COM6
2022-01-09_23:50:23: Port configured to COM6
2022-01-09_23:50:25: Sent $PING:0
2022-01-09_23:50:26: Read b'PONG:0\r\n'
2022-01-09_23:50:26: Port configured to COM6
2022-01-09_23:52:02: Ports detected: ['COM6']
2022-01-09_23:52:02: Checking port COM6
2022-01-09_23:52:02: Port configured to COM6
2022-01-09_23:52:04: Sent $PING:0
2022-01-09_23:52:05: Read b'PONG:0\r\n'
2022-01-09_23:52:05: Port configured to COM6
2022-01-09_23:52:44: Ports detected: ['COM6']
2022-01-09_23:52:44: Checking port COM6
2022-01-09_23:52:44: Port configured to COM6
2022-01-09_23:52:46: Sent $PING:0
2022-01-09_23:52:47: Read b'PONG:0\r\n'
2022-01-09_23:52:47: Port configured to COM6
2022-01-09_23:56:26: Ports detected: ['COM6']
2022-01-09_23:56:26: Checking port COM6
2022-01-09_23:56:26: Port configured to COM6
2022-01-09_23:56:28: Sent $PING:0
2022-01-09_23:56:29: Read b'PONG:0\r\n'
2022-01-09_23:56:29: Port configured to COM6
2022-01-09_23:57:11: Ports detected: ['COM6']
2022-01-09_23:57:11: Checking port COM6
2022-01-09_23:57:11: Port configured to COM6
2022-01-09_23:57:13: Sent $PING:0
2022-01-09_23:57:14: Read b'PONG:0\r\n'
2022-01-09_23:57:14: Port configured to COM6
2022-01-09_23:57:43: Ports detected: ['COM6']
2022-01-09_23:57:43: Checking port COM6
2022-01-09_23:57:43: Port configured to COM6
2022-01-09_23:57:45: Sent $PING:0
2022-01-09_23:57:46: Read b'PONG:0\r\n'
2022-01-09_23:57:46: Port configured to COM6
